Removed Pin From Net: NetName=5V_ELSE Pin=C22-1
Removed Pin From Net: NetName=5V_ELSE Pin=P3-4
Change Component DesignItemId : Designator=TP Old DesignItemId= New DesignItemId=2P
Change Component DesignItemId : Designator=U9 Old DesignItemId= New DesignItemId=HIP4082I
Change Component DesignItemId : Designator=U10 Old DesignItemId= New DesignItemId=HIP4082I
Change Component DesignItemId : Designator=L2 Old DesignItemId= New DesignItemId=Inductor
Change Component DesignItemId : Designator=LED1 Old DesignItemId= New DesignItemId=LED
Change Component DesignItemId : Designator=U7 Old DesignItemId= New DesignItemId=MC34063
Change Component DesignItemId : Designator=C1 Old DesignItemId= New DesignItemId=pol cap
Change Component DesignItemId : Designator=C3 Old DesignItemId= New DesignItemId=pol cap
Change Component DesignItemId : Designator=C4 Old DesignItemId= New DesignItemId=pol cap
Change Component DesignItemId : Designator=C5 Old DesignItemId= New DesignItemId=pol cap
Change Component DesignItemId : Designator=C9 Old DesignItemId= New DesignItemId=pol cap
Change Component DesignItemId : Designator=C11 Old DesignItemId= New DesignItemId=pol cap
Change Component DesignItemId : Designator=R3 Old DesignItemId= New DesignItemId=Res
Change Component DesignItemId : Designator=R4 Old DesignItemId= New DesignItemId=Res
Change Component DesignItemId : Designator=R5 Old DesignItemId= New DesignItemId=Res
Change Component DesignItemId : Designator=R6 Old DesignItemId= New DesignItemId=Res
Change Component DesignItemId : Designator=R7 Old DesignItemId= New DesignItemId=Res
Change Component DesignItemId : Designator=R8 Old DesignItemId= New DesignItemId=Res
Change Component DesignItemId : Designator=R9 Old DesignItemId= New DesignItemId=Res
Change Component DesignItemId : Designator=R10 Old DesignItemId= New DesignItemId=Res
Change Component DesignItemId : Designator=R11 Old DesignItemId= New DesignItemId=Res
Change Component DesignItemId : Designator=R12 Old DesignItemId= New DesignItemId=Res
Change Component DesignItemId : Designator=R13 Old DesignItemId= New DesignItemId=Res
Change Component DesignItemId : Designator=R14 Old DesignItemId= New DesignItemId=Res
Change Component DesignItemId : Designator=R15 Old DesignItemId= New DesignItemId=Res
Change Component DesignItemId : Designator=R16 Old DesignItemId= New DesignItemId=Res
Change Component DesignItemId : Designator=R17 Old DesignItemId= New DesignItemId=Res
Change Component DesignItemId : Designator=R18 Old DesignItemId= New DesignItemId=Res
Change Component DesignItemId : Designator=R19 Old DesignItemId= New DesignItemId=Res
Change Component DesignItemId : Designator=R20 Old DesignItemId= New DesignItemId=Res
Change Component DesignItemId : Designator=R21 Old DesignItemId= New DesignItemId=Res
Change Component DesignItemId : Designator=R22 Old DesignItemId= New DesignItemId=Res
Change Component DesignItemId : Designator=R23 Old DesignItemId= New DesignItemId=Res
Change Component DesignItemId : Designator=R24 Old DesignItemId= New DesignItemId=Res
Change Component DesignItemId : Designator=R25 Old DesignItemId= New DesignItemId=Res
Change Component DesignItemId : Designator=R26 Old DesignItemId= New DesignItemId=Res
Change Component DesignItemId : Designator=R27 Old DesignItemId= New DesignItemId=Res
Change Component DesignItemId : Designator=R28 Old DesignItemId= New DesignItemId=Res
Change Component DesignItemId : Designator=R29 Old DesignItemId= New DesignItemId=Res
Change Component DesignItemId : Designator=R30 Old DesignItemId= New DesignItemId=Res
Change Component DesignItemId : Designator=D1 Old DesignItemId= New DesignItemId=二极管
Change Component DesignItemId : Designator=D2 Old DesignItemId= New DesignItemId=二极管
Change Component DesignItemId : Designator=D3 Old DesignItemId= New DesignItemId=二极管
Change Component DesignItemId : Designator=D4 Old DesignItemId= New DesignItemId=二极管
Change Component DesignItemId : Designator=D5 Old DesignItemId= New DesignItemId=二极管
Change Component DesignItemId : Designator=D6 Old DesignItemId= New DesignItemId=二极管
Change Component DesignItemId : Designator=D7 Old DesignItemId= New DesignItemId=二极管
Change Component DesignItemId : Designator=D8 Old DesignItemId= New DesignItemId=二极管
Change Component DesignItemId : Designator=D9 Old DesignItemId= New DesignItemId=二极管
Change Component DesignItemId : Designator=D10 Old DesignItemId= New DesignItemId=二极管
Change Component DesignItemId : Designator=D11 Old DesignItemId= New DesignItemId=二极管
Change Component DesignItemId : Designator=D12 Old DesignItemId= New DesignItemId=二极管
Change Component DesignItemId : Designator=D13 Old DesignItemId= New DesignItemId=二极管
Change Component DesignItemId : Designator=K1 Old DesignItemId= New DesignItemId=六脚开关
Change Component DesignItemId : Designator=P1 Old DesignItemId=Hea New DesignItemId=He
Change Component DesignItemId : Designator=P2 Old DesignItemId=Hea New DesignItemId=He
Change Component DesignItemId : Designator=P3 Old DesignItemId=Hea New DesignItemId=He
Change Component DesignItemId : Designator=T2 Old DesignItemId=N New DesignItemId=N_MOS(IRLR7843)
Change Component DesignItemId : Designator=T3 Old DesignItemId=N New DesignItemId=N_MOS(IRLR7843)
Change Component DesignItemId : Designator=T4 Old DesignItemId=N New DesignItemId=N_MOS(IRLR7843)
Change Component DesignItemId : Designator=T5 Old DesignItemId=N New DesignItemId=N_MOS(IRLR7843)
Change Component DesignItemId : Designator=T6 Old DesignItemId=N New DesignItemId=N_MOS(IRLR7843)
Change Component DesignItemId : Designator=T7 Old DesignItemId=N New DesignItemId=N_MOS(IRLR7843)
Change Component DesignItemId : Designator=T8 Old DesignItemId=N New DesignItemId=N_MOS(IRLR7843)
Change Component DesignItemId : Designator=T9 Old DesignItemId=N New DesignItemId=N_MOS(IRLR7843)
Change Component DesignItemId : Designator=S1 Old DesignItemId=拨? New DesignItemId=拨码开关(4位)(贴片)
Change Component Description : Designator=T2 Old Description= New Description=IRLR7843
Change Component Description : Designator=T3 Old Description= New Description=IRLR7843
Change Component Description : Designator=T4 Old Description= New Description=IRLR7843
Change Component Description : Designator=T5 Old Description= New Description=IRLR7843
Change Component Description : Designator=T6 Old Description= New Description=IRLR7843
Change Component Description : Designator=T7 Old Description= New Description=IRLR7843
Change Component Description : Designator=T8 Old Description= New Description=IRLR7843
Change Component Description : Designator=T9 Old Description= New Description=IRLR7843
Change Component Description : Designator=K1 Old Description= New Description=六脚开关
Change Component Description : Designator=LED1 Old Description= New Description=发光二极管
Change Component Description : Designator=S1 Old Description= New Description=拨码开关（4位）
Change Component Description : Designator=U2 Old Description= New Description=稳压元件（3.3V）
Change Component Description : Designator=U1 Old Description= New Description=稳压元件（5V）
Change Component Description : Designator=U3 Old Description= New Description=稳压元件（5V）
Change Component Description : Designator=C1 Old Description= New Description=通用有极电容
Change Component Description : Designator=C3 Old Description= New Description=通用有极电容
Change Component Description : Designator=C4 Old Description= New Description=通用有极电容
Change Component Description : Designator=C5 Old Description= New Description=通用有极电容
Change Component Description : Designator=C9 Old Description= New Description=通用有极电容
Change Component Description : Designator=C11 Old Description= New Description=通用有极电容
Change Component Description : Designator=R3 Old Description= New Description=通用电阻
Change Component Description : Designator=R4 Old Description= New Description=通用电阻
Change Component Description : Designator=R5 Old Description= New Description=通用电阻
Change Component Description : Designator=R6 Old Description= New Description=通用电阻
Change Component Description : Designator=R7 Old Description= New Description=通用电阻
Change Component Description : Designator=R8 Old Description= New Description=通用电阻
Change Component Description : Designator=R9 Old Description= New Description=通用电阻
Change Component Description : Designator=R10 Old Description= New Description=通用电阻
Change Component Description : Designator=R11 Old Description= New Description=通用电阻
Change Component Description : Designator=R12 Old Description= New Description=通用电阻
Change Component Description : Designator=R13 Old Description= New Description=通用电阻
Change Component Description : Designator=R14 Old Description= New Description=通用电阻
Change Component Description : Designator=R15 Old Description= New Description=通用电阻
Change Component Description : Designator=R16 Old Description= New Description=通用电阻
Change Component Description : Designator=R17 Old Description= New Description=通用电阻
Change Component Description : Designator=R18 Old Description= New Description=通用电阻
Change Component Description : Designator=R19 Old Description= New Description=通用电阻
Change Component Description : Designator=R20 Old Description= New Description=通用电阻
Change Component Description : Designator=R21 Old Description= New Description=通用电阻
Change Component Description : Designator=R22 Old Description= New Description=通用电阻
Change Component Description : Designator=R23 Old Description= New Description=通用电阻
Change Component Description : Designator=R24 Old Description= New Description=通用电阻
Change Component Description : Designator=R25 Old Description= New Description=通用电阻
Change Component Description : Designator=R26 Old Description= New Description=通用电阻
Change Component Description : Designator=R27 Old Description= New Description=通用电阻
Change Component Description : Designator=R28 Old Description= New Description=通用电阻
Change Component Description : Designator=R29 Old Description= New Description=通用电阻
Change Component Description : Designator=R30 Old Description= New Description=通用电阻
Change Component Description : Designator=P1 Old Description=Header, 4-P New Description=Header, 4-Pin
Change Component Description : Designator=P2 Old Description=Header, 4-P New Description=Header, 4-Pin
Change Component Description : Designator=P3 Old Description=Header, 4-P New Description=Header, 4-Pin
Change Component Description : Designator=C15 Old Description=Polarized Capacitor (Rad New Description=Polarized Capacitor (Radial)
Change Component Description : Designator=R35 Old Description=通用 New Description=通用电阻
Change Component Description : Designator=R36 Old Description=通用 New Description=通用电阻
Change Component Description : Designator=R37 Old Description=通用 New Description=通用电阻
Change Component Description : Designator=R38 Old Description=通用 New Description=通用电阻
Change Component Library : Designator=TP Old Library=JMU智能车专 New Library=JMU智能车专用.SchLib
Change Component Library : Designator=L2 Old Library=JMU智能车专用 New Library=JMU智能车专用元件库1.1.IntLib
Change Component Library : Designator=U7 Old Library=JMU智能车专用元件库1.1 New Library=JMU智能车专用元件库1.1.IntLib
Change Component Library : Designator=U9 Old Library=JMU智能车专用元件库1.1 New Library=JMU智能车专用元件库1.1.IntLib
Change Component Library : Designator=U10 Old Library=JMU智能车专用元件库1.1 New Library=JMU智能车专用元件库1.1.IntLib
Change Component Library : Designator=D1 Old Library=JMU智能车专用元件库 New Library=JMU智能车专用元件库1.1.IntLib
Change Component Library : Designator=D2 Old Library=JMU智能车专用元件库 New Library=JMU智能车专用元件库1.1.IntLib
Change Component Library : Designator=D3 Old Library=JMU智能车专用元件库 New Library=JMU智能车专用元件库1.1.IntLib
Change Component Library : Designator=D4 Old Library=JMU智能车专用元件库 New Library=JMU智能车专用元件库1.1.IntLib
Change Component Library : Designator=D5 Old Library=JMU智能车专用元件库 New Library=JMU智能车专用元件库1.1.IntLib
Change Component Library : Designator=D6 Old Library=JMU智能车专用元件库 New Library=JMU智能车专用元件库1.1.IntLib
Change Component Library : Designator=D7 Old Library=JMU智能车专用元件库 New Library=JMU智能车专用元件库1.1.IntLib
Change Component Library : Designator=D8 Old Library=JMU智能车专用元件库 New Library=JMU智能车专用元件库1.1.IntLib
Change Component Library : Designator=D9 Old Library=JMU智能车专用元件库 New Library=JMU智能车专用元件库1.1.IntLib
Change Component Library : Designator=D10 Old Library=JMU智能车专用元件库 New Library=JMU智能车专用元件库1.1.IntLib
Change Component Library : Designator=D11 Old Library=JMU智能车专用元件库 New Library=JMU智能车专用元件库1.1.IntLib
Change Component Library : Designator=D12 Old Library=JMU智能车专用元件库 New Library=JMU智能车专用元件库1.1.IntLib
Change Component Library : Designator=D13 Old Library=JMU智能车专用元件库 New Library=JMU智能车专用元件库1.1.IntLib
Added Pin To Net: NetName=5V_MCU Pin=C22-1
Added Pin To Net: NetName=5V_MCU Pin=P3-4
