Change Component DesignItemId : Designator=TP Old DesignItemId= New DesignItemId=2P
Change Component DesignItemId : Designator=U9 Old DesignItemId= New DesignItemId=H
Change Component DesignItemId : Designator=U10 Old DesignItemId= New DesignItemId=H
Change Component DesignItemId : Designator=L2 Old DesignItemId= New DesignItemId=I
Change Component DesignItemId : Designator=JMU? Old DesignItemId= New DesignItemId=JMU-
Change Component DesignItemId : Designator=LED1 Old DesignItemId= New DesignItemId=LED
Change Component DesignItemId : Designator=U7 Old DesignItemId= New DesignItemId=MC34063
Change Component DesignItemId : Designator=C1 Old DesignItemId= New DesignItemId=pol cap
Change Component DesignItemId : Designator=C3 Old DesignItemId= New DesignItemId=pol cap
Change Component DesignItemId : Designator=C4 Old DesignItemId= New DesignItemId=pol cap
Change Component DesignItemId : Designator=C5 Old DesignItemId= New DesignItemId=pol cap
Change Component DesignItemId : Designator=C9 Old DesignItemId= New DesignItemId=pol cap
Change Component DesignItemId : Designator=C11 Old DesignItemId= New DesignItemId=pol cap
Change Component DesignItemId : Designator=R3 Old DesignItemId= New DesignItemId=Res
Change Component DesignItemId : Designator=R4 Old DesignItemId= New DesignItemId=Res
Change Component DesignItemId : Designator=R5 Old DesignItemId= New DesignItemId=Res
Change Component DesignItemId : Designator=R6 Old DesignItemId= New DesignItemId=Res
Change Component DesignItemId : Designator=R7 Old DesignItemId= New DesignItemId=Res
Change Component DesignItemId : Designator=R8 Old DesignItemId= New DesignItemId=Res
Change Component DesignItemId : Designator=R9 Old DesignItemId= New DesignItemId=Res
Change Component DesignItemId : Designator=R10 Old DesignItemId= New DesignItemId=Res
Change Component DesignItemId : Designator=R11 Old DesignItemId= New DesignItemId=Res
Change Component DesignItemId : Designator=R12 Old DesignItemId= New DesignItemId=Res
Change Component DesignItemId : Designator=R13 Old DesignItemId= New DesignItemId=Res
Change Component DesignItemId : Designator=R14 Old DesignItemId= New DesignItemId=Res
Change Component DesignItemId : Designator=R15 Old DesignItemId= New DesignItemId=Res
Change Component DesignItemId : Designator=R16 Old DesignItemId= New DesignItemId=Res
Change Component DesignItemId : Designator=R17 Old DesignItemId= New DesignItemId=Res
Change Component DesignItemId : Designator=R18 Old DesignItemId= New DesignItemId=Res
Change Component DesignItemId : Designator=R19 Old DesignItemId= New DesignItemId=Res
Change Component DesignItemId : Designator=R20 Old DesignItemId= New DesignItemId=Res
Change Component DesignItemId : Designator=R21 Old DesignItemId= New DesignItemId=Res
Change Component DesignItemId : Designator=R22 Old DesignItemId= New DesignItemId=Res
Change Component DesignItemId : Designator=R23 Old DesignItemId= New DesignItemId=Res
Change Component DesignItemId : Designator=R24 Old DesignItemId= New DesignItemId=Res
Change Component DesignItemId : Designator=R25 Old DesignItemId= New DesignItemId=Res
Change Component DesignItemId : Designator=R26 Old DesignItemId= New DesignItemId=Res
Change Component DesignItemId : Designator=R27 Old DesignItemId= New DesignItemId=Res
Change Component DesignItemId : Designator=R28 Old DesignItemId= New DesignItemId=Res
Change Component DesignItemId : Designator=R29 Old DesignItemId= New DesignItemId=Res
Change Component DesignItemId : Designator=R30 Old DesignItemId= New DesignItemId=Res
Change Component DesignItemId : Designator=D1 Old DesignItemId= New DesignItemId=二极管
Change Component DesignItemId : Designator=D2 Old DesignItemId= New DesignItemId=二极管
Change Component DesignItemId : Designator=D3 Old DesignItemId= New DesignItemId=二极管
Change Component DesignItemId : Designator=D4 Old DesignItemId= New DesignItemId=二极管
Change Component DesignItemId : Designator=D5 Old DesignItemId= New DesignItemId=二极管
Change Component DesignItemId : Designator=D6 Old DesignItemId= New DesignItemId=二极管
Change Component DesignItemId : Designator=D7 Old DesignItemId= New DesignItemId=二极管
Change Component DesignItemId : Designator=D8 Old DesignItemId= New DesignItemId=二极管
Change Component DesignItemId : Designator=D9 Old DesignItemId= New DesignItemId=二极管
Change Component DesignItemId : Designator=D10 Old DesignItemId= New DesignItemId=二极管
Change Component DesignItemId : Designator=D11 Old DesignItemId= New DesignItemId=二极管
Change Component DesignItemId : Designator=D12 Old DesignItemId= New DesignItemId=二极管
Change Component DesignItemId : Designator=D13 Old DesignItemId= New DesignItemId=二极管
Change Component DesignItemId : Designator=K3 Old DesignItemId= New DesignItemId=五轴按键（大）
Change Component DesignItemId : Designator=K1 Old DesignItemId= New DesignItemId=六脚开关
Change Component DesignItemId : Designator=P1 Old DesignItemId=Heade New DesignItemId=Head
Change Component DesignItemId : Designator=P2 Old DesignItemId=Heade New DesignItemId=Head
Change Component DesignItemId : Designator=P3 Old DesignItemId=Heade New DesignItemId=Head
Change Component DesignItemId : Designator=T2 Old DesignItemId=N_MOS(IR New DesignItemId=N
Change Component DesignItemId : Designator=T3 Old DesignItemId=N_MOS(IR New DesignItemId=N
Change Component DesignItemId : Designator=T4 Old DesignItemId=N_MOS(IR New DesignItemId=N
Change Component DesignItemId : Designator=T5 Old DesignItemId=N_MOS(IR New DesignItemId=N
Change Component DesignItemId : Designator=T6 Old DesignItemId=N_MOS(IR New DesignItemId=N
Change Component DesignItemId : Designator=T7 Old DesignItemId=N_MOS(IR New DesignItemId=N
Change Component DesignItemId : Designator=T8 Old DesignItemId=N_MOS(IR New DesignItemId=N
Change Component DesignItemId : Designator=T9 Old DesignItemId=N_MOS(IR New DesignItemId=N
Change Component DesignItemId : Designator=S1 Old DesignItemId=拨? New DesignItemId=拨码开关(4位)(贴片)
Change Component Description : Designator=T2 Old Description= New Description=IRLR7843
Change Component Description : Designator=T3 Old Description= New Description=IRLR7843
Change Component Description : Designator=T4 Old Description= New Description=IRLR7843
Change Component Description : Designator=T5 Old Description= New Description=IRLR7843
Change Component Description : Designator=T6 Old Description= New Description=IRLR7843
Change Component Description : Designator=T7 Old Description= New Description=IRLR7843
Change Component Description : Designator=T8 Old Description= New Description=IRLR7843
Change Component Description : Designator=T9 Old Description= New Description=IRLR7843
Change Component Description : Designator=K1 Old Description= New Description=六脚开关
Change Component Description : Designator=LED1 Old Description= New Description=发光二极管
Change Component Description : Designator=S1 Old Description= New Description=拨码开关（4位）
Change Component Description : Designator=U2 Old Description= New Description=稳压元件（3.3V）
Change Component Description : Designator=U1 Old Description= New Description=稳压元件（5V）
Change Component Description : Designator=U3 Old Description= New Description=稳压元件（5V）
Change Component Description : Designator=C1 Old Description= New Description=通用有极电容
Change Component Description : Designator=C3 Old Description= New Description=通用有极电容
Change Component Description : Designator=C4 Old Description= New Description=通用有极电容
Change Component Description : Designator=C5 Old Description= New Description=通用有极电容
Change Component Description : Designator=C9 Old Description= New Description=通用有极电容
Change Component Description : Designator=C11 Old Description= New Description=通用有极电容
Change Component Description : Designator=R3 Old Description= New Description=通用电阻
Change Component Description : Designator=R4 Old Description= New Description=通用电阻
Change Component Description : Designator=R5 Old Description= New Description=通用电阻
Change Component Description : Designator=R6 Old Description= New Description=通用电阻
Change Component Description : Designator=R7 Old Description= New Description=通用电阻
Change Component Description : Designator=R8 Old Description= New Description=通用电阻
Change Component Description : Designator=R9 Old Description= New Description=通用电阻
Change Component Description : Designator=R10 Old Description= New Description=通用电阻
Change Component Description : Designator=R11 Old Description= New Description=通用电阻
Change Component Description : Designator=R12 Old Description= New Description=通用电阻
Change Component Description : Designator=R13 Old Description= New Description=通用电阻
Change Component Description : Designator=R14 Old Description= New Description=通用电阻
Change Component Description : Designator=R15 Old Description= New Description=通用电阻
Change Component Description : Designator=R16 Old Description= New Description=通用电阻
Change Component Description : Designator=R17 Old Description= New Description=通用电阻
Change Component Description : Designator=R18 Old Description= New Description=通用电阻
Change Component Description : Designator=R19 Old Description= New Description=通用电阻
Change Component Description : Designator=R20 Old Description= New Description=通用电阻
Change Component Description : Designator=R21 Old Description= New Description=通用电阻
Change Component Description : Designator=R22 Old Description= New Description=通用电阻
Change Component Description : Designator=R23 Old Description= New Description=通用电阻
Change Component Description : Designator=R24 Old Description= New Description=通用电阻
Change Component Description : Designator=R25 Old Description= New Description=通用电阻
Change Component Description : Designator=R26 Old Description= New Description=通用电阻
Change Component Description : Designator=R27 Old Description= New Description=通用电阻
Change Component Description : Designator=R28 Old Description= New Description=通用电阻
Change Component Description : Designator=R29 Old Description= New Description=通用电阻
Change Component Description : Designator=R30 Old Description= New Description=通用电阻
Change Component Description : Designator=P1 Old Description=Header, 4-P New Description=Header, 4-Pin
Change Component Description : Designator=P2 Old Description=Header, 4-P New Description=Header, 4-Pin
Change Component Description : Designator=P3 Old Description=Header, 4-P New Description=Header, 4-Pin
Change Component Description : Designator=C15 Old Description=Polarized Capacitor (Rad New Description=Polarized Capacitor (Radial)
Change Component Description : Designator=R35 Old Description=通用 New Description=通用电阻
Change Component Description : Designator=R36 Old Description=通用 New Description=通用电阻
Change Component Description : Designator=R37 Old Description=通用 New Description=通用电阻
Change Component Description : Designator=R38 Old Description=通用 New Description=通用电阻
Change Component Library : Designator=K3 Old Library=jmu智能车 New Library=jmu智能车专用2.0.7.intlib
Change Component Library : Designator=TP Old Library=JMU智能车专 New Library=JMU智能车专用.SchLib
Change Component Library : Designator=JMU? Old Library=JMU智能车专用2.0 New Library=JMU智能车专用2.0.1.IntLib
Change Component Library : Designator=L2 Old Library=JMU智能车专用 New Library=JMU智能车专用元件库1.1.IntLib
Change Component Library : Designator=U7 Old Library=JMU智能车专用元件库1.1 New Library=JMU智能车专用元件库1.1.IntLib
Change Component Library : Designator=D1 Old Library=JMU智能车专用元件库 New Library=JMU智能车专用元件库1.1.IntLib
Change Component Library : Designator=D2 Old Library=JMU智能车专用元件库 New Library=JMU智能车专用元件库1.1.IntLib
Change Component Library : Designator=D3 Old Library=JMU智能车专用元件库 New Library=JMU智能车专用元件库1.1.IntLib
Change Component Library : Designator=D4 Old Library=JMU智能车专用元件库 New Library=JMU智能车专用元件库1.1.IntLib
Change Component Library : Designator=D5 Old Library=JMU智能车专用元件库 New Library=JMU智能车专用元件库1.1.IntLib
Change Component Library : Designator=D6 Old Library=JMU智能车专用元件库 New Library=JMU智能车专用元件库1.1.IntLib
Change Component Library : Designator=D7 Old Library=JMU智能车专用元件库 New Library=JMU智能车专用元件库1.1.IntLib
Change Component Library : Designator=D8 Old Library=JMU智能车专用元件库 New Library=JMU智能车专用元件库1.1.IntLib
Change Component Library : Designator=D9 Old Library=JMU智能车专用元件库 New Library=JMU智能车专用元件库1.1.IntLib
Change Component Library : Designator=D10 Old Library=JMU智能车专用元件库 New Library=JMU智能车专用元件库1.1.IntLib
Change Component Library : Designator=D11 Old Library=JMU智能车专用元件库 New Library=JMU智能车专用元件库1.1.IntLib
Change Component Library : Designator=D12 Old Library=JMU智能车专用元件库 New Library=JMU智能车专用元件库1.1.IntLib
Change Component Library : Designator=D13 Old Library=JMU智能车专用元件库 New Library=JMU智能车专用元件库1.1.IntLib
Added Component: Designator=Q_KEAP80SYSVK(LQ_KEAP80SYSVK)
Added Pin To Net: NetName=ADC_CH4 Pin=Q_KEAP80SYSVK-5
Added Pin To Net: NetName=ADC_CH3 Pin=Q_KEAP80SYSVK-6
Added Pin To Net: NetName=IIC_CLK Pin=Q_KEAP80SYSVK-17
Added Pin To Net: NetName=IIC_SDA Pin=Q_KEAP80SYSVK-18
Added Pin To Net: NetName=ADC_CH2 Pin=Q_KEAP80SYSVK-19
Added Pin To Net: NetName=B1 Pin=Q_KEAP80SYSVK-21
Added Pin To Net: NetName=B2 Pin=Q_KEAP80SYSVK-22
Added Pin To Net: NetName=B3 Pin=Q_KEAP80SYSVK-23
Added Pin To Net: NetName=B4 Pin=Q_KEAP80SYSVK-24
Added Pin To Net: NetName=FTM_IO1 Pin=Q_KEAP80SYSVK-30
Added Pin To Net: NetName=FTM_PIN1 Pin=Q_KEAP80SYSVK-32
Added Pin To Net: NetName=5V_MCU Pin=Q_KEAP80SYSVK-37
Added Pin To Net: NetName=A_GND Pin=Q_KEAP80SYSVK-38
Added Pin To Net: NetName=A_GND Pin=Q_KEAP80SYSVK-39
Added Pin To Net: NetName=ADC_CH1 Pin=Q_KEAP80SYSVK-45
Added Pin To Net: NetName=PWM_CH1 Pin=Q_KEAP80SYSVK-48
Added Pin To Net: NetName=PWM_CH2 Pin=Q_KEAP80SYSVK-49
Added Pin To Net: NetName=PWM_CH4 Pin=Q_KEAP80SYSVK-55
Added Pin To Net: NetName=PWM_CH3 Pin=Q_KEAP80SYSVK-56
Added Pin To Net: NetName=F2 Pin=Q_KEAP80SYSVK-59
Added Pin To Net: NetName=F1 Pin=Q_KEAP80SYSVK-60
Added Pin To Net: NetName=F5 Pin=Q_KEAP80SYSVK-61
Added Pin To Net: NetName=F3 Pin=Q_KEAP80SYSVK-62
Added Pin To Net: NetName=F4 Pin=Q_KEAP80SYSVK-65
Added Pin To Net: NetName=FTM_PIN2 Pin=Q_KEAP80SYSVK-69
Added Pin To Net: NetName=FTM_IO2 Pin=Q_KEAP80SYSVK-71
Added Pin To Net: NetName=A_GND Pin=Q_KEAP80SYSVK-75
Added Pin To Net: NetName=5V_MCU Pin=Q_KEAP80SYSVK-76
Added Member To Class: ClassName=SMT2 Member=Component Q_KEAP80SYSVK LQ_KEAP80SYSVK
