Removed Pin From Net: NetName=A_GND Pin=U1-1
Removed Pin From Net: NetName=5V_MCU Pin=U1-2
Removed Pin From Net: NetName=PWM_CH4 Pin=U1-3
Removed Pin From Net: NetName=PWM_CH3 Pin=U1-4
Removed Pin From Net: NetName=FTM_IO1 Pin=U1-7
Removed Pin From Net: NetName=FTM_PIN2 Pin=U1-8
Change Component Designator: OldDesignator=U1 NewDesignator=MK
Added Pin To Net: NetName=A_GND Pin=MK-1
Added Pin To Net: NetName=5V_MCU Pin=MK-2
Added Pin To Net: NetName=PWM_CH4 Pin=MK-3
Added Pin To Net: NetName=PWM_CH3 Pin=MK-4
Added Pin To Net: NetName=FTM_IO1 Pin=MK-7
Added Pin To Net: NetName=FTM_PIN2 Pin=MK-8
Added Pin To Net: NetName=BUZZER Pin=MK-9
Added Pin To Net: NetName=NetC17_2 Pin=MK-10
Added Pin To Net: NetName=A_GND Pin=MK-11
Added Pin To Net: NetName=SWITCH1 Pin=MK-15
Added Pin To Net: NetName=SWITCH2 Pin=MK-16
Added Pin To Net: NetName=SWITCH3 Pin=MK-17
Added Pin To Net: NetName=SWITCH4 Pin=MK-18
Added Pin To Net: NetName=KEY5 Pin=MK-21
Added Pin To Net: NetName=KEY4 Pin=MK-22
Added Pin To Net: NetName=KEY3 Pin=MK-23
Added Pin To Net: NetName=KEY2 Pin=MK-24
Added Pin To Net: NetName=KEY1 Pin=MK-25
Added Pin To Net: NetName=PWM_CH2 Pin=MK-28
Added Pin To Net: NetName=PWM_CH1 Pin=MK-29
Added Pin To Net: NetName=ADC_CH4 Pin=MK-32
Added Pin To Net: NetName=ADC_CH3 Pin=MK-33
Added Pin To Net: NetName=ADC_CH2 Pin=MK-34
Added Pin To Net: NetName=ADC_CH1 Pin=MK-35
Added Pin To Net: NetName=TX Pin=MK-40
Added Pin To Net: NetName=RX Pin=MK-41
Added Pin To Net: NetName=IIC_CLK Pin=MK-54
Added Pin To Net: NetName=IIC_SDA Pin=MK-55
Added Pin To Net: NetName=OLED_DC Pin=MK-64
Added Pin To Net: NetName=OLED_RST Pin=MK-65
Added Pin To Net: NetName=OLED_SDA Pin=MK-66
Added Pin To Net: NetName=OLED_CLK Pin=MK-67
Added Pin To Net: NetName=FTM_PIN1 Pin=MK-69
Added Pin To Net: NetName=FTM_IO2 Pin=MK-70
Added Pin To Net: NetName=A_GND Pin=MK-71
Added Pin To Net: NetName=A_GND Pin=MK-72
Added Pin To Net: NetName=S_GND Pin=U1-1
Added Pin To Net: NetName=S_GND Pin=U1-2
Added Pin To Net: NetName=VCC7.2V Pin=U1-3
Added Pin To Net: NetName=VCC7.2V Pin=U1-4
Added Pin To Net: NetName=5V_ELSE Pin=U1-7
Added Member To Class: ClassName=SMT2 Member=Component U1 TPS7350
