Change Component DesignItemId : Designator=U9 Old DesignItemId= New DesignItemId=HIP4082I
Change Component DesignItemId : Designator=U10 Old DesignItemId= New DesignItemId=HIP4082I
Change Component DesignItemId : Designator=L2 Old DesignItemId= New DesignItemId=Inductor
Change Component DesignItemId : Designator=LED1 Old DesignItemId= New DesignItemId=LED
Change Component DesignItemId : Designator=U7 Old DesignItemId= New DesignItemId=MC34063
Change Component DesignItemId : Designator=T2 Old DesignItemId= New DesignItemId=N_MOS(IRLR7843)
Change Component DesignItemId : Designator=T3 Old DesignItemId= New DesignItemId=N_MOS(IRLR7843)
Change Component DesignItemId : Designator=T4 Old DesignItemId= New DesignItemId=N_MOS(IRLR7843)
Change Component DesignItemId : Designator=T5 Old DesignItemId= New DesignItemId=N_MOS(IRLR7843)
Change Component DesignItemId : Designator=T6 Old DesignItemId= New DesignItemId=N_MOS(IRLR7843)
Change Component DesignItemId : Designator=T7 Old DesignItemId= New DesignItemId=N_MOS(IRLR7843)
Change Component DesignItemId : Designator=T8 Old DesignItemId= New DesignItemId=N_MOS(IRLR7843)
Change Component DesignItemId : Designator=T9 Old DesignItemId= New DesignItemId=N_MOS(IRLR7843)
Change Component DesignItemId : Designator=C1 Old DesignItemId= New DesignItemId=pol cap
Change Component DesignItemId : Designator=C3 Old DesignItemId= New DesignItemId=pol cap
Change Component DesignItemId : Designator=C4 Old DesignItemId= New DesignItemId=pol cap
Change Component DesignItemId : Designator=C5 Old DesignItemId= New DesignItemId=pol cap
Change Component DesignItemId : Designator=C9 Old DesignItemId= New DesignItemId=pol cap
Change Component DesignItemId : Designator=C11 Old DesignItemId= New DesignItemId=pol cap
Change Component DesignItemId : Designator=R3 Old DesignItemId= New DesignItemId=Res
Change Component DesignItemId : Designator=R4 Old DesignItemId= New DesignItemId=Res
Change Component DesignItemId : Designator=R5 Old DesignItemId= New DesignItemId=Res
Change Component DesignItemId : Designator=R6 Old DesignItemId= New DesignItemId=Res
Change Component DesignItemId : Designator=R7 Old DesignItemId= New DesignItemId=Res
Change Component DesignItemId : Designator=R8 Old DesignItemId= New DesignItemId=Res
Change Component DesignItemId : Designator=R9 Old DesignItemId= New DesignItemId=Res
Change Component DesignItemId : Designator=R10 Old DesignItemId= New DesignItemId=Res
Change Component DesignItemId : Designator=R11 Old DesignItemId= New DesignItemId=Res
Change Component DesignItemId : Designator=R12 Old DesignItemId= New DesignItemId=Res
Change Component DesignItemId : Designator=R13 Old DesignItemId= New DesignItemId=Res
Change Component DesignItemId : Designator=R14 Old DesignItemId= New DesignItemId=Res
Change Component DesignItemId : Designator=R15 Old DesignItemId= New DesignItemId=Res
Change Component DesignItemId : Designator=R16 Old DesignItemId= New DesignItemId=Res
Change Component DesignItemId : Designator=R17 Old DesignItemId= New DesignItemId=Res
Change Component DesignItemId : Designator=R18 Old DesignItemId= New DesignItemId=Res
Change Component DesignItemId : Designator=R19 Old DesignItemId= New DesignItemId=Res
Change Component DesignItemId : Designator=R20 Old DesignItemId= New DesignItemId=Res
Change Component DesignItemId : Designator=R21 Old DesignItemId= New DesignItemId=Res
Change Component DesignItemId : Designator=R22 Old DesignItemId= New DesignItemId=Res
Change Component DesignItemId : Designator=R23 Old DesignItemId= New DesignItemId=Res
Change Component DesignItemId : Designator=R24 Old DesignItemId= New DesignItemId=Res
Change Component DesignItemId : Designator=R25 Old DesignItemId= New DesignItemId=Res
Change Component DesignItemId : Designator=R26 Old DesignItemId= New DesignItemId=Res
Change Component DesignItemId : Designator=R27 Old DesignItemId= New DesignItemId=Res
Change Component DesignItemId : Designator=R28 Old DesignItemId= New DesignItemId=Res
Change Component DesignItemId : Designator=R29 Old DesignItemId= New DesignItemId=Res
Change Component DesignItemId : Designator=R30 Old DesignItemId= New DesignItemId=Res
Change Component DesignItemId : Designator=U2 Old DesignItemId= New DesignItemId=TPS7333
Change Component DesignItemId : Designator=U1 Old DesignItemId= New DesignItemId=TPS7350
Change Component DesignItemId : Designator=U3 Old DesignItemId= New DesignItemId=TPS7350
Change Component DesignItemId : Designator=D1 Old DesignItemId= New DesignItemId=二极管
Change Component DesignItemId : Designator=D2 Old DesignItemId= New DesignItemId=二极管
Change Component DesignItemId : Designator=D3 Old DesignItemId= New DesignItemId=二极管
Change Component DesignItemId : Designator=D4 Old DesignItemId= New DesignItemId=二极管
Change Component DesignItemId : Designator=D5 Old DesignItemId= New DesignItemId=二极管
Change Component DesignItemId : Designator=D6 Old DesignItemId= New DesignItemId=二极管
Change Component DesignItemId : Designator=D7 Old DesignItemId= New DesignItemId=二极管
Change Component DesignItemId : Designator=D8 Old DesignItemId= New DesignItemId=二极管
Change Component DesignItemId : Designator=D9 Old DesignItemId= New DesignItemId=二极管
Change Component DesignItemId : Designator=D10 Old DesignItemId= New DesignItemId=二极管
Change Component DesignItemId : Designator=D11 Old DesignItemId= New DesignItemId=二极管
Change Component DesignItemId : Designator=D12 Old DesignItemId= New DesignItemId=二极管
Change Component DesignItemId : Designator=D13 Old DesignItemId= New DesignItemId=二极管
Change Component DesignItemId : Designator=K1 Old DesignItemId= New DesignItemId=六脚开关
Change Component DesignItemId : Designator=P1 Old DesignItemId=He New DesignItemId=H
Change Component DesignItemId : Designator=P2 Old DesignItemId=He New DesignItemId=H
Change Component DesignItemId : Designator=P3 Old DesignItemId=He New DesignItemId=H
Change Component Description : Designator=T2 Old Description= New Description=IRLR7843
Change Component Description : Designator=T3 Old Description= New Description=IRLR7843
Change Component Description : Designator=T4 Old Description= New Description=IRLR7843
Change Component Description : Designator=T5 Old Description= New Description=IRLR7843
Change Component Description : Designator=T6 Old Description= New Description=IRLR7843
Change Component Description : Designator=T7 Old Description= New Description=IRLR7843
Change Component Description : Designator=T8 Old Description= New Description=IRLR7843
Change Component Description : Designator=T9 Old Description= New Description=IRLR7843
Change Component Description : Designator=K1 Old Description= New Description=六脚开关
Change Component Description : Designator=LED1 Old Description= New Description=发光二极管
Change Component Description : Designator=U2 Old Description= New Description=稳压元件（3.3V）
Change Component Description : Designator=U1 Old Description= New Description=稳压元件（5V）
Change Component Description : Designator=U3 Old Description= New Description=稳压元件（5V）
Change Component Description : Designator=C1 Old Description= New Description=通用有极电容
Change Component Description : Designator=C3 Old Description= New Description=通用有极电容
Change Component Description : Designator=C4 Old Description= New Description=通用有极电容
Change Component Description : Designator=C5 Old Description= New Description=通用有极电容
Change Component Description : Designator=C9 Old Description= New Description=通用有极电容
Change Component Description : Designator=C11 Old Description= New Description=通用有极电容
Change Component Description : Designator=R3 Old Description= New Description=通用电阻
Change Component Description : Designator=R4 Old Description= New Description=通用电阻
Change Component Description : Designator=R5 Old Description= New Description=通用电阻
Change Component Description : Designator=R6 Old Description= New Description=通用电阻
Change Component Description : Designator=R7 Old Description= New Description=通用电阻
Change Component Description : Designator=R8 Old Description= New Description=通用电阻
Change Component Description : Designator=R9 Old Description= New Description=通用电阻
Change Component Description : Designator=R10 Old Description= New Description=通用电阻
Change Component Description : Designator=R11 Old Description= New Description=通用电阻
Change Component Description : Designator=R12 Old Description= New Description=通用电阻
Change Component Description : Designator=R13 Old Description= New Description=通用电阻
Change Component Description : Designator=R14 Old Description= New Description=通用电阻
Change Component Description : Designator=R15 Old Description= New Description=通用电阻
Change Component Description : Designator=R16 Old Description= New Description=通用电阻
Change Component Description : Designator=R17 Old Description= New Description=通用电阻
Change Component Description : Designator=R18 Old Description= New Description=通用电阻
Change Component Description : Designator=R19 Old Description= New Description=通用电阻
Change Component Description : Designator=R20 Old Description= New Description=通用电阻
Change Component Description : Designator=R21 Old Description= New Description=通用电阻
Change Component Description : Designator=R22 Old Description= New Description=通用电阻
Change Component Description : Designator=R23 Old Description= New Description=通用电阻
Change Component Description : Designator=R24 Old Description= New Description=通用电阻
Change Component Description : Designator=R25 Old Description= New Description=通用电阻
Change Component Description : Designator=R26 Old Description= New Description=通用电阻
Change Component Description : Designator=R27 Old Description= New Description=通用电阻
Change Component Description : Designator=R28 Old Description= New Description=通用电阻
Change Component Description : Designator=R29 Old Description= New Description=通用电阻
Change Component Description : Designator=R30 Old Description= New Description=通用电阻
Change Component Description : Designator=P1 Old Description=Header, 4 New Description=Header, 4-Pin
Change Component Description : Designator=P2 Old Description=Header, 4 New Description=Header, 4-Pin
Change Component Description : Designator=P3 Old Description=Header, 4 New Description=Header, 4-Pin
Change Component Description : Designator=C15 Old Description=Polarized Capacitor New Description=Polarized Capacitor (Radial)
Change Component Description : Designator=R35 Old Description=通? New Description=通用电阻
Change Component Description : Designator=R36 Old Description=通? New Description=通用电阻
Change Component Description : Designator=R37 Old Description=通? New Description=通用电阻
Change Component Description : Designator=R38 Old Description=通? New Description=通用电阻
Change Component Library : Designator=L2 Old Library= New Library=JMU智能车专用元件库1.1.IntLib
Change Component Library : Designator=D1 Old Library=JMU? New Library=JMU智能车专用元件库1.1.IntLib
Change Component Library : Designator=D2 Old Library=JMU? New Library=JMU智能车专用元件库1.1.IntLib
Change Component Library : Designator=D3 Old Library=JMU? New Library=JMU智能车专用元件库1.1.IntLib
Change Component Library : Designator=D4 Old Library=JMU? New Library=JMU智能车专用元件库1.1.IntLib
Change Component Library : Designator=D5 Old Library=JMU? New Library=JMU智能车专用元件库1.1.IntLib
Change Component Library : Designator=D6 Old Library=JMU? New Library=JMU智能车专用元件库1.1.IntLib
Change Component Library : Designator=D7 Old Library=JMU? New Library=JMU智能车专用元件库1.1.IntLib
Change Component Library : Designator=D8 Old Library=JMU? New Library=JMU智能车专用元件库1.1.IntLib
Change Component Library : Designator=D9 Old Library=JMU? New Library=JMU智能车专用元件库1.1.IntLib
Change Component Library : Designator=D10 Old Library=JMU? New Library=JMU智能车专用元件库1.1.IntLib
Change Component Library : Designator=D11 Old Library=JMU? New Library=JMU智能车专用元件库1.1.IntLib
Change Component Library : Designator=D12 Old Library=JMU? New Library=JMU智能车专用元件库1.1.IntLib
Change Component Library : Designator=D13 Old Library=JMU? New Library=JMU智能车专用元件库1.1.IntLib
Change Component Library : Designator=K1 Old Library=JMU智能? New Library=JMU智能车专用元件库1.1.IntLib
Change Component Library : Designator=U7 Old Library=JMU智能车? New Library=JMU智能车专用元件库1.1.IntLib
Change Component Library : Designator=U9 Old Library=JMU智能车? New Library=JMU智能车专用元件库1.1.IntLib
Change Component Library : Designator=U10 Old Library=JMU智能车? New Library=JMU智能车专用元件库1.1.IntLib
Change Component Library : Designator=C1 Old Library=JMU智能车专用元 New Library=JMU智能车专用元件库1.1.IntLib
Change Component Library : Designator=C3 Old Library=JMU智能车专用元 New Library=JMU智能车专用元件库1.1.IntLib
Change Component Library : Designator=C4 Old Library=JMU智能车专用元 New Library=JMU智能车专用元件库1.1.IntLib
Change Component Library : Designator=C5 Old Library=JMU智能车专用元 New Library=JMU智能车专用元件库1.1.IntLib
Change Component Library : Designator=C9 Old Library=JMU智能车专用元 New Library=JMU智能车专用元件库1.1.IntLib
Change Component Library : Designator=C11 Old Library=JMU智能车专用元 New Library=JMU智能车专用元件库1.1.IntLib
Change Component Library : Designator=LED1 Old Library=JMU智能车专用元 New Library=JMU智能车专用元件库1.1.IntLib
Change Component Library : Designator=R3 Old Library=JMU智能车专用元 New Library=JMU智能车专用元件库1.1.IntLib
Change Component Library : Designator=R4 Old Library=JMU智能车专用元 New Library=JMU智能车专用元件库1.1.IntLib
Change Component Library : Designator=R5 Old Library=JMU智能车专用元 New Library=JMU智能车专用元件库1.1.IntLib
Change Component Library : Designator=R6 Old Library=JMU智能车专用元 New Library=JMU智能车专用元件库1.1.IntLib
Change Component Library : Designator=R7 Old Library=JMU智能车专用元 New Library=JMU智能车专用元件库1.1.IntLib
Change Component Library : Designator=R8 Old Library=JMU智能车专用元 New Library=JMU智能车专用元件库1.1.IntLib
Change Component Library : Designator=R9 Old Library=JMU智能车专用元 New Library=JMU智能车专用元件库1.1.IntLib
Change Component Library : Designator=R10 Old Library=JMU智能车专用元 New Library=JMU智能车专用元件库1.1.IntLib
Change Component Library : Designator=R11 Old Library=JMU智能车专用元 New Library=JMU智能车专用元件库1.1.IntLib
Change Component Library : Designator=R12 Old Library=JMU智能车专用元 New Library=JMU智能车专用元件库1.1.IntLib
Change Component Library : Designator=R13 Old Library=JMU智能车专用元 New Library=JMU智能车专用元件库1.1.IntLib
Change Component Library : Designator=R14 Old Library=JMU智能车专用元 New Library=JMU智能车专用元件库1.1.IntLib
Change Component Library : Designator=R15 Old Library=JMU智能车专用元 New Library=JMU智能车专用元件库1.1.IntLib
Change Component Library : Designator=R16 Old Library=JMU智能车专用元 New Library=JMU智能车专用元件库1.1.IntLib
Change Component Library : Designator=R17 Old Library=JMU智能车专用元 New Library=JMU智能车专用元件库1.1.IntLib
Change Component Library : Designator=R18 Old Library=JMU智能车专用元 New Library=JMU智能车专用元件库1.1.IntLib
Change Component Library : Designator=R19 Old Library=JMU智能车专用元 New Library=JMU智能车专用元件库1.1.IntLib
Change Component Library : Designator=R20 Old Library=JMU智能车专用元 New Library=JMU智能车专用元件库1.1.IntLib
Change Component Library : Designator=R21 Old Library=JMU智能车专用元 New Library=JMU智能车专用元件库1.1.IntLib
Change Component Library : Designator=R22 Old Library=JMU智能车专用元 New Library=JMU智能车专用元件库1.1.IntLib
Change Component Library : Designator=R23 Old Library=JMU智能车专用元 New Library=JMU智能车专用元件库1.1.IntLib
Change Component Library : Designator=R24 Old Library=JMU智能车专用元 New Library=JMU智能车专用元件库1.1.IntLib
Change Component Library : Designator=R25 Old Library=JMU智能车专用元 New Library=JMU智能车专用元件库1.1.IntLib
Change Component Library : Designator=R26 Old Library=JMU智能车专用元 New Library=JMU智能车专用元件库1.1.IntLib
Change Component Library : Designator=R27 Old Library=JMU智能车专用元 New Library=JMU智能车专用元件库1.1.IntLib
Change Component Library : Designator=R28 Old Library=JMU智能车专用元 New Library=JMU智能车专用元件库1.1.IntLib
Change Component Library : Designator=R29 Old Library=JMU智能车专用元 New Library=JMU智能车专用元件库1.1.IntLib
Change Component Library : Designator=R30 Old Library=JMU智能车专用元 New Library=JMU智能车专用元件库1.1.IntLib
Change Component Library : Designator=T2 Old Library=JMU智能车专用元件库1.1 New Library=JMU智能车专用元件库1.1.IntLib
Change Component Library : Designator=T3 Old Library=JMU智能车专用元件库1.1 New Library=JMU智能车专用元件库1.1.IntLib
Change Component Library : Designator=T4 Old Library=JMU智能车专用元件库1.1 New Library=JMU智能车专用元件库1.1.IntLib
Change Component Library : Designator=T5 Old Library=JMU智能车专用元件库1.1 New Library=JMU智能车专用元件库1.1.IntLib
Change Component Library : Designator=T6 Old Library=JMU智能车专用元件库1.1 New Library=JMU智能车专用元件库1.1.IntLib
Change Component Library : Designator=T7 Old Library=JMU智能车专用元件库1.1 New Library=JMU智能车专用元件库1.1.IntLib
Change Component Library : Designator=T8 Old Library=JMU智能车专用元件库1.1 New Library=JMU智能车专用元件库1.1.IntLib
Change Component Library : Designator=T9 Old Library=JMU智能车专用元件库1.1 New Library=JMU智能车专用元件库1.1.IntLib
Change Component Library : Designator=U1 Old Library=JMU智能车专用元件库1.1 New Library=JMU智能车专用元件库1.1.IntLib
Change Component Library : Designator=U2 Old Library=JMU智能车专用元件库1.1 New Library=JMU智能车专用元件库1.1.IntLib
Change Component Library : Designator=U3 Old Library=JMU智能车专用元件库1.1 New Library=JMU智能车专用元件库1.1.IntLib
