Change Component DesignItemId : Designator=P1 Old DesignItemId=He New DesignItemId=H
Change Component DesignItemId : Designator=P2 Old DesignItemId=He New DesignItemId=H
Change Component DesignItemId : Designator=P3 Old DesignItemId=He New DesignItemId=H
Change Component Description : Designator=P1 Old Description=Header, 4 New Description=Header, 4-Pin
Change Component Description : Designator=P2 Old Description=Header, 4 New Description=Header, 4-Pin
Change Component Description : Designator=P3 Old Description=Header, 4 New Description=Header, 4-Pin
Change Component Description : Designator=C15 Old Description=Polarized Capacitor New Description=Polarized Capacitor (Radial)
Change Component Description : Designator=R35 Old Description=通? New Description=通用电阻
Change Component Description : Designator=R36 Old Description=通? New Description=通用电阻
Change Component Description : Designator=R37 Old Description=通? New Description=通用电阻
Change Component Description : Designator=R38 Old Description=通? New Description=通用电阻
Change Component Library : Designator=D1 Old Library=JMU? New Library=JMU智能车专用元件库1.1.IntLib
Change Component Library : Designator=D2 Old Library=JMU? New Library=JMU智能车专用元件库1.1.IntLib
Change Component Library : Designator=D3 Old Library=JMU? New Library=JMU智能车专用元件库1.1.IntLib
Change Component Library : Designator=D4 Old Library=JMU? New Library=JMU智能车专用元件库1.1.IntLib
Change Component Library : Designator=D5 Old Library=JMU? New Library=JMU智能车专用元件库1.1.IntLib
Change Component Library : Designator=D6 Old Library=JMU? New Library=JMU智能车专用元件库1.1.IntLib
Change Component Library : Designator=D7 Old Library=JMU? New Library=JMU智能车专用元件库1.1.IntLib
Change Component Library : Designator=D8 Old Library=JMU? New Library=JMU智能车专用元件库1.1.IntLib
Change Component Library : Designator=D9 Old Library=JMU? New Library=JMU智能车专用元件库1.1.IntLib
Change Component Library : Designator=D10 Old Library=JMU? New Library=JMU智能车专用元件库1.1.IntLib
Change Component Library : Designator=D11 Old Library=JMU? New Library=JMU智能车专用元件库1.1.IntLib
Change Component Library : Designator=D12 Old Library=JMU? New Library=JMU智能车专用元件库1.1.IntLib
Change Component Library : Designator=D13 Old Library=JMU? New Library=JMU智能车专用元件库1.1.IntLib
Change Component Library : Designator=K1 Old Library=JMU智能? New Library=JMU智能车专用元件库1.1.IntLib
Change Component Library : Designator=U7 Old Library=JMU智能车? New Library=JMU智能车专用元件库1.1.IntLib
Change Component Library : Designator=U9 Old Library=JMU智能车? New Library=JMU智能车专用元件库1.1.IntLib
Change Component Library : Designator=U10 Old Library=JMU智能车? New Library=JMU智能车专用元件库1.1.IntLib
Change Component Library : Designator=C1 Old Library=JMU智能车专用元 New Library=JMU智能车专用元件库1.1.IntLib
Change Component Library : Designator=C3 Old Library=JMU智能车专用元 New Library=JMU智能车专用元件库1.1.IntLib
Change Component Library : Designator=C4 Old Library=JMU智能车专用元 New Library=JMU智能车专用元件库1.1.IntLib
Change Component Library : Designator=C5 Old Library=JMU智能车专用元 New Library=JMU智能车专用元件库1.1.IntLib
Change Component Library : Designator=C9 Old Library=JMU智能车专用元 New Library=JMU智能车专用元件库1.1.IntLib
Change Component Library : Designator=C11 Old Library=JMU智能车专用元 New Library=JMU智能车专用元件库1.1.IntLib
Change Component Library : Designator=LED1 Old Library=JMU智能车专用元 New Library=JMU智能车专用元件库1.1.IntLib
Change Component Library : Designator=R3 Old Library=JMU智能车专用元 New Library=JMU智能车专用元件库1.1.IntLib
Change Component Library : Designator=R4 Old Library=JMU智能车专用元 New Library=JMU智能车专用元件库1.1.IntLib
Change Component Library : Designator=R5 Old Library=JMU智能车专用元 New Library=JMU智能车专用元件库1.1.IntLib
Change Component Library : Designator=R6 Old Library=JMU智能车专用元 New Library=JMU智能车专用元件库1.1.IntLib
Change Component Library : Designator=R7 Old Library=JMU智能车专用元 New Library=JMU智能车专用元件库1.1.IntLib
Change Component Library : Designator=R8 Old Library=JMU智能车专用元 New Library=JMU智能车专用元件库1.1.IntLib
Change Component Library : Designator=R9 Old Library=JMU智能车专用元 New Library=JMU智能车专用元件库1.1.IntLib
Change Component Library : Designator=R10 Old Library=JMU智能车专用元 New Library=JMU智能车专用元件库1.1.IntLib
Change Component Library : Designator=R11 Old Library=JMU智能车专用元 New Library=JMU智能车专用元件库1.1.IntLib
Change Component Library : Designator=R12 Old Library=JMU智能车专用元 New Library=JMU智能车专用元件库1.1.IntLib
Change Component Library : Designator=R13 Old Library=JMU智能车专用元 New Library=JMU智能车专用元件库1.1.IntLib
Change Component Library : Designator=R14 Old Library=JMU智能车专用元 New Library=JMU智能车专用元件库1.1.IntLib
Change Component Library : Designator=R15 Old Library=JMU智能车专用元 New Library=JMU智能车专用元件库1.1.IntLib
Change Component Library : Designator=R16 Old Library=JMU智能车专用元 New Library=JMU智能车专用元件库1.1.IntLib
Change Component Library : Designator=R17 Old Library=JMU智能车专用元 New Library=JMU智能车专用元件库1.1.IntLib
Change Component Library : Designator=R18 Old Library=JMU智能车专用元 New Library=JMU智能车专用元件库1.1.IntLib
Change Component Library : Designator=R19 Old Library=JMU智能车专用元 New Library=JMU智能车专用元件库1.1.IntLib
Change Component Library : Designator=R20 Old Library=JMU智能车专用元 New Library=JMU智能车专用元件库1.1.IntLib
Change Component Library : Designator=R21 Old Library=JMU智能车专用元 New Library=JMU智能车专用元件库1.1.IntLib
Change Component Library : Designator=R22 Old Library=JMU智能车专用元 New Library=JMU智能车专用元件库1.1.IntLib
Change Component Library : Designator=R23 Old Library=JMU智能车专用元 New Library=JMU智能车专用元件库1.1.IntLib
Change Component Library : Designator=R24 Old Library=JMU智能车专用元 New Library=JMU智能车专用元件库1.1.IntLib
Change Component Library : Designator=R25 Old Library=JMU智能车专用元 New Library=JMU智能车专用元件库1.1.IntLib
Change Component Library : Designator=R26 Old Library=JMU智能车专用元 New Library=JMU智能车专用元件库1.1.IntLib
Change Component Library : Designator=R27 Old Library=JMU智能车专用元 New Library=JMU智能车专用元件库1.1.IntLib
Change Component Library : Designator=R28 Old Library=JMU智能车专用元 New Library=JMU智能车专用元件库1.1.IntLib
Change Component Library : Designator=R29 Old Library=JMU智能车专用元 New Library=JMU智能车专用元件库1.1.IntLib
Change Component Library : Designator=R30 Old Library=JMU智能车专用元 New Library=JMU智能车专用元件库1.1.IntLib
Change Component Library : Designator=T2 Old Library=JMU智能车专用元件库1.1 New Library=JMU智能车专用元件库1.1.IntLib
Change Component Library : Designator=T3 Old Library=JMU智能车专用元件库1.1 New Library=JMU智能车专用元件库1.1.IntLib
Change Component Library : Designator=T4 Old Library=JMU智能车专用元件库1.1 New Library=JMU智能车专用元件库1.1.IntLib
Change Component Library : Designator=T5 Old Library=JMU智能车专用元件库1.1 New Library=JMU智能车专用元件库1.1.IntLib
Change Component Library : Designator=T6 Old Library=JMU智能车专用元件库1.1 New Library=JMU智能车专用元件库1.1.IntLib
Change Component Library : Designator=T7 Old Library=JMU智能车专用元件库1.1 New Library=JMU智能车专用元件库1.1.IntLib
Change Component Library : Designator=T8 Old Library=JMU智能车专用元件库1.1 New Library=JMU智能车专用元件库1.1.IntLib
Change Component Library : Designator=T9 Old Library=JMU智能车专用元件库1.1 New Library=JMU智能车专用元件库1.1.IntLib
Change Component Library : Designator=U1 Old Library=JMU智能车专用元件库1.1 New Library=JMU智能车专用元件库1.1.IntLib
Change Component Library : Designator=U2 Old Library=JMU智能车专用元件库1.1 New Library=JMU智能车专用元件库1.1.IntLib
Change Component Library : Designator=U3 Old Library=JMU智能车专用元件库1.1 New Library=JMU智能车专用元件库1.1.IntLib
