Removed Pin From Net: NetName=A_GND Pin=RP1-1
Removed Pin From Net: NetName=PWM_CH4 Pin=RP1-2
Removed Pin From Net: NetName=A_GND Pin=RP1-3
Removed Pin From Net: NetName=PWM_CH3 Pin=RP1-4
Removed Pin From Net: NetName=A_GND Pin=RP1-5
Removed Pin From Net: NetName=PWM_CH2 Pin=RP1-6
Removed Pin From Net: NetName=A_GND Pin=RP1-7
Removed Pin From Net: NetName=PWM_CH1 Pin=RP1-8
Removed Member From Class: ClassName=SMT2 Member=RP1
Change Component DesignItemId : Designator=U9 Old DesignItemId= New DesignItemId=HIP4082I
Change Component DesignItemId : Designator=U10 Old DesignItemId= New DesignItemId=HIP4082I
Change Component DesignItemId : Designator=L2 Old DesignItemId= New DesignItemId=Inductor
Change Component DesignItemId : Designator=U7 Old DesignItemId= New DesignItemId=MC34063
Change Component DesignItemId : Designator=D1 Old DesignItemId= New DesignItemId=二极管
Change Component DesignItemId : Designator=D2 Old DesignItemId= New DesignItemId=二极管
Change Component DesignItemId : Designator=D3 Old DesignItemId= New DesignItemId=二极管
Change Component DesignItemId : Designator=D4 Old DesignItemId= New DesignItemId=二极管
Change Component DesignItemId : Designator=D5 Old DesignItemId= New DesignItemId=二极管
Change Component DesignItemId : Designator=D6 Old DesignItemId= New DesignItemId=二极管
Change Component DesignItemId : Designator=D7 Old DesignItemId= New DesignItemId=二极管
Change Component DesignItemId : Designator=D8 Old DesignItemId= New DesignItemId=二极管
Change Component DesignItemId : Designator=D9 Old DesignItemId= New DesignItemId=二极管
Change Component DesignItemId : Designator=D10 Old DesignItemId= New DesignItemId=二极管
Change Component DesignItemId : Designator=D11 Old DesignItemId= New DesignItemId=二极管
Change Component DesignItemId : Designator=D12 Old DesignItemId= New DesignItemId=二极管
Change Component DesignItemId : Designator=D13 Old DesignItemId= New DesignItemId=二极管
Change Component DesignItemId : Designator=P1 Old DesignItemId=Head New DesignItemId=Hea
Change Component DesignItemId : Designator=P2 Old DesignItemId=Head New DesignItemId=Hea
Change Component DesignItemId : Designator=P3 Old DesignItemId=Head New DesignItemId=Hea
Change Component DesignItemId : Designator=T2 Old DesignItemId=N_MOS(IRLR7843) New DesignItemId=N_MOS(IR
Change Component DesignItemId : Designator=T3 Old DesignItemId=N_MOS(IRLR7843) New DesignItemId=N_MOS(IR
Change Component DesignItemId : Designator=T4 Old DesignItemId=N_MOS(IRLR7843) New DesignItemId=N_MOS(IR
Change Component DesignItemId : Designator=T5 Old DesignItemId=N_MOS(IRLR7843) New DesignItemId=N_MOS(IR
Change Component DesignItemId : Designator=T6 Old DesignItemId=N_MOS(IRLR7843) New DesignItemId=N_MOS(IR
Change Component DesignItemId : Designator=T7 Old DesignItemId=N_MOS(IRLR7843) New DesignItemId=N_MOS(IR
Change Component DesignItemId : Designator=T8 Old DesignItemId=N_MOS(IRLR7843) New DesignItemId=N_MOS(IR
Change Component DesignItemId : Designator=T9 Old DesignItemId=N_MOS(IRLR7843) New DesignItemId=N_MOS(IR
Change Component Comment : Designator=K1 Old Comment=六脚开关 New Comment=*
Change Component Description : Designator=K1 Old Description= New Description=六脚开关
Change Component Description : Designator=LED1 Old Description= New Description=发光二极管
Change Component Description : Designator=C1 Old Description= New Description=通用有极电容
Change Component Description : Designator=C3 Old Description= New Description=通用有极电容
Change Component Description : Designator=C4 Old Description= New Description=通用有极电容
Change Component Description : Designator=C5 Old Description= New Description=通用有极电容
Change Component Description : Designator=C9 Old Description= New Description=通用有极电容
Change Component Description : Designator=C11 Old Description= New Description=通用有极电容
Change Component Description : Designator=R3 Old Description= New Description=通用电阻
Change Component Description : Designator=R4 Old Description= New Description=通用电阻
Change Component Description : Designator=R5 Old Description= New Description=通用电阻
Change Component Description : Designator=R6 Old Description= New Description=通用电阻
Change Component Description : Designator=R7 Old Description= New Description=通用电阻
Change Component Description : Designator=R8 Old Description= New Description=通用电阻
Change Component Description : Designator=R9 Old Description= New Description=通用电阻
Change Component Description : Designator=R10 Old Description= New Description=通用电阻
Change Component Description : Designator=R11 Old Description= New Description=通用电阻
Change Component Description : Designator=R12 Old Description= New Description=通用电阻
Change Component Description : Designator=R13 Old Description= New Description=通用电阻
Change Component Description : Designator=R14 Old Description= New Description=通用电阻
Change Component Description : Designator=R15 Old Description= New Description=通用电阻
Change Component Description : Designator=R16 Old Description= New Description=通用电阻
Change Component Description : Designator=R17 Old Description= New Description=通用电阻
Change Component Description : Designator=R18 Old Description= New Description=通用电阻
Change Component Description : Designator=R19 Old Description= New Description=通用电阻
Change Component Description : Designator=R20 Old Description= New Description=通用电阻
Change Component Description : Designator=R21 Old Description= New Description=通用电阻
Change Component Description : Designator=R22 Old Description= New Description=通用电阻
Change Component Description : Designator=R23 Old Description= New Description=通用电阻
Change Component Description : Designator=R24 Old Description= New Description=通用电阻
Change Component Description : Designator=R25 Old Description= New Description=通用电阻
Change Component Description : Designator=R26 Old Description= New Description=通用电阻
Change Component Description : Designator=R27 Old Description= New Description=通用电阻
Change Component Description : Designator=R28 Old Description= New Description=通用电阻
Change Component Description : Designator=R29 Old Description= New Description=通用电阻
Change Component Description : Designator=R30 Old Description= New Description=通用电阻
Change Component Description : Designator=U1 Old Description=? New Description=稳压元件（5V）
Change Component Description : Designator=U3 Old Description=? New Description=稳压元件（5V）
Change Component Description : Designator=P1 Old Description=Header, 4-Pi New Description=Header, 4-Pin
Change Component Description : Designator=P2 Old Description=Header, 4-Pi New Description=Header, 4-Pin
Change Component Description : Designator=P3 Old Description=Header, 4-Pi New Description=Header, 4-Pin
Change Component Description : Designator=T2 Old Description=I New Description=IRLR7843
Change Component Description : Designator=T3 Old Description=I New Description=IRLR7843
Change Component Description : Designator=T4 Old Description=I New Description=IRLR7843
Change Component Description : Designator=T5 Old Description=I New Description=IRLR7843
Change Component Description : Designator=T6 Old Description=I New Description=IRLR7843
Change Component Description : Designator=T7 Old Description=I New Description=IRLR7843
Change Component Description : Designator=T8 Old Description=I New Description=IRLR7843
Change Component Description : Designator=T9 Old Description=I New Description=IRLR7843
Change Component Description : Designator=C15 Old Description=Polarized Capacitor (Radia New Description=Polarized Capacitor (Radial)
Change Component Description : Designator=U2 Old Description=稳? New Description=稳压元件（3.3V）
Added Component: Designator=R35(0805)
Added Component: Designator=R36(0805)
Added Component: Designator=R37(0805)
Added Component: Designator=R38(0805)
Added Pin To Net: NetName=A_GND Pin=R35-1
Added Pin To Net: NetName=PWM_CH4 Pin=R35-2
Added Pin To Net: NetName=A_GND Pin=R36-1
Added Pin To Net: NetName=PWM_CH3 Pin=R36-2
Added Pin To Net: NetName=A_GND Pin=R37-1
Added Pin To Net: NetName=PWM_CH2 Pin=R37-2
Added Pin To Net: NetName=A_GND Pin=R38-1
Added Pin To Net: NetName=PWM_CH1 Pin=R38-2
Added Member To Class: ClassName=SMT2 Member=Component R35 10K
Added Member To Class: ClassName=SMT2 Member=Component R36 10K
Added Member To Class: ClassName=SMT2 Member=Component R37 10K
Added Member To Class: ClassName=SMT2 Member=Component R38 10K
Added Room: Name=SMT2
