Change Component DesignItemId : Designator=TP Old DesignItemId= New DesignItemId=2P
Change Component DesignItemId : Designator=U9 Old DesignItemId= New DesignItemId=H
Change Component DesignItemId : Designator=U10 Old DesignItemId= New DesignItemId=H
Change Component DesignItemId : Designator=L2 Old DesignItemId= New DesignItemId=I
Change Component DesignItemId : Designator= Old DesignItemId= New DesignItemId=JMU-
Change Component DesignItemId : Designator=K1 Old DesignItemId= New DesignItemId=K_Press
Change Component DesignItemId : Designator=K2 Old DesignItemId= New DesignItemId=K_Press
Change Component DesignItemId : Designator=K3 Old DesignItemId= New DesignItemId=K_Press
Change Component DesignItemId : Designator=K4 Old DesignItemId= New DesignItemId=K_Press
Change Component DesignItemId : Designator=LED1 Old DesignItemId= New DesignItemId=LED
Change Component DesignItemId : Designator=U7 Old DesignItemId= New DesignItemId=MC34063
Change Component DesignItemId : Designator=T2 Old DesignItemId= New DesignItemId=N_MOS(IRLR7843)
Change Component DesignItemId : Designator=T3 Old DesignItemId= New DesignItemId=N_MOS(IRLR7843)
Change Component DesignItemId : Designator=T4 Old DesignItemId= New DesignItemId=N_MOS(IRLR7843)
Change Component DesignItemId : Designator=T5 Old DesignItemId= New DesignItemId=N_MOS(IRLR7843)
Change Component DesignItemId : Designator=T6 Old DesignItemId= New DesignItemId=N_MOS(IRLR7843)
Change Component DesignItemId : Designator=T7 Old DesignItemId= New DesignItemId=N_MOS(IRLR7843)
Change Component DesignItemId : Designator=T8 Old DesignItemId= New DesignItemId=N_MOS(IRLR7843)
Change Component DesignItemId : Designator=T9 Old DesignItemId= New DesignItemId=N_MOS(IRLR7843)
Change Component DesignItemId : Designator=10UF Old DesignItemId= New DesignItemId=pol cap
Change Component DesignItemId : Designator= Old DesignItemId= New DesignItemId=pol cap
Change Component DesignItemId : Designator= Old DesignItemId= New DesignItemId=pol cap
Change Component DesignItemId : Designator= Old DesignItemId= New DesignItemId=pol cap
Change Component DesignItemId : Designator=0.22 Old DesignItemId= New DesignItemId=Res
Change Component DesignItemId : Designator=0 Old DesignItemId= New DesignItemId=Res
Change Component DesignItemId : Designator=1.5K Old DesignItemId= New DesignItemId=Res
Change Component DesignItemId : Designator=10K Old DesignItemId= New DesignItemId=Res
Change Component DesignItemId : Designator=10K Old DesignItemId= New DesignItemId=Res
Change Component DesignItemId : Designator=10K Old DesignItemId= New DesignItemId=Res
Change Component DesignItemId : Designator=10K Old DesignItemId= New DesignItemId=Res
Change Component DesignItemId : Designator=10K Old DesignItemId= New DesignItemId=Res
Change Component DesignItemId : Designator=10K Old DesignItemId= New DesignItemId=Res
Change Component DesignItemId : Designator=10K Old DesignItemId= New DesignItemId=Res
Change Component DesignItemId : Designator=10K Old DesignItemId= New DesignItemId=Res
Change Component DesignItemId : Designator=10K Old DesignItemId= New DesignItemId=Res
Change Component DesignItemId : Designator=10K Old DesignItemId= New DesignItemId=Res
Change Component DesignItemId : Designator=10K Old DesignItemId= New DesignItemId=Res
Change Component DesignItemId : Designator=13K Old DesignItemId= New DesignItemId=Res
Change Component DesignItemId : Designator=180 Old DesignItemId= New DesignItemId=Res
Change Component DesignItemId : Designator= Old DesignItemId= New DesignItemId=Res
Change Component DesignItemId : Designator= Old DesignItemId= New DesignItemId=Res
Change Component DesignItemId : Designator= Old DesignItemId= New DesignItemId=Res
Change Component DesignItemId : Designator= Old DesignItemId= New DesignItemId=Res
Change Component DesignItemId : Designator= Old DesignItemId= New DesignItemId=Res
Change Component DesignItemId : Designator= Old DesignItemId= New DesignItemId=Res
Change Component DesignItemId : Designator= Old DesignItemId= New DesignItemId=Res
Change Component DesignItemId : Designator= Old DesignItemId= New DesignItemId=Res
Change Component DesignItemId : Designator=R3 Old DesignItemId= New DesignItemId=Res
Change Component DesignItemId : Designator=R4 Old DesignItemId= New DesignItemId=Res
Change Component DesignItemId : Designator=R16 Old DesignItemId= New DesignItemId=Res
Change Component DesignItemId : Designator=R26 Old DesignItemId= New DesignItemId=Res
Change Component DesignItemId : Designator=U1 Old DesignItemId= New DesignItemId=TPS7350
Change Component DesignItemId : Designator=U3 Old DesignItemId= New DesignItemId=TPS7350
Change Component DesignItemId : Designator= Old DesignItemId= New DesignItemId=二极管
Change Component DesignItemId : Designator= Old DesignItemId= New DesignItemId=二极管
Change Component DesignItemId : Designator= Old DesignItemId= New DesignItemId=二极管
Change Component DesignItemId : Designator= Old DesignItemId= New DesignItemId=二极管
Change Component DesignItemId : Designator= Old DesignItemId= New DesignItemId=二极管
Change Component DesignItemId : Designator= Old DesignItemId= New DesignItemId=二极管
Change Component DesignItemId : Designator= Old DesignItemId= New DesignItemId=二极管
Change Component DesignItemId : Designator= Old DesignItemId= New DesignItemId=二极管
Change Component DesignItemId : Designator=D1 Old DesignItemId= New DesignItemId=二极管
Change Component DesignItemId : Designator=D2 Old DesignItemId= New DesignItemId=二极管
Change Component DesignItemId : Designator=D8 Old DesignItemId= New DesignItemId=二极管
Change Component DesignItemId : Designator=D11 Old DesignItemId= New DesignItemId=二极管
Change Component DesignItemId : Designator=D12 Old DesignItemId= New DesignItemId=二极管
Change Component DesignItemId : Designator=K1 Old DesignItemId= New DesignItemId=六脚开关
Change Component DesignItemId : Designator= Old DesignItemId= New DesignItemId=拨码开关(4位)(贴片)
Change Component DesignItemId : Designator=DJ1 Old DesignItemId= New DesignItemId=接线端子
Change Component DesignItemId : Designator=DJ2 Old DesignItemId= New DesignItemId=接线端子
Change Component DesignItemId : Designator= Old DesignItemId=H New DesignItemId=Header 4
Change Component DesignItemId : Designator=P2 Old DesignItemId=H New DesignItemId=Header 4
Change Component DesignItemId : Designator=P3 Old DesignItemId=H New DesignItemId=Header 4
Change Component Designator: OldDesignator= NewDesignator=C1
Change Component Designator: OldDesignator= NewDesignator=C3
Change Component Designator: OldDesignator= NewDesignator=C6
Change Component Designator: OldDesignator= NewDesignator=C9
Change Component Designator: OldDesignator= NewDesignator=C10
Change Component Designator: OldDesignator= NewDesignator=C14
Change Component Designator: OldDesignator= NewDesignator=D3
Change Component Designator: OldDesignator= NewDesignator=D4
Change Component Designator: OldDesignator= NewDesignator=D5
Change Component Designator: OldDesignator= NewDesignator=D6
Change Component Designator: OldDesignator= NewDesignator=D7
Change Component Designator: OldDesignator= NewDesignator=D9
Change Component Designator: OldDesignator= NewDesignator=D10
Change Component Designator: OldDesignator= NewDesignator=D13
Change Component Designator: OldDesignator= NewDesignator=JMU?
Change Component Designator: OldDesignator= NewDesignator=P1
Change Component Designator: OldDesignator= NewDesignator=Q_KEAP80SYSVK
Change Component Designator: OldDesignator= NewDesignator=R11
Change Component Designator: OldDesignator= NewDesignator=R12
Change Component Designator: OldDesignator= NewDesignator=R17
Change Component Designator: OldDesignator= NewDesignator=R18
Change Component Designator: OldDesignator= NewDesignator=R21
Change Component Designator: OldDesignator= NewDesignator=R22
Change Component Designator: OldDesignator= NewDesignator=R27
Change Component Designator: OldDesignator= NewDesignator=R28
Change Component Designator: OldDesignator= NewDesignator=S1
Change Component Designator: OldDesignator=0 NewDesignator=R5
Change Component Designator: OldDesignator=0.22 NewDesignator=R7
Change Component Designator: OldDesignator=1.5K NewDesignator=R9
Change Component Designator: OldDesignator=10K NewDesignator=R6
Change Component Designator: OldDesignator=10K NewDesignator=R13
Change Component Designator: OldDesignator=10K NewDesignator=R14
Change Component Designator: OldDesignator=10K NewDesignator=R15
Change Component Designator: OldDesignator=10K NewDesignator=R19
Change Component Designator: OldDesignator=10K NewDesignator=R20
Change Component Designator: OldDesignator=10K NewDesignator=R23
Change Component Designator: OldDesignator=10K NewDesignator=R24
Change Component Designator: OldDesignator=10K NewDesignator=R25
Change Component Designator: OldDesignator=10K NewDesignator=R29
Change Component Designator: OldDesignator=10K NewDesignator=R30
Change Component Designator: OldDesignator=10UF NewDesignator=C11
Change Component Designator: OldDesignator=13K NewDesignator=R10
Change Component Designator: OldDesignator=104 NewDesignator=C12
Change Component Designator: OldDesignator=106 NewDesignator=C17
Change Component Designator: OldDesignator=106 NewDesignator=C20
Change Component Designator: OldDesignator=180 NewDesignator=R8
Change Component Designator: OldDesignator=470UF NewDesignator=C13
Change Component Description : Designator=T2 Old Description= New Description=IRLR7843
Change Component Description : Designator=T3 Old Description= New Description=IRLR7843
Change Component Description : Designator=T4 Old Description= New Description=IRLR7843
Change Component Description : Designator=T5 Old Description= New Description=IRLR7843
Change Component Description : Designator=T6 Old Description= New Description=IRLR7843
Change Component Description : Designator=T7 Old Description= New Description=IRLR7843
Change Component Description : Designator=T8 Old Description= New Description=IRLR7843
Change Component Description : Designator=T9 Old Description= New Description=IRLR7843
Change Component Description : Designator=K1 Old Description= New Description=六脚开关
Change Component Description : Designator=LED1 Old Description= New Description=发光二极管
Change Component Description : Designator=S1 Old Description= New Description=拨码开关（4位）
Change Component Description : Designator=U1 Old Description= New Description=稳压元件（5V）
Change Component Description : Designator=U3 Old Description= New Description=稳压元件（5V）
Change Component Description : Designator=K1 Old Description= New Description=贴片按键
Change Component Description : Designator=K2 Old Description= New Description=贴片按键
Change Component Description : Designator=K3 Old Description= New Description=贴片按键
Change Component Description : Designator=K4 Old Description= New Description=贴片按键
Change Component Description : Designator=C11 Old Description= New Description=通用有极电容
Change Component Description : Designator=C9 Old Description= New Description=通用有极电容
Change Component Description : Designator=C3 Old Description= New Description=通用有极电容
Change Component Description : Designator=C1 Old Description= New Description=通用有极电容
Change Component Description : Designator=R7 Old Description= New Description=通用电阻
Change Component Description : Designator=R5 Old Description= New Description=通用电阻
Change Component Description : Designator=R9 Old Description= New Description=通用电阻
Change Component Description : Designator=R30 Old Description= New Description=通用电阻
Change Component Description : Designator=R29 Old Description= New Description=通用电阻
Change Component Description : Designator=R25 Old Description= New Description=通用电阻
Change Component Description : Designator=R24 Old Description= New Description=通用电阻
Change Component Description : Designator=R23 Old Description= New Description=通用电阻
Change Component Description : Designator=R20 Old Description= New Description=通用电阻
Change Component Description : Designator=R19 Old Description= New Description=通用电阻
Change Component Description : Designator=R15 Old Description= New Description=通用电阻
Change Component Description : Designator=R14 Old Description= New Description=通用电阻
Change Component Description : Designator=R13 Old Description= New Description=通用电阻
Change Component Description : Designator=R6 Old Description= New Description=通用电阻
Change Component Description : Designator=R10 Old Description= New Description=通用电阻
Change Component Description : Designator=R8 Old Description= New Description=通用电阻
Change Component Description : Designator=R28 Old Description= New Description=通用电阻
Change Component Description : Designator=R27 Old Description= New Description=通用电阻
Change Component Description : Designator=R22 Old Description= New Description=通用电阻
Change Component Description : Designator=R21 Old Description= New Description=通用电阻
Change Component Description : Designator=R18 Old Description= New Description=通用电阻
Change Component Description : Designator=R17 Old Description= New Description=通用电阻
Change Component Description : Designator=R12 Old Description= New Description=通用电阻
Change Component Description : Designator=R11 Old Description= New Description=通用电阻
Change Component Description : Designator=R3 Old Description= New Description=通用电阻
Change Component Description : Designator=R4 Old Description= New Description=通用电阻
Change Component Description : Designator=R16 Old Description= New Description=通用电阻
Change Component Description : Designator=R26 Old Description= New Description=通用电阻
Change Component Description : Designator=P1 Old Description=Header, 4 New Description=Header, 4-Pin
Change Component Description : Designator=P2 Old Description=Header, 4 New Description=Header, 4-Pin
Change Component Description : Designator=P3 Old Description=Header, 4 New Description=Header, 4-Pin
Change Component Description : Designator=C15 Old Description=Polarized Capacitor New Description=Polarized Capacitor (Radial)
Change Component Description : Designator=R35 Old Description=通? New Description=通用电阻
Change Component Description : Designator=R36 Old Description=通? New Description=通用电阻
Change Component Description : Designator=R37 Old Description=通? New Description=通用电阻
Change Component Description : Designator=R38 Old Description=通? New Description=通用电阻
Change Component Library : Designator=DJ1 Old Library= New Library=jmu智能车专用2.0.7.intlib
Change Component Library : Designator=DJ2 Old Library= New Library=jmu智能车专用2.0.7.intlib
Change Component Library : Designator=TP Old Library= New Library=JMU智能车专用.SchLib
Change Component Library : Designator=L2 Old Library= New Library=JMU智能车专用元件库1.1.IntLib
Change Component Library : Designator=JMU? Old Library=J New Library=JMU智能车专用2.0.1.IntLib
Change Component Library : Designator=D13 Old Library=JMU? New Library=JMU智能车专用元件库1.1.IntLib
Change Component Library : Designator=D10 Old Library=JMU? New Library=JMU智能车专用元件库1.1.IntLib
Change Component Library : Designator=D9 Old Library=JMU? New Library=JMU智能车专用元件库1.1.IntLib
Change Component Library : Designator=D7 Old Library=JMU? New Library=JMU智能车专用元件库1.1.IntLib
Change Component Library : Designator=D6 Old Library=JMU? New Library=JMU智能车专用元件库1.1.IntLib
Change Component Library : Designator=D5 Old Library=JMU? New Library=JMU智能车专用元件库1.1.IntLib
Change Component Library : Designator=D4 Old Library=JMU? New Library=JMU智能车专用元件库1.1.IntLib
Change Component Library : Designator=D3 Old Library=JMU? New Library=JMU智能车专用元件库1.1.IntLib
Change Component Library : Designator=D1 Old Library=JMU? New Library=JMU智能车专用元件库1.1.IntLib
Change Component Library : Designator=D2 Old Library=JMU? New Library=JMU智能车专用元件库1.1.IntLib
Change Component Library : Designator=D8 Old Library=JMU? New Library=JMU智能车专用元件库1.1.IntLib
Change Component Library : Designator=D11 Old Library=JMU? New Library=JMU智能车专用元件库1.1.IntLib
Change Component Library : Designator=D12 Old Library=JMU? New Library=JMU智能车专用元件库1.1.IntLib
Change Component Library : Designator=K1 Old Library=jmu智能 New Library=jmu智能车专用2.0.7.intlib
Change Component Library : Designator=K2 Old Library=jmu智能 New Library=jmu智能车专用2.0.7.intlib
Change Component Library : Designator=K3 Old Library=jmu智能 New Library=jmu智能车专用2.0.7.intlib
Change Component Library : Designator=K4 Old Library=jmu智能 New Library=jmu智能车专用2.0.7.intlib
Change Component Library : Designator=K1 Old Library=JMU智能? New Library=JMU智能车专用元件库1.1.IntLib
Change Component Library : Designator=U7 Old Library=JMU智能车? New Library=JMU智能车专用元件库1.1.IntLib
Change Component Library : Designator=S1 Old Library=JMU智能车专用2.0 New Library=JMU智能车专用2.0.6.IntLib
Change Component Library : Designator=R7 Old Library=JMU智能车专用元 New Library=JMU智能车专用元件库1.1.IntLib
Change Component Library : Designator=R5 Old Library=JMU智能车专用元 New Library=JMU智能车专用元件库1.1.IntLib
Change Component Library : Designator=R9 Old Library=JMU智能车专用元 New Library=JMU智能车专用元件库1.1.IntLib
Change Component Library : Designator=R30 Old Library=JMU智能车专用元 New Library=JMU智能车专用元件库1.1.IntLib
Change Component Library : Designator=R29 Old Library=JMU智能车专用元 New Library=JMU智能车专用元件库1.1.IntLib
Change Component Library : Designator=R25 Old Library=JMU智能车专用元 New Library=JMU智能车专用元件库1.1.IntLib
Change Component Library : Designator=R24 Old Library=JMU智能车专用元 New Library=JMU智能车专用元件库1.1.IntLib
Change Component Library : Designator=R23 Old Library=JMU智能车专用元 New Library=JMU智能车专用元件库1.1.IntLib
Change Component Library : Designator=R20 Old Library=JMU智能车专用元 New Library=JMU智能车专用元件库1.1.IntLib
Change Component Library : Designator=R19 Old Library=JMU智能车专用元 New Library=JMU智能车专用元件库1.1.IntLib
Change Component Library : Designator=R15 Old Library=JMU智能车专用元 New Library=JMU智能车专用元件库1.1.IntLib
Change Component Library : Designator=R14 Old Library=JMU智能车专用元 New Library=JMU智能车专用元件库1.1.IntLib
Change Component Library : Designator=R13 Old Library=JMU智能车专用元 New Library=JMU智能车专用元件库1.1.IntLib
Change Component Library : Designator=R6 Old Library=JMU智能车专用元 New Library=JMU智能车专用元件库1.1.IntLib
Change Component Library : Designator=C11 Old Library=JMU智能车专用元 New Library=JMU智能车专用元件库1.1.IntLib
Change Component Library : Designator=R10 Old Library=JMU智能车专用元 New Library=JMU智能车专用元件库1.1.IntLib
Change Component Library : Designator=R8 Old Library=JMU智能车专用元 New Library=JMU智能车专用元件库1.1.IntLib
Change Component Library : Designator=R28 Old Library=JMU智能车专用元 New Library=JMU智能车专用元件库1.1.IntLib
Change Component Library : Designator=R27 Old Library=JMU智能车专用元 New Library=JMU智能车专用元件库1.1.IntLib
Change Component Library : Designator=R22 Old Library=JMU智能车专用元 New Library=JMU智能车专用元件库1.1.IntLib
Change Component Library : Designator=R21 Old Library=JMU智能车专用元 New Library=JMU智能车专用元件库1.1.IntLib
Change Component Library : Designator=R18 Old Library=JMU智能车专用元 New Library=JMU智能车专用元件库1.1.IntLib
Change Component Library : Designator=R17 Old Library=JMU智能车专用元 New Library=JMU智能车专用元件库1.1.IntLib
Change Component Library : Designator=R12 Old Library=JMU智能车专用元 New Library=JMU智能车专用元件库1.1.IntLib
Change Component Library : Designator=R11 Old Library=JMU智能车专用元 New Library=JMU智能车专用元件库1.1.IntLib
Change Component Library : Designator=C9 Old Library=JMU智能车专用元 New Library=JMU智能车专用元件库1.1.IntLib
Change Component Library : Designator=C3 Old Library=JMU智能车专用元 New Library=JMU智能车专用元件库1.1.IntLib
Change Component Library : Designator=C1 Old Library=JMU智能车专用元 New Library=JMU智能车专用元件库1.1.IntLib
Change Component Library : Designator=LED1 Old Library=JMU智能车专用元 New Library=JMU智能车专用元件库1.1.IntLib
Change Component Library : Designator=R3 Old Library=JMU智能车专用元 New Library=JMU智能车专用元件库1.1.IntLib
Change Component Library : Designator=R4 Old Library=JMU智能车专用元 New Library=JMU智能车专用元件库1.1.IntLib
Change Component Library : Designator=R16 Old Library=JMU智能车专用元 New Library=JMU智能车专用元件库1.1.IntLib
Change Component Library : Designator=R26 Old Library=JMU智能车专用元 New Library=JMU智能车专用元件库1.1.IntLib
Change Component Library : Designator=U9 Old Library=JMU智能车专用元 New Library=JMU智能车专用元件库1.1.IntLib
Change Component Library : Designator=U10 Old Library=JMU智能车专用元 New Library=JMU智能车专用元件库1.1.IntLib
Change Component Library : Designator=T2 Old Library=JMU智能车专用元件库1.1 New Library=JMU智能车专用元件库1.1.IntLib
Change Component Library : Designator=T3 Old Library=JMU智能车专用元件库1.1 New Library=JMU智能车专用元件库1.1.IntLib
Change Component Library : Designator=T4 Old Library=JMU智能车专用元件库1.1 New Library=JMU智能车专用元件库1.1.IntLib
Change Component Library : Designator=T5 Old Library=JMU智能车专用元件库1.1 New Library=JMU智能车专用元件库1.1.IntLib
Change Component Library : Designator=T6 Old Library=JMU智能车专用元件库1.1 New Library=JMU智能车专用元件库1.1.IntLib
Change Component Library : Designator=T7 Old Library=JMU智能车专用元件库1.1 New Library=JMU智能车专用元件库1.1.IntLib
Change Component Library : Designator=T8 Old Library=JMU智能车专用元件库1.1 New Library=JMU智能车专用元件库1.1.IntLib
Change Component Library : Designator=T9 Old Library=JMU智能车专用元件库1.1 New Library=JMU智能车专用元件库1.1.IntLib
Change Component Library : Designator=U1 Old Library=JMU智能车专用元件库1.1 New Library=JMU智能车专用元件库1.1.IntLib
Change Component Library : Designator=U3 Old Library=JMU智能车专用元件库1.1 New Library=JMU智能车专用元件库1.1.IntLib
Added Component: Designator=U?(LQFP80)
Added Member To Class: ClassName=SMT2 Member=Component C1 pol cap
Added Member To Class: ClassName=SMT2 Member=Component C3 pol cap
Added Member To Class: ClassName=SMT2 Member=Component C6 104
Added Member To Class: ClassName=SMT2 Member=Component C9 pol cap
Added Member To Class: ClassName=SMT2 Member=Component C10 104
Added Member To Class: ClassName=SMT2 Member=Component C11 pol cap
Added Member To Class: ClassName=SMT2 Member=Component C12 104
Added Member To Class: ClassName=SMT2 Member=Component C13 Cap Pol SMT G
Added Member To Class: ClassName=SMT2 Member=Component C14 Cap Semi
Added Member To Class: ClassName=SMT2 Member=Component C17 106
Added Member To Class: ClassName=SMT2 Member=Component C20 106
Added Member To Class: ClassName=SMT2 Member=Component D3 *
Added Member To Class: ClassName=SMT2 Member=Component D4 *
Added Member To Class: ClassName=SMT2 Member=Component D5 *
Added Member To Class: ClassName=SMT2 Member=Component D6 *
Added Member To Class: ClassName=SMT2 Member=Component D7 *
Added Member To Class: ClassName=SMT2 Member=Component D9 *
Added Member To Class: ClassName=SMT2 Member=Component D10 *
Added Member To Class: ClassName=SMT2 Member=Component D13 *
Added Member To Class: ClassName=SMT2 Member=Component JMU? LOGO(JMU)
Added Member To Class: ClassName=SMT2 Member=Component P1 Header 4
Added Member To Class: ClassName=SMT2 Member=Component Q_KEAP80SYSVK LQ_KEAP80SYSVK
Added Member To Class: ClassName=SMT2 Member=Component R5 0K
Added Member To Class: ClassName=SMT2 Member=Component R6 10K
Added Member To Class: ClassName=SMT2 Member=Component R7 0.22R
Added Member To Class: ClassName=SMT2 Member=Component R8 180R
Added Member To Class: ClassName=SMT2 Member=Component R9 1.5K
Added Member To Class: ClassName=SMT2 Member=Component R10 13K
Added Member To Class: ClassName=SMT2 Member=Component R11 33R
Added Member To Class: ClassName=SMT2 Member=Component R12 33R
Added Member To Class: ClassName=SMT2 Member=Component R13 10K
Added Member To Class: ClassName=SMT2 Member=Component R14 10K
Added Member To Class: ClassName=SMT2 Member=Component R15 10K
Added Member To Class: ClassName=SMT2 Member=Component R17 33R
Added Member To Class: ClassName=SMT2 Member=Component R18 33R
Added Member To Class: ClassName=SMT2 Member=Component R19 10K
Added Member To Class: ClassName=SMT2 Member=Component R20 10K
Added Member To Class: ClassName=SMT2 Member=Component R21 33R
Added Member To Class: ClassName=SMT2 Member=Component R22 33R
Added Member To Class: ClassName=SMT2 Member=Component R23 10K
Added Member To Class: ClassName=SMT2 Member=Component R24 10K
Added Member To Class: ClassName=SMT2 Member=Component R25 10K
Added Member To Class: ClassName=SMT2 Member=Component R27 33R
Added Member To Class: ClassName=SMT2 Member=Component R28 33R
Added Member To Class: ClassName=SMT2 Member=Component R29 10K
Added Member To Class: ClassName=SMT2 Member=Component S1 *
Added Member To Class: ClassName=SMT2 Member=Component U? KEA128
