Removed Member From Class: ClassName=Sheet1 Member=P8
Added Component: Designator=C16(0805)
Added Component: Designator=C17(0805)
Added Component: Designator=C18(0805)
Added Component: Designator=C19(0805)
Added Component: Designator=D13(二极管)
Added Component: Designator=D14(二极管)
Added Component: Designator=D15(二极管)
Added Component: Designator=D16(二极管)
Added Component: Designator=P?(HDR1X10)
Added Component: Designator=R19(0805)
Added Component: Designator=R20(0805)
Added Component: Designator=R21(0805)
Added Component: Designator=R22(0805)
Added Component: Designator=R23(VR5)
Added Component: Designator=R24(VR5)
Added Component: Designator=U4(SOIC-8)
Added Pin To Net: NetName=AGND Pin=C16-1
Added Pin To Net: NetName=AGND Pin=C18-1
Added Pin To Net: NetName=AGND Pin=D14-1
Added Pin To Net: NetName=AGND Pin=D16-1
Added Pin To Net: NetName=AGND Pin=R19-1
Added Pin To Net: NetName=AGND Pin=R20-2
Added Pin To Net: NetName=AGND Pin=R21-2
Added Pin To Net: NetName=AGND Pin=R22-1
Added Pin To Net: NetName=AGND Pin=U4-4
Added Pin To Net: NetName=VCC Pin=U4-8
Added Pin To Net: NetName=ING Pin=U4-3
Added Net: Name=ING
Added Pin To Net: NetName=INH Pin=U4-5
Added Net: Name=INH
Added Pin To Net: NetName=NetC17_1 Pin=C17-1
Added Pin To Net: NetName=NetC17_1 Pin=R24-2
Added Pin To Net: NetName=NetC17_1 Pin=U4-7
Added Net: Name=NetC17_1
Added Pin To Net: NetName=NetC17_2 Pin=C17-2
Added Pin To Net: NetName=NetC17_2 Pin=D15-1
Added Pin To Net: NetName=NetC17_2 Pin=D16-2
Added Net: Name=NetC17_2
Added Pin To Net: NetName=NetC19_1 Pin=C19-1
Added Pin To Net: NetName=NetC19_1 Pin=D13-1
Added Pin To Net: NetName=NetC19_1 Pin=D14-2
Added Net: Name=NetC19_1
Added Pin To Net: NetName=NetC19_2 Pin=C19-2
Added Pin To Net: NetName=NetC19_2 Pin=R23-3
Added Pin To Net: NetName=NetC19_2 Pin=U4-1
Added Net: Name=NetC19_2
Added Pin To Net: NetName=NetR19_2 Pin=R19-2
Added Pin To Net: NetName=NetR19_2 Pin=R24-3
Added Pin To Net: NetName=NetR19_2 Pin=U4-6
Added Net: Name=NetR19_2
Added Pin To Net: NetName=NetR22_2 Pin=R22-2
Added Pin To Net: NetName=NetR22_2 Pin=R23-2
Added Pin To Net: NetName=NetR22_2 Pin=U4-2
Added Net: Name=NetR22_2
Added Pin To Net: NetName=OUTG Pin=C16-2
Added Pin To Net: NetName=OUTG Pin=D13-2
Added Pin To Net: NetName=OUTG Pin=R20-1
Added Net: Name=OUTG
Added Pin To Net: NetName=OUTH Pin=C18-2
Added Pin To Net: NetName=OUTH Pin=D15-2
Added Pin To Net: NetName=OUTH Pin=R21-1
Added Net: Name=OUTH
Added Member To Class: ClassName=Sheet1 Member=Component C16 0.1u
Added Member To Class: ClassName=Sheet1 Member=Component C17 0.1u
Added Member To Class: ClassName=Sheet1 Member=Component C18 0.1u
Added Member To Class: ClassName=Sheet1 Member=Component C19 0.1u
Added Member To Class: ClassName=Sheet1 Member=Component D13 二极管
Added Member To Class: ClassName=Sheet1 Member=Component D14 二极管
Added Member To Class: ClassName=Sheet1 Member=Component D15 二极管
Added Member To Class: ClassName=Sheet1 Member=Component D16 二极管
Added Member To Class: ClassName=Sheet1 Member=Component P? Header 10
Added Member To Class: ClassName=Sheet1 Member=Component R19 1K
Added Member To Class: ClassName=Sheet1 Member=Component R20 51K
Added Member To Class: ClassName=Sheet1 Member=Component R21 51K
Added Member To Class: ClassName=Sheet1 Member=Component R22 1K
Added Member To Class: ClassName=Sheet1 Member=Component R23 200k
Added Member To Class: ClassName=Sheet1 Member=Component R24 200k
Added Member To Class: ClassName=Sheet1 Member=Component U4 OPA2350
Added Room: Name=Sheet1
