Change Component Designator: Old Designator=C1 New Designator=C8
Change Component Designator: Old Designator=C2 New Designator=C9
Change Component Designator: Old Designator=C3 New Designator=C10
Change Component Designator: Old Designator=C4 New Designator=C11
Change Component Designator: Old Designator=C5 New Designator=C12
Change Component Designator: Old Designator=C6 New Designator=C13
Change Component Designator: Old Designator=C8 New Designator=C6
Change Component Designator: Old Designator=C9 New Designator=C5
Change Component Designator: Old Designator=C10 New Designator=C3
Change Component Designator: Old Designator=C11 New Designator=C4
Change Component Designator: Old Designator=C12 New Designator=C2
Change Component Designator: Old Designator=C13 New Designator=C1
Change Component Designator: Old Designator=H1 New Designator=H2
Change Component Designator: Old Designator=H2 New Designator=H1
Change Component Designator: Old Designator=L1 New Designator=L2
Change Component Designator: Old Designator=L2 New Designator=L1
Change Component Designator: Old Designator=PE1 New Designator=PE5
Change Component Designator: Old Designator=PE2 New Designator=PE1
Change Component Designator: Old Designator=PE3 New Designator=PE2
Change Component Designator: Old Designator=PE4 New Designator=PE3
Change Component Designator: Old Designator=PE5 New Designator=PE4
Change Component Designator: Old Designator=R1 New Designator=R8
Change Component Designator: Old Designator=R2 New Designator=R7
Change Component Designator: Old Designator=R3 New Designator=R6
Change Component Designator: Old Designator=R4 New Designator=R2
Change Component Designator: Old Designator=R5 New Designator=R3
Change Component Designator: Old Designator=R6 New Designator=R4
Change Component Designator: Old Designator=R7 New Designator=R5
Change Component Designator: Old Designator=R8 New Designator=R1
