Change Component Designator: Old Designator=C7 New Designator=C8
Change Component Designator: Old Designator=C8 New Designator=C9
Change Component Designator: Old Designator=C9 New Designator=C11
Change Component Designator: Old Designator=C9 New Designator=C13
Change Component Designator: Old Designator=C10 New Designator=C12
Change Component Designator: Old Designator=C16 New Designator=C7
Change Component Designator: Old Designator=H1 New Designator=H2
Change Component Designator: Old Designator=H3 New Designator=H1
Change Component Designator: Old Designator=JTAG New Designator=JTAG1
Change Component Designator: Old Designator=KEA128 New Designator=KEA1
Change Component Designator: Old Designator=LQ_KEA New Designator=LQ_KEA1
Change Component Designator: Old Designator=PE0 New Designator=PE1
Change Component Designator: Old Designator=PE1 New Designator=PE2
Change Component Designator: Old Designator=PE2 New Designator=PE3
Change Component Designator: Old Designator=PE3 New Designator=PE4
Change Component Designator: Old Designator=PE4 New Designator=PE5
Change Component Designator: Old Designator=R2 New Designator=R3
Change Component Designator: Old Designator=R3 New Designator=R2
Change Component Designator: Old Designator=R4 New Designator=R5
Change Component Designator: Old Designator=R5 New Designator=R6
Change Component Designator: Old Designator=R6 New Designator=R7
Change Component Designator: Old Designator=R7 New Designator=R4
Change Component Designator: Old Designator=R11 New Designator=R8
Change Component Designator: Old Designator=XTAL New Designator=XTAL1
