Removed Pin From Net: NetName=B4 Pin=LQ_KEA-57
Change Component DesignItemId : Designator=C3 Old DesignItemId= New DesignItemId=Cap
Change Component DesignItemId : Designator=C4 Old DesignItemId= New DesignItemId=Cap
Change Component DesignItemId : Designator=C6 Old DesignItemId= New DesignItemId=Cap
Change Component DesignItemId : Designator=C7 Old DesignItemId= New DesignItemId=Cap
Change Component DesignItemId : Designator=C8 Old DesignItemId= New DesignItemId=Cap
Change Component DesignItemId : Designator=C9 Old DesignItemId= New DesignItemId=Cap
Change Component DesignItemId : Designator=C10 Old DesignItemId= New DesignItemId=Cap
Change Component DesignItemId : Designator=C11 Old DesignItemId= New DesignItemId=Cap
Change Component DesignItemId : Designator=C12 Old DesignItemId= New DesignItemId=Cap
Change Component DesignItemId : Designator=C13 Old DesignItemId= New DesignItemId=Cap
Change Component DesignItemId : Designator=D1 Old DesignItemId= New DesignItemId=IN5819
Change Component DesignItemId : Designator=D2 Old DesignItemId= New DesignItemId=IN5819
Change Component DesignItemId : Designator=K1 Old DesignItemId= New DesignItemId=K_Press
Change Component DesignItemId : Designator=KEA1 Old DesignItemId= New DesignItemId=ke
Change Component DesignItemId : Designator=LQ_KEA Old DesignItemId= New DesignItemId=LQ_KEA
Change Component DesignItemId : Designator=C5 Old DesignItemId= New DesignItemId=pol cap
Change Component DesignItemId : Designator=R7 Old DesignItemId= New DesignItemId=Res
Change Component Description : Designator=LQ_KEA Old Description= New Description=LQ_KEAP80SYSVK
Change Component Description : Designator=C3 Old Description= New Description=无极电容
Change Component Description : Designator=C4 Old Description= New Description=无极电容
Change Component Description : Designator=C6 Old Description= New Description=无极电容
Change Component Description : Designator=C7 Old Description= New Description=无极电容
Change Component Description : Designator=C8 Old Description= New Description=无极电容
Change Component Description : Designator=C9 Old Description= New Description=无极电容
Change Component Description : Designator=C10 Old Description= New Description=无极电容
Change Component Description : Designator=C11 Old Description= New Description=无极电容
Change Component Description : Designator=C12 Old Description= New Description=无极电容
Change Component Description : Designator=C13 Old Description= New Description=无极电容
Change Component Description : Designator=K1 Old Description= New Description=贴片按键
Change Component Description : Designator=C5 Old Description= New Description=通用有极电容
Change Component Description : Designator=R7 Old Description= New Description=通用电阻
Change Component Library : Designator=C3 Old Library= New Library=JMU智能车专用3.0.1.IntLib
Change Component Library : Designator=C4 Old Library= New Library=JMU智能车专用3.0.1.IntLib
Change Component Library : Designator=C5 Old Library= New Library=JMU智能车专用3.0.1.IntLib
Change Component Library : Designator=C6 Old Library= New Library=JMU智能车专用3.0.1.IntLib
Change Component Library : Designator=C7 Old Library= New Library=JMU智能车专用3.0.1.IntLib
Change Component Library : Designator=C8 Old Library= New Library=JMU智能车专用3.0.1.IntLib
Change Component Library : Designator=C9 Old Library= New Library=JMU智能车专用3.0.1.IntLib
Change Component Library : Designator=C10 Old Library= New Library=JMU智能车专用3.0.1.IntLib
Change Component Library : Designator=C11 Old Library= New Library=JMU智能车专用3.0.1.IntLib
Change Component Library : Designator=C12 Old Library= New Library=JMU智能车专用3.0.1.IntLib
Change Component Library : Designator=C13 Old Library= New Library=JMU智能车专用3.0.1.IntLib
Change Component Library : Designator=D1 Old Library= New Library=JMU智能车专用3.0.1.IntLib
Change Component Library : Designator=D2 Old Library= New Library=JMU智能车专用3.0.1.IntLib
Change Component Library : Designator=K1 Old Library= New Library=JMU智能车专用3.0.1.IntLib
Change Component Library : Designator=KEA1 Old Library= New Library=JMU智能车专用3.0.1.IntLib
Change Component Library : Designator=R7 Old Library= New Library=JMU智能车专用3.0.1.IntLib
Change Component Library : Designator=LQ_KEA Old Library=J New Library=JMU智能车专用3.0.1.IntLib
Added Member To Class: ClassName=KEA Once Member=Component PE3 LED
Added Member To Class: ClassName=KEA Once Member=Component R4 1k
