Added Component: Designator=C1(0805-0C)
Added Component: Designator=C2(0805-0C)
Added Component: Designator=C3(0603)
Added Component: Designator=C4(0805)
Added Component: Designator=C5(pol cap(10uF))
Added Component: Designator=C6(0805)
Added Component: Designator=C7(0603)
Added Component: Designator=C8(0603)
Added Component: Designator=C9(0603)
Added Component: Designator=C10(0603)
Added Component: Designator=C11(0603)
Added Component: Designator=C12(0603)
Added Component: Designator=C13(0603)
Added Component: Designator=D1(二极管)
Added Component: Designator=D2(二极管)
Added Component: Designator=F1(1206R)
Added Component: Designator=H1(S0P4)
Added Component: Designator=H2(S0P6)
Added Component: Designator=JTAG1(HDR2X5)
Added Component: Designator=K1(K_Press)
Added Component: Designator=KEA1(LQFP80)
Added Component: Designator=L1(1206C)
Added Component: Designator=L2(1206C)
Added Component: Designator=LQ_KEA(LQ_KEAP80SYSVK)
Added Component: Designator=PE1(0805LED1)
Added Component: Designator=PE2(0805LED1)
Added Component: Designator=PE3(0805LED1)
Added Component: Designator=PE4(0805LED1)
Added Component: Designator=PE5(0805LED1)
Added Component: Designator=R1(0603-r)
Added Component: Designator=R2(0603-r)
Added Component: Designator=R3(0603-r)
Added Component: Designator=R4(0603-r)
Added Component: Designator=R5(0603-r)
Added Component: Designator=R6(0603-r)
Added Component: Designator=R7(0805)
Added Component: Designator=R8(0603-r)
Added Component: Designator=XTAL1(LC-SMD-3225_4P)
Added Pin To Net: NetName=B6 Pin=C1-1
Added Pin To Net: NetName=AGND Pin=C1-2
Added Pin To Net: NetName=B7 Pin=C2-1
Added Pin To Net: NetName=AGND Pin=C2-2
Added Pin To Net: NetName=AGND Pin=C3-1
Added Pin To Net: NetName=NetC3_2 Pin=C3-2
Added Pin To Net: NetName=AGND Pin=C4-1
Added Pin To Net: NetName=NetC3_2 Pin=C4-2
Added Pin To Net: NetName=VDD Pin=C5-1
Added Pin To Net: NetName=AGND Pin=C5-2
Added Pin To Net: NetName=AGND Pin=C6-1
Added Pin To Net: NetName=NetC6_2 Pin=C6-2
Added Pin To Net: NetName=AGND Pin=C7-1
Added Pin To Net: NetName=A5 Pin=C7-2
Added Pin To Net: NetName=AGND Pin=C8-1
Added Pin To Net: NetName=VDD Pin=C8-2
Added Pin To Net: NetName=AGND Pin=C9-1
Added Pin To Net: NetName=VDD Pin=C9-2
Added Pin To Net: NetName=AGND Pin=C10-1
Added Pin To Net: NetName=VDD Pin=C10-2
Added Pin To Net: NetName=AGND Pin=C11-1
Added Pin To Net: NetName=VDD Pin=C11-2
Added Pin To Net: NetName=AGND Pin=C12-1
Added Pin To Net: NetName=VDD Pin=C12-2
Added Pin To Net: NetName=AGND Pin=C13-1
Added Pin To Net: NetName=VDD Pin=C13-2
Added Pin To Net: NetName=AGND Pin=D1-1
Added Pin To Net: NetName=VDD Pin=D1-2
Added Pin To Net: NetName=AGND Pin=D2-1
Added Pin To Net: NetName=VDD Pin=D2-2
Added Pin To Net: NetName=NetF1_1 Pin=F1-1
Added Pin To Net: NetName=5V Pin=F1-2
Added Pin To Net: NetName=VDD Pin=H1-1
Added Pin To Net: NetName=AGND Pin=H1-2
Added Pin To Net: NetName=I0 Pin=H1-3
Added Pin To Net: NetName=I1 Pin=H1-4
Added Pin To Net: NetName=AGND Pin=H2-1
Added Pin To Net: NetName=VDD Pin=H2-2
Added Pin To Net: NetName=B2 Pin=H2-3
Added Pin To Net: NetName=B3 Pin=H2-4
Added Pin To Net: NetName=B1 Pin=H2-5
Added Pin To Net: NetName=B0 Pin=H2-6
Added Pin To Net: NetName=AGND Pin=K1-1
Added Pin To Net: NetName=A5 Pin=K1-2
Added Pin To Net: NetName=D1 Pin=KEA1-1
Added Pin To Net: NetName=D0 Pin=KEA1-2
Added Pin To Net: NetName=H7 Pin=KEA1-3
Added Pin To Net: NetName=H6 Pin=KEA1-4
Added Pin To Net: NetName=H5 Pin=KEA1-5
Added Pin To Net: NetName=E7 Pin=KEA1-6
Added Pin To Net: NetName=H2 Pin=KEA1-7
Added Pin To Net: NetName=VDD Pin=KEA1-8
Added Pin To Net: NetName=NetC3_2 Pin=KEA1-9
Added Pin To Net: NetName=NetC3_2 Pin=KEA1-10
Added Pin To Net: NetName=AGND Pin=KEA1-11
Added Pin To Net: NetName=AGND Pin=KEA1-12
Added Pin To Net: NetName=B7 Pin=KEA1-13
Added Pin To Net: NetName=B6 Pin=KEA1-14
Added Pin To Net: NetName=I4 Pin=KEA1-15
Added Pin To Net: NetName=I1 Pin=KEA1-16
Added Pin To Net: NetName=I0 Pin=KEA1-17
Added Pin To Net: NetName=H1 Pin=KEA1-18
Added Pin To Net: NetName=H0 Pin=KEA1-19
Added Pin To Net: NetName=E6 Pin=KEA1-20
Added Pin To Net: NetName=E5 Pin=KEA1-21
Added Pin To Net: NetName=B5 Pin=KEA1-22
Added Pin To Net: NetName=B4 Pin=KEA1-23
Added Pin To Net: NetName=C3 Pin=KEA1-24
Added Pin To Net: NetName=C2 Pin=KEA1-25
Added Pin To Net: NetName=D7 Pin=KEA1-26
Added Pin To Net: NetName=D6 Pin=KEA1-27
Added Pin To Net: NetName=D5 Pin=KEA1-28
Added Pin To Net: NetName=I6 Pin=KEA1-29
Added Pin To Net: NetName=I5 Pin=KEA1-30
Added Pin To Net: NetName=C1 Pin=KEA1-31
Added Pin To Net: NetName=C0 Pin=KEA1-32
Added Pin To Net: NetName=H4 Pin=KEA1-33
Added Pin To Net: NetName=H3 Pin=KEA1-34
Added Pin To Net: NetName=F7 Pin=KEA1-35
Added Pin To Net: NetName=F6 Pin=KEA1-36
Added Pin To Net: NetName=F5 Pin=KEA1-37
Added Pin To Net: NetName=F4 Pin=KEA1-38
Added Pin To Net: NetName=B3 Pin=KEA1-39
Added Pin To Net: NetName=B2 Pin=KEA1-40
Added Pin To Net: NetName=B1 Pin=KEA1-41
Added Pin To Net: NetName=B0 Pin=KEA1-42
Added Pin To Net: NetName=F3 Pin=KEA1-43
Added Pin To Net: NetName=F2 Pin=KEA1-44
Added Pin To Net: NetName=A7 Pin=KEA1-45
Added Pin To Net: NetName=A6 Pin=KEA1-46
Added Pin To Net: NetName=E4 Pin=KEA1-47
Added Pin To Net: NetName=AGND Pin=KEA1-48
Added Pin To Net: NetName=VDD Pin=KEA1-49
Added Pin To Net: NetName=G7 Pin=KEA1-50
Added Pin To Net: NetName=G6 Pin=KEA1-51
Added Pin To Net: NetName=G5 Pin=KEA1-52
Added Pin To Net: NetName=G4 Pin=KEA1-53
Added Pin To Net: NetName=F1 Pin=KEA1-54
Added Pin To Net: NetName=F0 Pin=KEA1-55
Added Pin To Net: NetName=D4 Pin=KEA1-56
Added Pin To Net: NetName=D3 Pin=KEA1-57
Added Pin To Net: NetName=D2 Pin=KEA1-58
Added Pin To Net: NetName=A3 Pin=KEA1-59
Added Pin To Net: NetName=A2 Pin=KEA1-60
Added Pin To Net: NetName=A1 Pin=KEA1-61
Added Pin To Net: NetName=A0 Pin=KEA1-62
Added Pin To Net: NetName=C7 Pin=KEA1-63
Added Pin To Net: NetName=C6 Pin=KEA1-64
Added Pin To Net: NetName=I3 Pin=KEA1-65
Added Pin To Net: NetName=I2 Pin=KEA1-66
Added Pin To Net: NetName=E3 Pin=KEA1-67
Added Pin To Net: NetName=E2 Pin=KEA1-68
Added Pin To Net: NetName=AGND Pin=KEA1-69
Added Pin To Net: NetName=VDD Pin=KEA1-70
Added Pin To Net: NetName=G3 Pin=KEA1-71
Added Pin To Net: NetName=G2 Pin=KEA1-72
Added Pin To Net: NetName=G1 Pin=KEA1-73
Added Pin To Net: NetName=G0 Pin=KEA1-74
Added Pin To Net: NetName=E1 Pin=KEA1-75
Added Pin To Net: NetName=E0 Pin=KEA1-76
Added Pin To Net: NetName=C5 Pin=KEA1-77
Added Pin To Net: NetName=C4 Pin=KEA1-78
Added Pin To Net: NetName=A5 Pin=KEA1-79
Added Pin To Net: NetName=A4 Pin=KEA1-80
Added Pin To Net: NetName=NetC3_2 Pin=L1-1
Added Pin To Net: NetName=VDD Pin=L1-2
Added Pin To Net: NetName=NetF1_1 Pin=L2-1
Added Pin To Net: NetName=VDD Pin=L2-2
Added Pin To Net: NetName=F3 Pin=LQ_KEA-3
Added Pin To Net: NetName=F2 Pin=LQ_KEA-4
Added Pin To Net: NetName=A7 Pin=LQ_KEA-5
Added Pin To Net: NetName=A6 Pin=LQ_KEA-6
Added Pin To Net: NetName=E4 Pin=LQ_KEA-7
Added Pin To Net: NetName=G7 Pin=LQ_KEA-8
Added Pin To Net: NetName=G6 Pin=LQ_KEA-9
Added Pin To Net: NetName=G5 Pin=LQ_KEA-10
Added Pin To Net: NetName=G4 Pin=LQ_KEA-11
Added Pin To Net: NetName=D4 Pin=LQ_KEA-14
Added Pin To Net: NetName=D3 Pin=LQ_KEA-15
Added Pin To Net: NetName=D2 Pin=LQ_KEA-16
Added Pin To Net: NetName=A3 Pin=LQ_KEA-17
Added Pin To Net: NetName=A2 Pin=LQ_KEA-18
Added Pin To Net: NetName=A1 Pin=LQ_KEA-19
Added Pin To Net: NetName=A0 Pin=LQ_KEA-20
Added Pin To Net: NetName=C7 Pin=LQ_KEA-21
Added Pin To Net: NetName=C6 Pin=LQ_KEA-22
Added Pin To Net: NetName=I3 Pin=LQ_KEA-23
Added Pin To Net: NetName=I2 Pin=LQ_KEA-24
Added Pin To Net: NetName=E3 Pin=LQ_KEA-25
Added Pin To Net: NetName=E2 Pin=LQ_KEA-26
Added Pin To Net: NetName=G3 Pin=LQ_KEA-27
Added Pin To Net: NetName=G2 Pin=LQ_KEA-28
Added Pin To Net: NetName=G1 Pin=LQ_KEA-29
Added Pin To Net: NetName=G0 Pin=LQ_KEA-30
Added Pin To Net: NetName=E1 Pin=LQ_KEA-31
Added Pin To Net: NetName=E0 Pin=LQ_KEA-32
Added Pin To Net: NetName=C5 Pin=LQ_KEA-33
Added Pin To Net: NetName=5V Pin=LQ_KEA-37
Added Pin To Net: NetName=AGND Pin=LQ_KEA-38
Added Pin To Net: NetName=AGND Pin=LQ_KEA-39
Added Pin To Net: NetName=F4 Pin=LQ_KEA-42
Added Pin To Net: NetName=F5 Pin=LQ_KEA-43
Added Pin To Net: NetName=F6 Pin=LQ_KEA-44
Added Pin To Net: NetName=F7 Pin=LQ_KEA-45
Added Pin To Net: NetName=H3 Pin=LQ_KEA-46
Added Pin To Net: NetName=H4 Pin=LQ_KEA-47
Added Pin To Net: NetName=C0 Pin=LQ_KEA-48
Added Pin To Net: NetName=C1 Pin=LQ_KEA-49
Added Pin To Net: NetName=I5 Pin=LQ_KEA-50
Added Pin To Net: NetName=I6 Pin=LQ_KEA-51
Added Pin To Net: NetName=D5 Pin=LQ_KEA-52
Added Pin To Net: NetName=D6 Pin=LQ_KEA-53
Added Pin To Net: NetName=D7 Pin=LQ_KEA-54
Added Pin To Net: NetName=C2 Pin=LQ_KEA-55
Added Pin To Net: NetName=C3 Pin=LQ_KEA-56
Added Pin To Net: NetName=B4 Pin=LQ_KEA-57
Added Pin To Net: NetName=B5 Pin=LQ_KEA-58
Added Pin To Net: NetName=E5 Pin=LQ_KEA-59
Added Pin To Net: NetName=E6 Pin=LQ_KEA-60
Added Pin To Net: NetName=H0 Pin=LQ_KEA-61
Added Pin To Net: NetName=H1 Pin=LQ_KEA-62
Added Pin To Net: NetName=I4 Pin=LQ_KEA-65
Added Pin To Net: NetName=H2 Pin=LQ_KEA-68
Added Pin To Net: NetName=E7 Pin=LQ_KEA-69
Added Pin To Net: NetName=H5 Pin=LQ_KEA-70
Added Pin To Net: NetName=H6 Pin=LQ_KEA-71
Added Pin To Net: NetName=H7 Pin=LQ_KEA-72
Added Pin To Net: NetName=D0 Pin=LQ_KEA-73
Added Pin To Net: NetName=D1 Pin=LQ_KEA-74
Added Pin To Net: NetName=AGND Pin=LQ_KEA-75
Added Pin To Net: NetName=5V Pin=LQ_KEA-76
Added Pin To Net: NetName=NetPE1_1 Pin=PE1-1
Added Pin To Net: NetName=F0 Pin=PE1-2
Added Pin To Net: NetName=NetPE2_1 Pin=PE2-1
Added Pin To Net: NetName=F1 Pin=PE2-2
Added Pin To Net: NetName=NetPE3_1 Pin=PE3-1
Added Pin To Net: NetName=B4 Pin=PE3-2
Added Pin To Net: NetName=NetPE4_1 Pin=PE4-1
Added Pin To Net: NetName=F2 Pin=PE4-2
Added Pin To Net: NetName=NetPE5_1 Pin=PE5-1
Added Pin To Net: NetName=AGND Pin=PE5-2
Added Pin To Net: NetName=B6 Pin=R1-1
Added Pin To Net: NetName=B7 Pin=R1-2
Added Pin To Net: NetName=NetPE1_1 Pin=R2-1
Added Pin To Net: NetName=VDD Pin=R2-2
Added Pin To Net: NetName=NetPE2_1 Pin=R3-1
Added Pin To Net: NetName=VDD Pin=R3-2
Added Pin To Net: NetName=NetPE3_1 Pin=R4-1
Added Pin To Net: NetName=VDD Pin=R4-2
Added Pin To Net: NetName=NetPE4_1 Pin=R5-1
Added Pin To Net: NetName=VDD Pin=R5-2
Added Pin To Net: NetName=NetPE5_1 Pin=R6-1
Added Pin To Net: NetName=VDD Pin=R6-2
Added Pin To Net: NetName=VDD Pin=R7-1
Added Pin To Net: NetName=NetC6_2 Pin=R7-2
Added Pin To Net: NetName=A5 Pin=R8-1
Added Pin To Net: NetName=VDD Pin=R8-2
Added Pin To Net: NetName=B6 Pin=XTAL1-1
Added Pin To Net: NetName=AGND Pin=XTAL1-2
Added Pin To Net: NetName=B7 Pin=XTAL1-3
Added Pin To Net: NetName=AGND Pin=XTAL1-4
Added Member To Class: ClassName=KEA Once Member=Component C1 12pf
Added Member To Class: ClassName=KEA Once Member=Component C2 12pf
Added Member To Class: ClassName=KEA Once Member=Component C3 106
Added Member To Class: ClassName=KEA Once Member=Component C4 102
Added Member To Class: ClassName=KEA Once Member=Component C5 100UF
Added Member To Class: ClassName=KEA Once Member=Component C6 102
Added Member To Class: ClassName=KEA Once Member=Component C7 104
Added Member To Class: ClassName=KEA Once Member=Component C8 104
Added Member To Class: ClassName=KEA Once Member=Component C9 104
Added Member To Class: ClassName=KEA Once Member=Component C10 104
Added Member To Class: ClassName=KEA Once Member=Component C11 104
Added Member To Class: ClassName=KEA Once Member=Component C12 106
Added Member To Class: ClassName=KEA Once Member=Component C13 106
Added Member To Class: ClassName=KEA Once Member=Component D1 4733
Added Member To Class: ClassName=KEA Once Member=Component D2 4733
Added Member To Class: ClassName=KEA Once Member=Component F1 350mA
Added Member To Class: ClassName=KEA Once Member=Component H1 Bluetooth
Added Member To Class: ClassName=KEA Once Member=Component H2 OLED
Added Member To Class: ClassName=KEA Once Member=Component K1 Key
Added Member To Class: ClassName=KEA Once Member=Component KEA1 kea128芯片
Added Member To Class: ClassName=KEA Once Member=Component L1 1000H
Added Member To Class: ClassName=KEA Once Member=Component L2 10H
Added Member To Class: ClassName=KEA Once Member=Component LQ_KEA 
Added Member To Class: ClassName=KEA Once Member=Component PE1 LED
Added Member To Class: ClassName=KEA Once Member=Component PE2 LED
Added Member To Class: ClassName=KEA Once Member=Component PE3 LED
Added Member To Class: ClassName=KEA Once Member=Component PE4 LED
Added Member To Class: ClassName=KEA Once Member=Component PE5 LED
Added Member To Class: ClassName=KEA Once Member=Component R1 1M
Added Member To Class: ClassName=KEA Once Member=Component R2 1k
Added Member To Class: ClassName=KEA Once Member=Component R3 1k
Added Member To Class: ClassName=KEA Once Member=Component R4 1k
Added Member To Class: ClassName=KEA Once Member=Component R5 1k
Added Member To Class: ClassName=KEA Once Member=Component R6 1k
Added Member To Class: ClassName=KEA Once Member=Component R7 33.3K
Added Member To Class: ClassName=KEA Once Member=Component R8 4.7K
Added Member To Class: ClassName=KEA Once Member=Component XTAL1 16M
Added Room: Name=KEA Once
