Change Component Comment : Designator=R4_.22r Old Comment= New Comment=.22r
Change Component Comment : Designator=R6_0R Old Comment=0k New Comment=0r
Change Component Comment : Designator=R7_0R Old Comment=0k New Comment=0r
Change Component Comment : Designator=R2_1.5k Old Comment=0k New Comment=1.5k
Change Component Comment : Designator=R8_10k Old Comment=0k New Comment=10k
Change Component Comment : Designator=R9_10k Old Comment=0k New Comment=10k
Change Component Comment : Designator=R10_10K Old Comment=0k New Comment=10k
Change Component Comment : Designator=R14_10K Old Comment=0k New Comment=10k
Change Component Comment : Designator=R17_10K Old Comment=0k New Comment=10k
Change Component Comment : Designator=R20_10K Old Comment=0k New Comment=10k
Change Component Comment : Designator=R22_10k Old Comment=0k New Comment=10k
Change Component Comment : Designator=R23_10k Old Comment=0k New Comment=10k
Change Component Comment : Designator=R25_10K Old Comment=0k New Comment=10k
Change Component Comment : Designator=R28_10K Old Comment=0k New Comment=10k
Change Component Comment : Designator=R30_10K Old Comment=0k New Comment=10k
Change Component Comment : Designator=R32_10K Old Comment=0k New Comment=10k
Change Component Comment : Designator=R11_10R Old Comment=0k New Comment=10R
Change Component Comment : Designator=R13_10R Old Comment=0k New Comment=10R
Change Component Comment : Designator=R16_10R Old Comment=0k New Comment=10R
Change Component Comment : Designator=R19_10R Old Comment=0k New Comment=10R
Change Component Comment : Designator=R24_10R Old Comment=0k New Comment=10R
Change Component Comment : Designator=R27_10R Old Comment=0k New Comment=10R
Change Component Comment : Designator=R30_10R Old Comment=0k New Comment=10R
Change Component Comment : Designator=R31_10R Old Comment=0k New Comment=10R
Change Component Comment : Designator=R1_13k Old Comment=0k New Comment=13k
Change Component Comment : Designator=R5_20K Old Comment=0k New Comment=20k
Change Component Comment : Designator=R3_180r Old Comment=0k New Comment=180r
Change Component Comment : Designator=R32_500 Old Comment=0k New Comment=500
Change Component Comment : Designator=R12_500 Old Comment=0k New Comment=500R
Change Component Comment : Designator=R15_500 Old Comment=0k New Comment=500R
Change Component Comment : Designator=R18_500 Old Comment=0k New Comment=500R
Change Component Comment : Designator=R20_500 Old Comment=0k New Comment=500R
Change Component Comment : Designator=R21_500 Old Comment=0k New Comment=500R
Change Component Comment : Designator=R26_500 Old Comment=0k New Comment=500R
Change Component Comment : Designator=R29_500 Old Comment=0k New Comment=500R
Change Component Comment : Designator=C? Old Comment=Cap2 New Comment=100PF
Change Component Comment : Designator=C3_470u Old Comment=Cap2 New Comment=470U
Change Component Comment : Designator=C2_0.1u Old Comment=Cap New Comment=0.1
Change Component Comment : Designator=C8_0.1u Old Comment=Cap New Comment=0.1
Change Component Comment : Designator=C9_0.1u Old Comment=Cap New Comment=0.1
Change Component Comment : Designator=C3_0.1u Old Comment=Cap New Comment=0.1U
Change Component Comment : Designator=C4_0.1u Old Comment=Cap New Comment=0.1U
Change Component Comment : Designator=C5_0.1u Old Comment=Cap New Comment=0.1U
Change Component Comment : Designator=C6_0.1u Old Comment=Cap New Comment=0.1U
Change Component Comment : Designator=C7_0.1u Old Comment=Cap New Comment=0.1U
Change Component Comment : Designator=C1_104 Old Comment=Cap New Comment=104
Change Component Comment : Designator=C3_104 Old Comment=Cap New Comment=104
Change Component Comment : Designator=C1_105 Old Comment=Cap New Comment=105
Change Component Comment : Designator=C2_105 Old Comment=Cap New Comment=105
Change Component Comment : Designator=C2_1005 Old Comment=Cap New Comment=105
Change Component Comment : Designator=C4_105 Old Comment=Cap New Comment=105
Change Component Comment : Designator=C4_1005 Old Comment=Cap New Comment=105
Change Component Comment : Designator=C_105 Old Comment=Cap New Comment=105
Change Component Comment : Designator=C1_100uf Old Comment=Cap Pol1 New Comment=100UF
Change Component Designator: OldDesignator=C1_100uf NewDesignator=C3
Change Component Designator: OldDesignator=C1_104 NewDesignator=C20
Change Component Designator: OldDesignator=C1_105 NewDesignator=C14
Change Component Designator: OldDesignator=C1_470PF NewDesignator=C1
Change Component Designator: OldDesignator=C2_0.1u NewDesignator=C16
Change Component Designator: OldDesignator=C2_105 NewDesignator=C4
Change Component Designator: OldDesignator=C2_1005 NewDesignator=C15
Change Component Designator: OldDesignator=C3_0.1u NewDesignator=C17
Change Component Designator: OldDesignator=C3_104 NewDesignator=C12
Change Component Designator: OldDesignator=C3_470u NewDesignator=C11
Change Component Designator: OldDesignator=C4_0.1u NewDesignator=C18
Change Component Designator: OldDesignator=C4_105 NewDesignator=C5
Change Component Designator: OldDesignator=C4_1005 NewDesignator=C6
Change Component Designator: OldDesignator=C5_0.1u NewDesignator=C19
Change Component Designator: OldDesignator=C6_0.1u NewDesignator=C9
Change Component Designator: OldDesignator=C7_0.1u NewDesignator=C10
Change Component Designator: OldDesignator=C8_0.1u NewDesignator=C7
Change Component Designator: OldDesignator=C9_0.1u NewDesignator=C8
Change Component Designator: OldDesignator=C? NewDesignator=C2
Change Component Designator: OldDesignator=C_105 NewDesignator=C13
Change Component Designator: OldDesignator=R1_13k NewDesignator=R3
Change Component Designator: OldDesignator=R2_1.5k NewDesignator=R4
Change Component Designator: OldDesignator=R3_180r NewDesignator=R2
Change Component Designator: OldDesignator=R4_.22r NewDesignator=R1
Change Component Designator: OldDesignator=R5_20K NewDesignator=R7
Change Component Designator: OldDesignator=R6_0R NewDesignator=R5
Change Component Designator: OldDesignator=R7_0R NewDesignator=R6
Change Component Designator: OldDesignator=R8_10k NewDesignator=R8
Change Component Designator: OldDesignator=R9_10k NewDesignator=R9
Change Component Designator: OldDesignator=R10_10K NewDesignator=R10
Change Component Designator: OldDesignator=R11_10R NewDesignator=R11
Change Component Designator: OldDesignator=R12_500 NewDesignator=R12
Change Component Designator: OldDesignator=R13_10R NewDesignator=R13
Change Component Designator: OldDesignator=R14_10K NewDesignator=R14
Change Component Designator: OldDesignator=R15_500 NewDesignator=R15
Change Component Designator: OldDesignator=R16_10R NewDesignator=R16
Change Component Designator: OldDesignator=R17_10K NewDesignator=R17
Change Component Designator: OldDesignator=R18_500 NewDesignator=R18
Change Component Designator: OldDesignator=R19_10R NewDesignator=R19
Change Component Designator: OldDesignator=R20_10K NewDesignator=R20
Change Component Designator: OldDesignator=R20_500 NewDesignator=R32
Change Component Designator: OldDesignator=R21_500 NewDesignator=R21
Change Component Designator: OldDesignator=R22_10k NewDesignator=R22
Change Component Designator: OldDesignator=R23_10k NewDesignator=R23
Change Component Designator: OldDesignator=R24_10R NewDesignator=R24
Change Component Designator: OldDesignator=R25_10K NewDesignator=R25
Change Component Designator: OldDesignator=R26_500 NewDesignator=R26
Change Component Designator: OldDesignator=R27_10R NewDesignator=R27
Change Component Designator: OldDesignator=R28_10K NewDesignator=R28
Change Component Designator: OldDesignator=R29_500 NewDesignator=R29
Change Component Designator: OldDesignator=R30_10K NewDesignator=R31
Change Component Designator: OldDesignator=R30_10R NewDesignator=R30
Change Component Designator: OldDesignator=R31_10R NewDesignator=R33
Change Component Designator: OldDesignator=R32_10K NewDesignator=R34
Change Component Designator: OldDesignator=R32_500 NewDesignator=R35
Change Net Name : Old Net Name=NetC1_104_1 New Net Name=NetC15_2
Change Net Name : Old Net Name=NetC1_104_2 New Net Name=NetC14_2
Change Net Name : Old Net Name=NetC1_105_1 New Net Name=NetC14_1
Change Net Name : Old Net Name=NetC1_470PF_1 New Net Name=NetC1_1
Change Net Name : Old Net Name=NetC2_0.1u_1 New Net Name=NetC16_1
Change Net Name : Old Net Name=NetC2_1005_1 New Net Name=NetC15_1
Change Net Name : Old Net Name=NetC3_0.1u_1 New Net Name=NetC17_1
Change Net Name : Old Net Name=NetC3_104_1 New Net Name=NetC6_2
Change Net Name : Old Net Name=NetC3_104_2 New Net Name=NetC5_2
Change Net Name : Old Net Name=NetC4_0.1u_1 New Net Name=NetC18_1
Change Net Name : Old Net Name=NetC4_105_1 New Net Name=NetC5_1
Change Net Name : Old Net Name=NetC4_1005_1 New Net Name=NetC6_1
Change Net Name : Old Net Name=NetC5_0.1u_1 New Net Name=NetC19_1
Change Net Name : Old Net Name=NetC6_0.1u_1 New Net Name=NetC9_1
Change Net Name : Old Net Name=NetC7_0.1u_1 New Net Name=NetC10_1
Change Net Name : Old Net Name=NetC8_0.1u_1 New Net Name=NetC7_1
Change Net Name : Old Net Name=NetC9_0.1u_1 New Net Name=NetC8_1
Change Net Name : Old Net Name=NetR1_13k_2 New Net Name=NetR3_2
Change Net Name : Old Net Name=NetR3_180r_2 New Net Name=NetR2_2
Change Net Name : Old Net Name=NetR8_10k_2 New Net Name=NetR8_2
Change Net Name : Old Net Name=NetR9_10k_2 New Net Name=NetR9_2
Change Net Name : Old Net Name=NetR22_10k_2 New Net Name=NetR22_2
Change Net Name : Old Net Name=NetR23_10k_2 New Net Name=NetR23_2
Added Room: Name=Sheet1
