Added Component: Designator=C1_100uf(胆电容 - duplicate)
Added Component: Designator=C1_105(0805)
Added Component: Designator=C1_470PF(0805)
Added Component: Designator=C2_105(0805)
Added Component: Designator=C?(CAPR5-4X5)
Added Component: Designator=C_105(0805)
Added Component: Designator=D1(二极管)
Added Component: Designator=D2(二极管)
Added Component: Designator=L1_220uH(电感8*8)
Added Component: Designator=LED?(LED(0805))
Added Component: Designator=P?(T型接头)
Added Component: Designator=R1_13k(0805)
Added Component: Designator=R2_1.5k(0805)
Added Component: Designator=R3_180r(0805)
Added Component: Designator=R4_.22r(0805)
Added Component: Designator=R5_20K(0805)
Added Component: Designator=R6_0R(0805)
Added Component: Designator=R7_0R(0805)
Added Component: Designator=R8_10k(0805)
Added Component: Designator=R9_10k(0805)
Added Component: Designator=R10(0805)
Added Component: Designator=R11(0805)
Added Component: Designator=R12(0805)
Added Component: Designator=R13(0805)
Added Component: Designator=R14(0805)
Added Component: Designator=R15(0805)
Added Component: Designator=U1(SO8NB)
Added Component: Designator=U2(HIP4082I)
Added Pin To Net: NetName=VCC Pin=C1_100uf-1
Added Pin To Net: NetName=AGND Pin=C1_100uf-2
Added Pin To Net: NetName=NetD?_1 Pin=C1_105-1
Added Pin To Net: NetName=NetC1_470PF_1 Pin=C1_470PF-1
Added Pin To Net: NetName=AGND Pin=C1_470PF-2
Added Pin To Net: NetName=AGND Pin=C?-1
Added Pin To Net: NetName=12V Pin=C?-2
Added Pin To Net: NetName=SGND Pin=C_105-1
Added Pin To Net: NetName=12V Pin=C_105-2
Added Pin To Net: NetName=12V Pin=D1-2
Added Pin To Net: NetName=12V Pin=D2-1
Added Pin To Net: NetName=NetD?_1 Pin=D2-2
Added Pin To Net: NetName=NetL1_220uH_1 Pin=L1_220uH-1
Added Pin To Net: NetName=VCC Pin=LED?-1
Added Pin To Net: NetName=NetLED?_2 Pin=LED?-2
Added Pin To Net: NetName=VCC Pin=P?-1
Added Pin To Net: NetName=AGND Pin=P?-2
Added Pin To Net: NetName=12V Pin=R1_13k-1
Added Pin To Net: NetName=NetR1_13k_2 Pin=R1_13k-2
Added Pin To Net: NetName=AGND Pin=R2_1.5k-1
Added Pin To Net: NetName=NetR1_13k_2 Pin=R2_1.5k-2
Added Pin To Net: NetName=NetL1_220uH_1 Pin=R3_180r-1
Added Pin To Net: NetName=NetR3_180r_2 Pin=R3_180r-2
Added Pin To Net: NetName=VCC Pin=R4_.22r-1
Added Pin To Net: NetName=NetL1_220uH_1 Pin=R4_.22r-2
Added Pin To Net: NetName=NetLED?_2 Pin=R5_20K-1
Added Pin To Net: NetName=AGND Pin=R5_20K-2
Added Pin To Net: NetName=SGND Pin=R6_0R-1
Added Pin To Net: NetName=AGND Pin=R6_0R-2
Added Pin To Net: NetName=DGND Pin=R7_0R-1
Added Pin To Net: NetName=AGND Pin=R7_0R-2
Added Pin To Net: NetName=DGND Pin=R8_10k-1
Added Pin To Net: NetName=NetR8_10k_2 Pin=R8_10k-2
Added Pin To Net: NetName=DGND Pin=R9_10k-1
Added Pin To Net: NetName=NetR9_10k_2 Pin=R9_10k-2
Added Pin To Net: NetName=AGND Pin=U1-2
Added Pin To Net: NetName=NetC1_470PF_1 Pin=U1-3
Added Pin To Net: NetName=AGND Pin=U1-4
Added Pin To Net: NetName=NetR1_13k_2 Pin=U1-5
Added Pin To Net: NetName=VCC Pin=U1-6
Added Pin To Net: NetName=NetL1_220uH_1 Pin=U1-7
Added Pin To Net: NetName=NetR3_180r_2 Pin=U1-8
Added Pin To Net: NetName=NetD?_1 Pin=U2-1
Added Pin To Net: NetName=12V Pin=U2-2
Added Pin To Net: NetName=PWM1 Pin=U2-3
Added Pin To Net: NetName=PWM2 Pin=U2-4
Added Pin To Net: NetName=NetR8_10k_2 Pin=U2-5
Added Pin To Net: NetName=DGND Pin=U2-6
Added Pin To Net: NetName=12V Pin=U2-7
Added Pin To Net: NetName=NetR9_10k_2 Pin=U2-8
Change Net Name : Old Net Name=NetD?_1 New Net Name=NetC1_105_1
Added Pin To Net: NetName=NetC1_105_2 Pin=C1_105-2
Added Pin To Net: NetName=NetC1_105_2 Pin=U2-15
Added Net: Name=NetC1_105_2
Added Pin To Net: NetName=NetD1_1 Pin=D1-1
Added Pin To Net: NetName=NetD1_1 Pin=L1_220uH-2
Added Pin To Net: NetName=NetD1_1 Pin=U1-1
Added Net: Name=NetD1_1
Added Member To Class: ClassName=Sheet1 Member=Component C1_100uf Cap Pol1
Added Member To Class: ClassName=Sheet1 Member=Component C1_105 Cap
Added Member To Class: ClassName=Sheet1 Member=Component C1_470PF 470pF
Added Member To Class: ClassName=Sheet1 Member=Component C2_105 Cap
Added Member To Class: ClassName=Sheet1 Member=Component C? Cap2
Added Member To Class: ClassName=Sheet1 Member=Component C_105 Cap
Added Member To Class: ClassName=Sheet1 Member=Component D1 二极管
Added Member To Class: ClassName=Sheet1 Member=Component D2 二极管
Added Member To Class: ClassName=Sheet1 Member=Component L1_220uH Inductor
Added Member To Class: ClassName=Sheet1 Member=Component LED? LED
Added Member To Class: ClassName=Sheet1 Member=Component P? 电源接线端子
Added Member To Class: ClassName=Sheet1 Member=Component R1_13k 0k
Added Member To Class: ClassName=Sheet1 Member=Component R2_1.5k 0k
Added Member To Class: ClassName=Sheet1 Member=Component R3_180r 0k
Added Member To Class: ClassName=Sheet1 Member=Component R4_.22r 
Added Member To Class: ClassName=Sheet1 Member=Component R5_20K 0k
Added Member To Class: ClassName=Sheet1 Member=Component R6_0R 0k
Added Member To Class: ClassName=Sheet1 Member=Component R7_0R 0k
Added Member To Class: ClassName=Sheet1 Member=Component R8_10k 0k
Added Member To Class: ClassName=Sheet1 Member=Component R9_10k 0k
Added Member To Class: ClassName=Sheet1 Member=Component R10 0k
Added Member To Class: ClassName=Sheet1 Member=Component R11 0k
Added Member To Class: ClassName=Sheet1 Member=Component R12 0k
Added Member To Class: ClassName=Sheet1 Member=Component R13 0k
Added Member To Class: ClassName=Sheet1 Member=Component R14 0k
Added Member To Class: ClassName=Sheet1 Member=Component R15 0k
Added Member To Class: ClassName=Sheet1 Member=Component U1 MC34063
Added Member To Class: ClassName=Sheet1 Member=Component U2 HIP4082I
Added Room: Name=Sheet1
