Change Component Comment : Designator=Q1 Old Comment= New Comment=IR7843
Change Component Comment : Designator=Q2 Old Comment= New Comment=IR7843
Change Component Comment : Designator=Q3 Old Comment= New Comment=IR7843
Change Component Comment : Designator=Q4 Old Comment= New Comment=IR7843
Change Component Comment : Designator=Q5 Old Comment= New Comment=IR7843
Change Component Comment : Designator=Q6 Old Comment= New Comment=IR7843
Change Component Comment : Designator=Q7 Old Comment= New Comment=IR7843
Change Component Comment : Designator=Q8 Old Comment= New Comment=IR7843
Change Component Comment : Designator=D1 Old Comment= New Comment=二极管
Change Component Comment : Designator=D3 Old Comment= New Comment=二极管
Change Component Comment : Designator=D4 Old Comment= New Comment=二极管
Change Component Comment : Designator=D5 Old Comment= New Comment=二极管
Change Component Comment : Designator=D6 Old Comment= New Comment=二极管
Change Component Comment : Designator=D7 Old Comment= New Comment=二极管
Change Component Comment : Designator=D8 Old Comment= New Comment=二极管
Change Component Comment : Designator=D9 Old Comment= New Comment=二极管
Change Component Comment : Designator=D10 Old Comment= New Comment=二极管
Change Component Comment : Designator=D11 Old Comment= New Comment=二极管
Change Component Comment : Designator=D12 Old Comment= New Comment=二极管
Change Component Comment : Designator=D13 Old Comment= New Comment=二极管
Change Component Comment : Designator=D14 Old Comment= New Comment=二极管
Change Component Comment : Designator=D15 Old Comment= New Comment=二极管
Change Component Comment : Designator=D16 Old Comment= New Comment=二极管
Change Component Comment : Designator=D17 Old Comment= New Comment=二极管
Change Component Comment : Designator=D18 Old Comment= New Comment=二极管
Change Component Comment : Designator=D19 Old Comment= New Comment=二极管
Change Component Comment : Designator=D20 Old Comment= New Comment=二极管
Change Component Comment : Designator=D Old Comment= New Comment=二极管
Added Pin To Net: NetName=AGND Pin=C4-1
Added Room: Name=Sheet1
