Removed Pin From Net: NetName=NetC5_2 Pin=C7-2
Removed Pin From Net: NetName=PGND Pin=C8-2
Removed Pin From Net: NetName=NetC6_2 Pin=C9-2
Removed Pin From Net: NetName=PGND Pin=C10-2
Removed Pin From Net: NetName=NetC14_2 Pin=C16-2
Removed Pin From Net: NetName=PGND Pin=C17-2
Removed Pin From Net: NetName=NetC15_2 Pin=C18-2
Removed Pin From Net: NetName=PGND Pin=C19-2
Removed Pin From Net: NetName=VCC Pin=D4-2
Removed Pin From Net: NetName=NetC14_2 Pin=D6-2
Removed Pin From Net: NetName=VCC Pin=D8-2
Removed Pin From Net: NetName=NetC15_2 Pin=D10-2
Removed Pin From Net: NetName=VCC Pin=D14-2
Removed Pin From Net: NetName=NetC5_2 Pin=D16-2
Removed Pin From Net: NetName=VCC Pin=D18-2
Removed Pin From Net: NetName=NetC6_2 Pin=D20-2
Removed Pin From Net: NetName=VCC Pin=R12-1
Removed Pin From Net: NetName=NetC14_2 Pin=R15-1
Removed Pin From Net: NetName=VCC Pin=R18-1
Removed Pin From Net: NetName=NetC15_2 Pin=R21-1
Removed Pin From Net: NetName=VCC Pin=R26-1
Removed Pin From Net: NetName=NetC5_2 Pin=R29-1
Removed Pin From Net: NetName=VCC Pin=R32-1
Removed Pin From Net: NetName=NetC6_2 Pin=R35-1
Removed Member From Class: ClassName=Sheet1 Member=C7
Removed Member From Class: ClassName=Sheet1 Member=C8
Removed Member From Class: ClassName=Sheet1 Member=C9
Removed Member From Class: ClassName=Sheet1 Member=C10
Removed Member From Class: ClassName=Sheet1 Member=C16
Removed Member From Class: ClassName=Sheet1 Member=C17
Removed Member From Class: ClassName=Sheet1 Member=C18
Removed Member From Class: ClassName=Sheet1 Member=C19
Removed Member From Class: ClassName=Sheet1 Member=D4
Removed Member From Class: ClassName=Sheet1 Member=D6
Removed Member From Class: ClassName=Sheet1 Member=D8
Removed Member From Class: ClassName=Sheet1 Member=D10
Removed Member From Class: ClassName=Sheet1 Member=D14
Removed Member From Class: ClassName=Sheet1 Member=D16
Removed Member From Class: ClassName=Sheet1 Member=D18
Removed Member From Class: ClassName=Sheet1 Member=D20
Removed Member From Class: ClassName=Sheet1 Member=R12
Removed Member From Class: ClassName=Sheet1 Member=R15
Removed Member From Class: ClassName=Sheet1 Member=R18
Removed Member From Class: ClassName=Sheet1 Member=R21
Removed Member From Class: ClassName=Sheet1 Member=R26
Removed Member From Class: ClassName=Sheet1 Member=R29
Removed Member From Class: ClassName=Sheet1 Member=R32
Removed Member From Class: ClassName=Sheet1 Member=R35
Added Room: Name=Sheet1
