Change Component Designator: Old Designator=1C1 New Designator=1
Change Component Designator: Old Designator=1C2 New Designator=2
Change Component Designator: Old Designator=1C3 New Designator=3
Change Component Designator: Old Designator=1C4 New Designator=4
Change Component Designator: Old Designator=2C1 New Designator=7
Change Component Designator: Old Designator=2C2 New Designator=8
Change Component Designator: Old Designator=2C3 New Designator=9
Change Component Designator: Old Designator=2C4 New Designator=10
Change Component Designator: Old Designator=3C1 New Designator=11
Change Component Designator: Old Designator=3C2 New Designator=12
Change Component Designator: Old Designator=3C3 New Designator=13
Change Component Designator: Old Designator=3C4 New Designator=14
Change Component Designator: Old Designator=10T1 New Designator=5
Change Component Designator: Old Designator=10U1 New Designator=6
Change Component Designator: Old Designator=A-G New Designator=A-G1
Change Component Designator: Old Designator=ad New Designator=ad1
Change Component Designator: Old Designator=C0 New Designator=C5
Change Component Designator: Old Designator=C1 New Designator=C9
Change Component Designator: Old Designator=C1 New Designator=C20
Change Component Designator: Old Designator=C2 New Designator=C13
Change Component Designator: Old Designator=C2 New Designator=C22
Change Component Designator: Old Designator=C3 New Designator=C1
Change Component Designator: Old Designator=C3 New Designator=C23
Change Component Designator: Old Designator=C4 New Designator=C3
Change Component Designator: Old Designator=C4 New Designator=C16
Change Component Designator: Old Designator=C4 New Designator=C19
Change Component Designator: Old Designator=C5 New Designator=C2
Change Component Designator: Old Designator=C6 New Designator=C4
Change Component Designator: Old Designator=C7 New Designator=C14
Change Component Designator: Old Designator=C7 New Designator=C18
Change Component Designator: Old Designator=C7 New Designator=C21
Change Component Designator: Old Designator=C8 New Designator=C6
Change Component Designator: Old Designator=C9 New Designator=C7
Change Component Designator: Old Designator=C9 New Designator=C10
Change Component Designator: Old Designator=C9 New Designator=C17
Change Component Designator: Old Designator=C10 New Designator=C8
Change Component Designator: Old Designator=C13 New Designator=C15
Change Component Designator: Old Designator=D1 New Designator=D3
Change Component Designator: Old Designator=D1 New Designator=D4
Change Component Designator: Old Designator=D1 New Designator=D6
Change Component Designator: Old Designator=D3 New Designator=D20
Change Component Designator: Old Designator=D3 New Designator=D22
Change Component Designator: Old Designator=D4 New Designator=D5
Change Component Designator: Old Designator=D4 New Designator=D9
Change Component Designator: Old Designator=D4 New Designator=D12
Change Component Designator: Old Designator=D4 New Designator=D14
Change Component Designator: Old Designator=D6 New Designator=D13
Change Component Designator: Old Designator=D6 New Designator=D15
Change Component Designator: Old Designator=D7 New Designator=D21
Change Component Designator: Old Designator=D7 New Designator=D23
Change Component Designator: Old Designator=D-G New Designator=D-G1
Change Component Designator: Old Designator=D? New Designator=D7
Change Component Designator: Old Designator=D? New Designator=D8
Change Component Designator: Old Designator=D? New Designator=D10
Change Component Designator: Old Designator=D? New Designator=D11
Change Component Designator: Old Designator=D? New Designator=D16
Change Component Designator: Old Designator=D? New Designator=D17
Change Component Designator: Old Designator=D? New Designator=D18
Change Component Designator: Old Designator=D? New Designator=D19
Change Component Designator: Old Designator=H1 New Designator=H2
Change Component Designator: Old Designator=H2 New Designator=H1
Change Component Designator: Old Designator=K1 New Designator=K4
Change Component Designator: Old Designator=K2 New Designator=K3
Change Component Designator: Old Designator=K3 New Designator=K2
Change Component Designator: Old Designator=L1_220uH New Designator=L3
Change Component Designator: Old Designator=led New Designator=led1
Change Component Designator: Old Designator=LED New Designator=LED2
Change Component Designator: Old Designator=P0_1 New Designator=P1
Change Component Designator: Old Designator=P0_2 New Designator=P3
Change Component Designator: Old Designator=P1 New Designator=P2
Change Component Designator: Old Designator=P2 New Designator=P4
Change Component Designator: Old Designator=P5 New Designator=P7
Change Component Designator: Old Designator=P6 New Designator=P8
Change Component Designator: Old Designator=P_LED New Designator=P_LED1
Change Component Designator: Old Designator=PE5 New Designator=PE1
Change Component Designator: Old Designator=R0 New Designator=R4
Change Component Designator: Old Designator=R1 New Designator=R3
Change Component Designator: Old Designator=R1 New Designator=R5
Change Component Designator: Old Designator=R1 New Designator=R9
Change Component Designator: Old Designator=R2 New Designator=R13
Change Component Designator: Old Designator=R3 New Designator=R11
Change Component Designator: Old Designator=R4 New Designator=R12
Change Component Designator: Old Designator=R5 New Designator=R25
Change Component Designator: Old Designator=R6 New Designator=R1
Change Component Designator: Old Designator=R6 New Designator=R23
Change Component Designator: Old Designator=R7 New Designator=R2
Change Component Designator: Old Designator=R7 New Designator=R32
Change Component Designator: Old Designator=R8 New Designator=R7
Change Component Designator: Old Designator=R10 New Designator=R6
Change Component Designator: Old Designator=R11 New Designator=R8
Change Component Designator: Old Designator=R11 New Designator=R14
Change Component Designator: Old Designator=R11 New Designator=R15
Change Component Designator: Old Designator=R11 New Designator=R19
Change Component Designator: Old Designator=R12 New Designator=R26
Change Component Designator: Old Designator=R12 New Designator=R30
Change Component Designator: Old Designator=R13 New Designator=R17
Change Component Designator: Old Designator=R13 New Designator=R21
Change Component Designator: Old Designator=R14 New Designator=R28
Change Component Designator: Old Designator=R14 New Designator=R33
Change Component Designator: Old Designator=R17 New Designator=R16
Change Component Designator: Old Designator=R17 New Designator=R20
Change Component Designator: Old Designator=R18 New Designator=R27
Change Component Designator: Old Designator=R18 New Designator=R31
Change Component Designator: Old Designator=R19 New Designator=R18
Change Component Designator: Old Designator=R19 New Designator=R22
Change Component Designator: Old Designator=R20 New Designator=R29
Change Component Designator: Old Designator=R20 New Designator=R34
Change Component Designator: Old Designator=R36 New Designator=R24
Change Component Designator: Old Designator=T2 New Designator=T1
Change Component Designator: Old Designator=T2 New Designator=T3
Change Component Designator: Old Designator=T3 New Designator=T5
Change Component Designator: Old Designator=T3 New Designator=T7
Change Component Designator: Old Designator=T4 New Designator=T2
Change Component Designator: Old Designator=T5 New Designator=T6
Change Component Designator: Old Designator=T5 New Designator=T8
Change Component Designator: Old Designator=U1 New Designator=U6
Change Component Designator: Old Designator=U2 New Designator=U4
Change Component Designator: Old Designator=U2 New Designator=U5
Change Component Designator: Old Designator=U6 New Designator=U7
