Added Component: Designator=Q1(TO-252  mos管)
Added Component: Designator=Q2(TO-252  mos管)
Added Component: Designator=Q3(TO-252  mos管)
Added Component: Designator=Q4(TO-252  mos管)
Added Component: Designator=Q5(TO-252  mos管)
Added Component: Designator=Q6(TO-252  mos管)
Added Component: Designator=Q7(TO-252  mos管)
Added Component: Designator=Q8(TO-252  mos管)
Added Pin To Net: NetName=NetQ1_1 Pin=Q1-1
Added Pin To Net: NetName=VCC Pin=Q1-2
Added Pin To Net: NetName=NetC1_104_2 Pin=Q1-3
Added Pin To Net: NetName=NetD5_1 Pin=Q2-1
Added Pin To Net: NetName=NetC1_104_2 Pin=Q2-2
Added Pin To Net: NetName=SGND Pin=Q2-3
Added Pin To Net: NetName=NetD7_1 Pin=Q3-1
Added Pin To Net: NetName=VCC Pin=Q3-2
Added Pin To Net: NetName=NetC1_104_1 Pin=Q3-3
Added Pin To Net: NetName=NetD9_1 Pin=Q4-1
Added Pin To Net: NetName=NetC1_104_1 Pin=Q4-2
Added Pin To Net: NetName=SGND Pin=Q4-3
Added Pin To Net: NetName=NetQ5_1 Pin=Q5-1
Added Pin To Net: NetName=VCC Pin=Q5-2
Added Pin To Net: NetName=NetC3_104_2 Pin=Q5-3
Added Pin To Net: NetName=NetD15_1 Pin=Q6-1
Added Pin To Net: NetName=NetC3_104_2 Pin=Q6-2
Added Pin To Net: NetName=SGND Pin=Q6-3
Added Pin To Net: NetName=NetD17_1 Pin=Q7-1
Added Pin To Net: NetName=VCC Pin=Q7-2
Added Pin To Net: NetName=NetC3_104_1 Pin=Q7-3
Added Pin To Net: NetName=NetD19_1 Pin=Q8-1
Added Pin To Net: NetName=NetC3_104_1 Pin=Q8-2
Added Pin To Net: NetName=SGND Pin=Q8-3
Added Member To Class: ClassName=Sheet1 Member=Component Q1 IR7843
Added Member To Class: ClassName=Sheet1 Member=Component Q2 IR7843
Added Member To Class: ClassName=Sheet1 Member=Component Q3 IR7843
Added Member To Class: ClassName=Sheet1 Member=Component Q4 IR7843
Added Member To Class: ClassName=Sheet1 Member=Component Q5 IR7843
Added Member To Class: ClassName=Sheet1 Member=Component Q6 IR7843
Added Member To Class: ClassName=Sheet1 Member=Component Q7 IR7843
Added Member To Class: ClassName=Sheet1 Member=Component Q8 IR7843
