Added Component: Designator=C1_100uf(胆电容 - duplicate)
Added Component: Designator=C1_104(0805)
Added Component: Designator=C1_105(0805)
Added Component: Designator=C1_470PF(0805)
Added Component: Designator=C2_0.1u(0805)
Added Component: Designator=C2_105(0805)
Added Component: Designator=C2_470u(CAPR5-4X5)
Added Component: Designator=C2_1005(0805)
Added Component: Designator=C3_0.1u(0805)
Added Component: Designator=C3_104(0805)
Added Component: Designator=C3_470u(CAPR5-4X5)
Added Component: Designator=C4_0.1u(0805)
Added Component: Designator=C4_105(0805)
Added Component: Designator=C4_1005(0805)
Added Component: Designator=C5_0.1u(0805)
Added Component: Designator=C6_0.1u(0805)
Added Component: Designator=C7_0.1u(0805)
Added Component: Designator=C8_0.1u(0805)
Added Component: Designator=C9_0.1u(0805)
Added Component: Designator=C?(CAPR5-4X5)
Added Component: Designator=C_105(0805)
Added Component: Designator=D1(二极管)
Added Component: Designator=D2(二极管)
Added Component: Designator=D3(二极管)
Added Component: Designator=D4(二极管)
Added Component: Designator=D5(二极管)
Added Component: Designator=D6(二极管)
Added Component: Designator=D7(二极管)
Added Component: Designator=D8(二极管)
Added Component: Designator=D9(二极管)
Added Component: Designator=D10(二极管)
Added Component: Designator=D11(二极管)
Added Component: Designator=D12(二极管)
Added Component: Designator=D13(二极管)
Added Component: Designator=D14(二极管)
Added Component: Designator=D15(二极管)
Added Component: Designator=D16(二极管)
Added Component: Designator=D17(二极管)
Added Component: Designator=D18(二极管)
Added Component: Designator=D19(二极管)
Added Component: Designator=D20(二极管)
Added Component: Designator=D(二极管)
Added Component: Designator=K1(K_Press)
Added Component: Designator=K2(K_Press)
Added Component: Designator=K3(K_Press)
Added Component: Designator=K4(K_Press)
Added Component: Designator=K5(K_Press)
Added Component: Designator=K6(K_Press)
Added Component: Designator=K7(K_Press)
Added Component: Designator=K8(K_Press)
Added Component: Designator=K9(K_Press)
Added Component: Designator=L1_220uH(电感8*8)
Added Component: Designator=LED?(LED(0805))
Added Component: Designator=P1(接线端子)
Added Component: Designator=P2(接线端子)
Added Component: Designator=P3(HDR1X5)
Added Component: Designator=P6(HDR1X6)
Added Component: Designator=P?(T型接头)
Added Component: Designator=R1_13k(0805)
Added Component: Designator=R2_1.5k(0805)
Added Component: Designator=R3_180r(0805)
Added Component: Designator=R4_.22r(0805)
Added Component: Designator=R5_20K(0805)
Added Component: Designator=R6_0R(0805)
Added Component: Designator=R7_0R(0805)
Added Component: Designator=R8_10k(0805)
Added Component: Designator=R9_10k(0805)
Added Component: Designator=R10_10K(0805)
Added Component: Designator=R11_10R(0805)
Added Component: Designator=R12_500(0805)
Added Component: Designator=R13_10R(0805)
Added Component: Designator=R14_10K(0805)
Added Component: Designator=R15_500(0805)
Added Component: Designator=R16_10R(0805)
Added Component: Designator=R17_10K(0805)
Added Component: Designator=R18_500(0805)
Added Component: Designator=R19_10R(0805)
Added Component: Designator=R20_10K(0805)
Added Component: Designator=R20_500(0805)
Added Component: Designator=R21_500(0805)
Added Component: Designator=R22_10k(0805)
Added Component: Designator=R23_10k(0805)
Added Component: Designator=R24_10R(0805)
Added Component: Designator=R25_10K(0805)
Added Component: Designator=R26_500(0805)
Added Component: Designator=R27_10R(0805)
Added Component: Designator=R28_10K(0805)
Added Component: Designator=R29_500(0805)
Added Component: Designator=R30_10K(0805)
Added Component: Designator=R30_10R(0805)
Added Component: Designator=R31_10R(0805)
Added Component: Designator=R32_10K(0805)
Added Component: Designator=R32_500(0805)
Added Component: Designator=U1(SO8NB)
Added Component: Designator=U2(HIP4082I)
Added Component: Designator=U3(HIP4082I)
Added Component: Designator=U4(74LS244D)
Added Pin To Net: NetName=VCC Pin=C1_100uf-1
Added Pin To Net: NetName=AGND Pin=C1_100uf-2
Added Pin To Net: NetName=NetC1_470PF_1 Pin=C1_470PF-1
Added Pin To Net: NetName=AGND Pin=C1_470PF-2
Added Pin To Net: NetName=SGND Pin=C2_105-1
Added Pin To Net: NetName=12V Pin=C2_105-2
Added Pin To Net: NetName=VCC Pin=C2_470u-1
Added Pin To Net: NetName=AGND Pin=C2_470u-2
Added Pin To Net: NetName=SGND Pin=C3_0.1u-2
Added Pin To Net: NetName=VCC Pin=C3_470u-1
Added Pin To Net: NetName=AGND Pin=C3_470u-2
Added Pin To Net: NetName=SGND Pin=C5_0.1u-2
Added Pin To Net: NetName=SGND Pin=C7_0.1u-2
Added Pin To Net: NetName=SGND Pin=C9_0.1u-2
Added Pin To Net: NetName=AGND Pin=C?-1
Added Pin To Net: NetName=12V Pin=C?-2
Added Pin To Net: NetName=SGND Pin=C_105-1
Added Pin To Net: NetName=12V Pin=C_105-2
Added Pin To Net: NetName=12V Pin=D1-2
Added Pin To Net: NetName=12V Pin=D2-1
Added Pin To Net: NetName=VCC Pin=D4-2
Added Pin To Net: NetName=VCC Pin=D8-2
Added Pin To Net: NetName=12V Pin=D11-1
Added Pin To Net: NetName=12V Pin=D12-1
Added Pin To Net: NetName=VCC Pin=D14-2
Added Pin To Net: NetName=VCC Pin=D18-2
Added Pin To Net: NetName=12V Pin=D-1
Added Pin To Net: NetName=NetL1_220uH_1 Pin=L1_220uH-1
Added Pin To Net: NetName=VCC Pin=LED?-1
Added Pin To Net: NetName=NetLED?_2 Pin=LED?-2
Added Pin To Net: NetName=PWM2 Pin=P3-4
Added Pin To Net: NetName=PWM1 Pin=P3-5
Added Pin To Net: NetName=VCC Pin=P?-1
Added Pin To Net: NetName=AGND Pin=P?-2
Added Pin To Net: NetName=12V Pin=R1_13k-1
Added Pin To Net: NetName=NetR1_13k_2 Pin=R1_13k-2
Added Pin To Net: NetName=AGND Pin=R2_1.5k-1
Added Pin To Net: NetName=NetR1_13k_2 Pin=R2_1.5k-2
Added Pin To Net: NetName=NetL1_220uH_1 Pin=R3_180r-1
Added Pin To Net: NetName=NetR3_180r_2 Pin=R3_180r-2
Added Pin To Net: NetName=VCC Pin=R4_.22r-1
Added Pin To Net: NetName=NetL1_220uH_1 Pin=R4_.22r-2
Added Pin To Net: NetName=NetLED?_2 Pin=R5_20K-1
Added Pin To Net: NetName=AGND Pin=R5_20K-2
Added Pin To Net: NetName=SGND Pin=R6_0R-1
Added Pin To Net: NetName=AGND Pin=R6_0R-2
Added Pin To Net: NetName=DGND Pin=R7_0R-1
Added Pin To Net: NetName=AGND Pin=R7_0R-2
Added Pin To Net: NetName=DGND Pin=R8_10k-1
Added Pin To Net: NetName=NetR8_10k_2 Pin=R8_10k-2
Added Pin To Net: NetName=DGND Pin=R9_10k-1
Added Pin To Net: NetName=NetR9_10k_2 Pin=R9_10k-2
Added Pin To Net: NetName=VCC Pin=R12_500-1
Added Pin To Net: NetName=SGND Pin=R14_10K-2
Added Pin To Net: NetName=VCC Pin=R18_500-1
Added Pin To Net: NetName=SGND Pin=R20_10K-2
Added Pin To Net: NetName=VCC Pin=R20_500-1
Added Pin To Net: NetName=DGND Pin=R22_10k-1
Added Pin To Net: NetName=DGND Pin=R23_10k-1
Added Pin To Net: NetName=VCC Pin=R26_500-1
Added Pin To Net: NetName=SGND Pin=R28_10K-2
Added Pin To Net: NetName=SGND Pin=R32_10K-2
Added Pin To Net: NetName=AGND Pin=U1-2
Added Pin To Net: NetName=NetC1_470PF_1 Pin=U1-3
Added Pin To Net: NetName=AGND Pin=U1-4
Added Pin To Net: NetName=NetR1_13k_2 Pin=U1-5
Added Pin To Net: NetName=VCC Pin=U1-6
Added Pin To Net: NetName=NetL1_220uH_1 Pin=U1-7
Added Pin To Net: NetName=NetR3_180r_2 Pin=U1-8
Added Pin To Net: NetName=12V Pin=U2-2
Added Pin To Net: NetName=NetR8_10k_2 Pin=U2-5
Added Pin To Net: NetName=DGND Pin=U2-6
Added Pin To Net: NetName=12V Pin=U2-7
Added Pin To Net: NetName=NetR9_10k_2 Pin=U2-8
Added Pin To Net: NetName=12V Pin=U2-12
Added Pin To Net: NetName=12V Pin=U3-2
Added Pin To Net: NetName=DGND Pin=U3-6
Added Pin To Net: NetName=12V Pin=U3-7
Added Pin To Net: NetName=12V Pin=U3-12
Added Pin To Net: NetName=DGND Pin=U4-1
Added Pin To Net: NetName=PWM1 Pin=U4-2
Added Pin To Net: NetName=PWM2 Pin=U4-4
Added Pin To Net: NetName=DGND Pin=U4-10
Added Pin To Net: NetName=5V Pin=P3-1
Added Net: Name=5V
Added Pin To Net: NetName=NetC1_104_1 Pin=C1_104-1
Added Pin To Net: NetName=NetC1_104_1 Pin=C2_1005-2
Added Pin To Net: NetName=NetC1_104_1 Pin=C4_0.1u-2
Added Pin To Net: NetName=NetC1_104_1 Pin=D10-2
Added Pin To Net: NetName=NetC1_104_1 Pin=P1-1
Added Pin To Net: NetName=NetC1_104_1 Pin=R17_10K-2
Added Pin To Net: NetName=NetC1_104_1 Pin=R21_500-1
Added Pin To Net: NetName=NetC1_104_1 Pin=U2-11
Added Net: Name=NetC1_104_1
Added Pin To Net: NetName=NetC1_104_2 Pin=C1_104-2
Added Pin To Net: NetName=NetC1_104_2 Pin=C1_105-2
Added Pin To Net: NetName=NetC1_104_2 Pin=C2_0.1u-2
Added Pin To Net: NetName=NetC1_104_2 Pin=P1-2
Added Pin To Net: NetName=NetC1_104_2 Pin=R10_10K-2
Added Pin To Net: NetName=NetC1_104_2 Pin=U2-15
Added Net: Name=NetC1_104_2
Added Pin To Net: NetName=NetC1_105_1 Pin=C1_105-1
Added Pin To Net: NetName=NetC1_105_1 Pin=D2-2
Added Pin To Net: NetName=NetC1_105_1 Pin=U2-1
Added Net: Name=NetC1_105_1
Added Pin To Net: NetName=NetC2_0.1u_1 Pin=C2_0.1u-1
Added Pin To Net: NetName=NetC2_0.1u_1 Pin=D4-1
Added Pin To Net: NetName=NetC2_0.1u_1 Pin=R12_500-2
Added Net: Name=NetC2_0.1u_1
Added Pin To Net: NetName=NetC2_1005_1 Pin=C2_1005-1
Added Pin To Net: NetName=NetC2_1005_1 Pin=D11-2
Added Pin To Net: NetName=NetC2_1005_1 Pin=U2-9
Added Net: Name=NetC2_1005_1
Added Pin To Net: NetName=NetC3_0.1u_1 Pin=C3_0.1u-1
Added Pin To Net: NetName=NetC3_0.1u_1 Pin=D6-1
Added Pin To Net: NetName=NetC3_0.1u_1 Pin=R15_500-2
Added Net: Name=NetC3_0.1u_1
Added Pin To Net: NetName=NetC3_104_1 Pin=C3_104-1
Added Pin To Net: NetName=NetC3_104_1 Pin=C4_1005-2
Added Pin To Net: NetName=NetC3_104_1 Pin=C6_0.1u-2
Added Pin To Net: NetName=NetC3_104_1 Pin=D20-2
Added Pin To Net: NetName=NetC3_104_1 Pin=P2-1
Added Pin To Net: NetName=NetC3_104_1 Pin=R30_10K-2
Added Pin To Net: NetName=NetC3_104_1 Pin=R32_500-1
Added Pin To Net: NetName=NetC3_104_1 Pin=U3-11
Added Net: Name=NetC3_104_1
Added Pin To Net: NetName=NetC3_104_2 Pin=C3_104-2
Added Pin To Net: NetName=NetC3_104_2 Pin=C4_105-2
Added Pin To Net: NetName=NetC3_104_2 Pin=C8_0.1u-2
Added Pin To Net: NetName=NetC3_104_2 Pin=P2-2
Added Pin To Net: NetName=NetC3_104_2 Pin=R25_10K-2
Added Pin To Net: NetName=NetC3_104_2 Pin=U3-15
Added Net: Name=NetC3_104_2
Added Pin To Net: NetName=NetC4_0.1u_1 Pin=C4_0.1u-1
Added Pin To Net: NetName=NetC4_0.1u_1 Pin=D8-1
Added Pin To Net: NetName=NetC4_0.1u_1 Pin=R18_500-2
Added Net: Name=NetC4_0.1u_1
Added Pin To Net: NetName=NetC4_105_1 Pin=C4_105-1
Added Pin To Net: NetName=NetC4_105_1 Pin=D12-2
Added Pin To Net: NetName=NetC4_105_1 Pin=U3-1
Added Net: Name=NetC4_105_1
Added Pin To Net: NetName=NetC4_1005_1 Pin=C4_1005-1
Added Pin To Net: NetName=NetC4_1005_1 Pin=D-2
Added Pin To Net: NetName=NetC4_1005_1 Pin=U3-9
Added Net: Name=NetC4_1005_1
Added Pin To Net: NetName=NetC5_0.1u_1 Pin=C5_0.1u-1
Added Pin To Net: NetName=NetC5_0.1u_1 Pin=D10-1
Added Pin To Net: NetName=NetC5_0.1u_1 Pin=R21_500-2
Added Net: Name=NetC5_0.1u_1
Added Pin To Net: NetName=NetC6_0.1u_1 Pin=C6_0.1u-1
Added Pin To Net: NetName=NetC6_0.1u_1 Pin=D18-1
Added Pin To Net: NetName=NetC6_0.1u_1 Pin=R20_500-2
Added Net: Name=NetC6_0.1u_1
Added Pin To Net: NetName=NetC7_0.1u_1 Pin=C7_0.1u-1
Added Pin To Net: NetName=NetC7_0.1u_1 Pin=D20-1
Added Pin To Net: NetName=NetC7_0.1u_1 Pin=R32_500-2
Added Net: Name=NetC7_0.1u_1
Added Pin To Net: NetName=NetC8_0.1u_1 Pin=C8_0.1u-1
Added Pin To Net: NetName=NetC8_0.1u_1 Pin=D14-1
Added Pin To Net: NetName=NetC8_0.1u_1 Pin=R26_500-2
Added Net: Name=NetC8_0.1u_1
Added Pin To Net: NetName=NetC9_0.1u_1 Pin=C9_0.1u-1
Added Pin To Net: NetName=NetC9_0.1u_1 Pin=D16-1
Added Pin To Net: NetName=NetC9_0.1u_1 Pin=R29_500-2
Added Net: Name=NetC9_0.1u_1
Added Pin To Net: NetName=NetD1_1 Pin=D1-1
Added Pin To Net: NetName=NetD1_1 Pin=L1_220uH-2
Added Pin To Net: NetName=NetD1_1 Pin=U1-1
Added Net: Name=NetD1_1
Added Pin To Net: NetName=NetD3_2 Pin=D3-2
Added Pin To Net: NetName=NetD3_2 Pin=R11_10R-1
Added Pin To Net: NetName=NetD3_2 Pin=U2-16
Added Net: Name=NetD3_2
Added Pin To Net: NetName=NetD5_1 Pin=D5-1
Added Pin To Net: NetName=NetD5_1 Pin=R13_10R-2
Added Pin To Net: NetName=NetD5_1 Pin=R14_10K-1
Added Net: Name=NetD5_1
Added Pin To Net: NetName=NetD5_2 Pin=D5-2
Added Pin To Net: NetName=NetD5_2 Pin=R13_10R-1
Added Pin To Net: NetName=NetD5_2 Pin=U2-14
Added Net: Name=NetD5_2
Added Pin To Net: NetName=NetD6_2 Pin=D6-2
Added Pin To Net: NetName=NetD6_2 Pin=R15_500-1
Added Net: Name=NetD6_2
Added Pin To Net: NetName=NetD7_1 Pin=D7-1
Added Pin To Net: NetName=NetD7_1 Pin=R16_10R-2
Added Pin To Net: NetName=NetD7_1 Pin=R17_10K-1
Added Net: Name=NetD7_1
Added Pin To Net: NetName=NetD7_2 Pin=D7-2
Added Pin To Net: NetName=NetD7_2 Pin=R16_10R-1
Added Pin To Net: NetName=NetD7_2 Pin=U2-10
Added Net: Name=NetD7_2
Added Pin To Net: NetName=NetD9_1 Pin=D9-1
Added Pin To Net: NetName=NetD9_1 Pin=R19_10R-2
Added Pin To Net: NetName=NetD9_1 Pin=R20_10K-1
Added Net: Name=NetD9_1
Added Pin To Net: NetName=NetD9_2 Pin=D9-2
Added Pin To Net: NetName=NetD9_2 Pin=R19_10R-1
Added Pin To Net: NetName=NetD9_2 Pin=U2-13
Added Net: Name=NetD9_2
Added Pin To Net: NetName=NetD13_2 Pin=D13-2
Added Pin To Net: NetName=NetD13_2 Pin=R24_10R-1
Added Pin To Net: NetName=NetD13_2 Pin=U3-16
Added Net: Name=NetD13_2
Added Pin To Net: NetName=NetD15_1 Pin=D15-1
Added Pin To Net: NetName=NetD15_1 Pin=R27_10R-2
Added Pin To Net: NetName=NetD15_1 Pin=R28_10K-1
Added Net: Name=NetD15_1
Added Pin To Net: NetName=NetD15_2 Pin=D15-2
Added Pin To Net: NetName=NetD15_2 Pin=R27_10R-1
Added Pin To Net: NetName=NetD15_2 Pin=U3-14
Added Net: Name=NetD15_2
Added Pin To Net: NetName=NetD16_2 Pin=D16-2
Added Pin To Net: NetName=NetD16_2 Pin=R29_500-1
Added Net: Name=NetD16_2
Added Pin To Net: NetName=NetD17_1 Pin=D17-1
Added Pin To Net: NetName=NetD17_1 Pin=R30_10K-1
Added Pin To Net: NetName=NetD17_1 Pin=R30_10R-2
Added Net: Name=NetD17_1
Added Pin To Net: NetName=NetD17_2 Pin=D17-2
Added Pin To Net: NetName=NetD17_2 Pin=R30_10R-1
Added Pin To Net: NetName=NetD17_2 Pin=U3-10
Added Net: Name=NetD17_2
Added Pin To Net: NetName=NetD19_1 Pin=D19-1
Added Pin To Net: NetName=NetD19_1 Pin=R31_10R-2
Added Pin To Net: NetName=NetD19_1 Pin=R32_10K-1
Added Net: Name=NetD19_1
Added Pin To Net: NetName=NetD19_2 Pin=D19-2
Added Pin To Net: NetName=NetD19_2 Pin=R31_10R-1
Added Pin To Net: NetName=NetD19_2 Pin=U3-13
Added Net: Name=NetD19_2
Added Pin To Net: NetName=NetQ1_1 Pin=R10_10K-1
Added Pin To Net: NetName=NetQ1_1 Pin=R11_10R-2
Added Net: Name=NetQ1_1
Added Pin To Net: NetName=NetQ5_1 Pin=R24_10R-2
Added Pin To Net: NetName=NetQ5_1 Pin=R25_10K-1
Added Net: Name=NetQ5_1
Added Pin To Net: NetName=NetR22_10k_2 Pin=R22_10k-2
Added Pin To Net: NetName=NetR22_10k_2 Pin=U3-5
Added Net: Name=NetR22_10k_2
Added Pin To Net: NetName=NetR23_10k_2 Pin=R23_10k-2
Added Pin To Net: NetName=NetR23_10k_2 Pin=U3-8
Added Net: Name=NetR23_10k_2
Added Pin To Net: NetName=PWM3 Pin=P3-3
Added Pin To Net: NetName=PWM3 Pin=U4-6
Added Net: Name=PWM3
Added Pin To Net: NetName=PWM4 Pin=P3-2
Added Pin To Net: NetName=PWM4 Pin=U4-8
Added Net: Name=PWM4
Added Pin To Net: NetName=PWMOUT1 Pin=U2-3
Added Pin To Net: NetName=PWMOUT1 Pin=U4-18
Added Net: Name=PWMOUT1
Added Pin To Net: NetName=PWMOUT2 Pin=U2-4
Added Pin To Net: NetName=PWMOUT2 Pin=U4-16
Added Net: Name=PWMOUT2
Added Pin To Net: NetName=PWMOUT3 Pin=U3-3
Added Pin To Net: NetName=PWMOUT3 Pin=U4-14
Added Net: Name=PWMOUT3
Added Pin To Net: NetName=PWMOUT4 Pin=U3-4
Added Pin To Net: NetName=PWMOUT4 Pin=U4-12
Added Net: Name=PWMOUT4
Added Member To Class: ClassName=Sheet1 Member=Component C1_100uf Cap Pol1
Added Member To Class: ClassName=Sheet1 Member=Component C1_104 Cap
Added Member To Class: ClassName=Sheet1 Member=Component C1_105 Cap
Added Member To Class: ClassName=Sheet1 Member=Component C1_470PF 470pF
Added Member To Class: ClassName=Sheet1 Member=Component C2_0.1u Cap
Added Member To Class: ClassName=Sheet1 Member=Component C2_105 Cap
Added Member To Class: ClassName=Sheet1 Member=Component C2_470u Cap2
Added Member To Class: ClassName=Sheet1 Member=Component C2_1005 Cap
Added Member To Class: ClassName=Sheet1 Member=Component C3_0.1u Cap
Added Member To Class: ClassName=Sheet1 Member=Component C3_104 Cap
Added Member To Class: ClassName=Sheet1 Member=Component C3_470u Cap2
Added Member To Class: ClassName=Sheet1 Member=Component C4_0.1u Cap
Added Member To Class: ClassName=Sheet1 Member=Component C4_105 Cap
Added Member To Class: ClassName=Sheet1 Member=Component C4_1005 Cap
Added Member To Class: ClassName=Sheet1 Member=Component C5_0.1u Cap
Added Member To Class: ClassName=Sheet1 Member=Component C6_0.1u Cap
Added Member To Class: ClassName=Sheet1 Member=Component C7_0.1u Cap
Added Member To Class: ClassName=Sheet1 Member=Component C8_0.1u Cap
Added Member To Class: ClassName=Sheet1 Member=Component C9_0.1u Cap
Added Member To Class: ClassName=Sheet1 Member=Component C? Cap2
Added Member To Class: ClassName=Sheet1 Member=Component C_105 Cap
Added Member To Class: ClassName=Sheet1 Member=Component D1 二极管
Added Member To Class: ClassName=Sheet1 Member=Component D2 二极管
Added Member To Class: ClassName=Sheet1 Member=Component D3 二极管
Added Member To Class: ClassName=Sheet1 Member=Component D4 二极管
Added Member To Class: ClassName=Sheet1 Member=Component D5 二极管
Added Member To Class: ClassName=Sheet1 Member=Component D6 二极管
Added Member To Class: ClassName=Sheet1 Member=Component D7 二极管
Added Member To Class: ClassName=Sheet1 Member=Component D8 二极管
Added Member To Class: ClassName=Sheet1 Member=Component D9 二极管
Added Member To Class: ClassName=Sheet1 Member=Component D10 二极管
Added Member To Class: ClassName=Sheet1 Member=Component D11 二极管
Added Member To Class: ClassName=Sheet1 Member=Component D12 二极管
Added Member To Class: ClassName=Sheet1 Member=Component D13 二极管
Added Member To Class: ClassName=Sheet1 Member=Component D14 二极管
Added Member To Class: ClassName=Sheet1 Member=Component D15 二极管
Added Member To Class: ClassName=Sheet1 Member=Component D16 二极管
Added Member To Class: ClassName=Sheet1 Member=Component D17 二极管
Added Member To Class: ClassName=Sheet1 Member=Component D18 二极管
Added Member To Class: ClassName=Sheet1 Member=Component D19 二极管
Added Member To Class: ClassName=Sheet1 Member=Component D20 二极管
Added Member To Class: ClassName=Sheet1 Member=Component D 二极管
Added Member To Class: ClassName=Sheet1 Member=Component K1 Key Press
Added Member To Class: ClassName=Sheet1 Member=Component K2 Key Press
Added Member To Class: ClassName=Sheet1 Member=Component K3 Key Press
Added Member To Class: ClassName=Sheet1 Member=Component K4 Key Press
Added Member To Class: ClassName=Sheet1 Member=Component K5 Key Press
Added Member To Class: ClassName=Sheet1 Member=Component K6 Key Press
Added Member To Class: ClassName=Sheet1 Member=Component K7 Key Press
Added Member To Class: ClassName=Sheet1 Member=Component K8 Key Press
Added Member To Class: ClassName=Sheet1 Member=Component K9 Key Press
Added Member To Class: ClassName=Sheet1 Member=Component L1_220uH Inductor
Added Member To Class: ClassName=Sheet1 Member=Component LED? LED
Added Member To Class: ClassName=Sheet1 Member=Component P1 接线端子
Added Member To Class: ClassName=Sheet1 Member=Component P2 接线端子
Added Member To Class: ClassName=Sheet1 Member=Component P3 Header 5
Added Member To Class: ClassName=Sheet1 Member=Component P6 Header 6
Added Member To Class: ClassName=Sheet1 Member=Component P? 电源接线端子
Added Member To Class: ClassName=Sheet1 Member=Component R1_13k 0k
Added Member To Class: ClassName=Sheet1 Member=Component R2_1.5k 0k
Added Member To Class: ClassName=Sheet1 Member=Component R3_180r 0k
Added Member To Class: ClassName=Sheet1 Member=Component R4_.22r 
Added Member To Class: ClassName=Sheet1 Member=Component R5_20K 0k
Added Member To Class: ClassName=Sheet1 Member=Component R6_0R 0k
Added Member To Class: ClassName=Sheet1 Member=Component R7_0R 0k
Added Member To Class: ClassName=Sheet1 Member=Component R8_10k 0k
Added Member To Class: ClassName=Sheet1 Member=Component R9_10k 0k
Added Member To Class: ClassName=Sheet1 Member=Component R10_10K 0k
Added Member To Class: ClassName=Sheet1 Member=Component R11_10R 0k
Added Member To Class: ClassName=Sheet1 Member=Component R12_500 0k
Added Member To Class: ClassName=Sheet1 Member=Component R13_10R 0k
Added Member To Class: ClassName=Sheet1 Member=Component R14_10K 0k
Added Member To Class: ClassName=Sheet1 Member=Component R15_500 0k
Added Member To Class: ClassName=Sheet1 Member=Component R16_10R 0k
Added Member To Class: ClassName=Sheet1 Member=Component R17_10K 0k
Added Member To Class: ClassName=Sheet1 Member=Component R18_500 0k
Added Member To Class: ClassName=Sheet1 Member=Component R19_10R 0k
Added Member To Class: ClassName=Sheet1 Member=Component R20_10K 0k
Added Member To Class: ClassName=Sheet1 Member=Component R20_500 0k
Added Member To Class: ClassName=Sheet1 Member=Component R21_500 0k
Added Member To Class: ClassName=Sheet1 Member=Component R22_10k 0k
Added Member To Class: ClassName=Sheet1 Member=Component R23_10k 0k
Added Member To Class: ClassName=Sheet1 Member=Component R24_10R 0k
Added Member To Class: ClassName=Sheet1 Member=Component R25_10K 0k
Added Member To Class: ClassName=Sheet1 Member=Component R26_500 0k
Added Member To Class: ClassName=Sheet1 Member=Component R27_10R 0k
Added Member To Class: ClassName=Sheet1 Member=Component R28_10K 0k
Added Member To Class: ClassName=Sheet1 Member=Component R29_500 0k
Added Member To Class: ClassName=Sheet1 Member=Component R30_10K 0k
Added Member To Class: ClassName=Sheet1 Member=Component R30_10R 0k
Added Member To Class: ClassName=Sheet1 Member=Component R31_10R 0k
Added Member To Class: ClassName=Sheet1 Member=Component R32_10K 0k
Added Member To Class: ClassName=Sheet1 Member=Component R32_500 0k
Added Member To Class: ClassName=Sheet1 Member=Component U1 MC34063
Added Member To Class: ClassName=Sheet1 Member=Component U2 HIP4082I
Added Member To Class: ClassName=Sheet1 Member=Component U3 HIP4082I
Added Member To Class: ClassName=Sheet1 Member=Component U4 74LS244
Added Room: Name=Sheet1
