Added Pin To Net: NetName=NetQ1_1 Pin=D3-1
Change Net Name : Old Net Name=NetQ1_1 New Net Name=NetD3_1
Added Pin To Net: NetName=NetK1_1 Pin=K1-1
Added Pin To Net: NetName=NetK1_1 Pin=K2-1
Added Pin To Net: NetName=NetK1_1 Pin=K3-1
Added Pin To Net: NetName=NetK1_1 Pin=P6-6
Added Net: Name=NetK1_1
Added Pin To Net: NetName=NetK1_2 Pin=K1-2
Added Pin To Net: NetName=NetK1_2 Pin=K4-2
Added Pin To Net: NetName=NetK1_2 Pin=K7-2
Added Pin To Net: NetName=NetK1_2 Pin=P6-3
Added Net: Name=NetK1_2
Added Pin To Net: NetName=NetK2_2 Pin=K2-2
Added Pin To Net: NetName=NetK2_2 Pin=K5-2
Added Pin To Net: NetName=NetK2_2 Pin=K8-2
Added Pin To Net: NetName=NetK2_2 Pin=P6-2
Added Net: Name=NetK2_2
Added Pin To Net: NetName=NetK3_2 Pin=K3-2
Added Pin To Net: NetName=NetK3_2 Pin=K6-2
Added Pin To Net: NetName=NetK3_2 Pin=K9-2
Added Pin To Net: NetName=NetK3_2 Pin=P6-1
Added Net: Name=NetK3_2
Added Pin To Net: NetName=NetK4_1 Pin=K4-1
Added Pin To Net: NetName=NetK4_1 Pin=K5-1
Added Pin To Net: NetName=NetK4_1 Pin=K6-1
Added Pin To Net: NetName=NetK4_1 Pin=P6-5
Added Net: Name=NetK4_1
Added Pin To Net: NetName=NetK7_1 Pin=K7-1
Added Pin To Net: NetName=NetK7_1 Pin=K8-1
Added Pin To Net: NetName=NetK7_1 Pin=K9-1
Added Pin To Net: NetName=NetK7_1 Pin=P6-4
Added Net: Name=NetK7_1
Added Room: Name=Sheet1
