Removed Pin From Net: NetName=AGND Pin=C2-1
Removed Pin From Net: NetName=12V Pin=C2-2
Removed Member From Class: ClassName=Sheet1 Member=C2
Change Component Comment : Designator=Q5 Old Comment= New Comment=IR7843
Change Component Comment : Designator=Q6 Old Comment= New Comment=IR7843
Change Component Comment : Designator=D1 Old Comment= New Comment=二极管
Change Component Comment : Designator=D3 Old Comment= New Comment=二极管
Change Component Comment : Designator=D4 Old Comment= New Comment=二极管
Change Component Comment : Designator=D5 Old Comment= New Comment=二极管
Change Component Comment : Designator=D6 Old Comment= New Comment=二极管
Change Component Comment : Designator=D7 Old Comment= New Comment=二极管
Change Component Comment : Designator=D8 Old Comment= New Comment=二极管
Change Component Comment : Designator=D9 Old Comment= New Comment=二极管
Change Component Comment : Designator=D10 Old Comment= New Comment=二极管
Change Component Comment : Designator=D11 Old Comment= New Comment=二极管
Change Component Comment : Designator=D12 Old Comment= New Comment=二极管
Change Component Comment : Designator=D13 Old Comment= New Comment=二极管
Change Component Comment : Designator=D14 Old Comment= New Comment=二极管
Change Component Comment : Designator=D15 Old Comment= New Comment=二极管
Change Component Comment : Designator=D16 Old Comment= New Comment=二极管
Change Component Comment : Designator=D17 Old Comment= New Comment=二极管
Change Component Comment : Designator=D18 Old Comment= New Comment=二极管
Change Component Comment : Designator=D19 Old Comment= New Comment=二极管
Change Component Comment : Designator=D20 Old Comment= New Comment=二极管
Change Component Comment : Designator=D Old Comment= New Comment=二极管
Added Component: Designator=C29(ED6.3)
Added Pin To Net: NetName=12V Pin=C29-1
Added Pin To Net: NetName=AGND Pin=C29-2
Added Member To Class: ClassName=Sheet1 Member=Component C29 固态贴片电容
Added Room: Name=Sheet1
