Added Component: Designator=C1(0805)
Added Component: Designator=C2_470u(CAPR5-4X5)
Added Component: Designator=C2(ED6.3)
Added Component: Designator=C3(pol cap(10uF))
Added Component: Designator=C4(0805)
Added Component: Designator=C5(0805)
Added Component: Designator=C6(0805)
Added Component: Designator=C11(ED6.3)
Added Component: Designator=C12(0805)
Added Component: Designator=C13(0805)
Added Component: Designator=C14(0805)
Added Component: Designator=C15(0805)
Added Component: Designator=C20(0805)
Added Component: Designator=D1(二极管)
Added Component: Designator=D2(二极管)
Added Component: Designator=D11(二极管)
Added Component: Designator=D12(二极管)
Added Component: Designator=D(二极管)
Added Component: Designator=L1_220uH(电感8*8)
Added Component: Designator=LED?(LED(0805))
Added Component: Designator=P1(接线端子)
Added Component: Designator=P2(接线端子)
Added Component: Designator=P3(HDR1X5)
Added Component: Designator=P?(T型接头)
Added Component: Designator=Q1(TO-252  mos管)
Added Component: Designator=Q2(TO-252  mos管)
Added Component: Designator=Q3(TO-252  mos管)
Added Component: Designator=Q4(TO-252  mos管)
Added Component: Designator=Q5(TO-252  mos管)
Added Component: Designator=Q6(TO-252  mos管)
Added Component: Designator=Q7(TO-252  mos管)
Added Component: Designator=Q8(TO-252  mos管)
Added Component: Designator=R1(0805)
Added Component: Designator=R2(0805)
Added Component: Designator=R3(0805)
Added Component: Designator=R4(0805)
Added Component: Designator=R5(0603)
Added Component: Designator=R6(0603)
Added Component: Designator=R7(0603)
Added Component: Designator=R8(0603)
Added Component: Designator=R9(0603)
Added Component: Designator=R10(0603)
Added Component: Designator=R11(0603)
Added Component: Designator=R13(0603)
Added Component: Designator=R14(0603)
Added Component: Designator=R16(0603)
Added Component: Designator=R17(0603)
Added Component: Designator=R19(0603)
Added Component: Designator=R20(0603)
Added Component: Designator=R22(0603)
Added Component: Designator=R23(0603)
Added Component: Designator=R24(0603)
Added Component: Designator=R25(0603)
Added Component: Designator=R27(0603)
Added Component: Designator=R28(0603)
Added Component: Designator=R30(0603)
Added Component: Designator=R31(0603)
Added Component: Designator=R33(0603)
Added Component: Designator=R34(0603)
Added Component: Designator=R35(0603)
Added Component: Designator=R36(0603)
Added Component: Designator=T1(LED(0805))
Added Component: Designator=T2(LED(0805))
Added Component: Designator=T3(LED(0805))
Added Component: Designator=T4(LED(0805))
Added Component: Designator=T5(LED(0805))
Added Component: Designator=T6(LED(0805))
Added Component: Designator=T7(LED(0805))
Added Component: Designator=T8(LED(0805))
Added Component: Designator=U1(SO8NB)
Added Component: Designator=U2(HIP4082I)
Added Component: Designator=U3(HIP4082I)
Added Component: Designator=U4(74LS244D)
Added Pin To Net: NetName=5V Pin=P3-1
Added Pin To Net: NetName=5V Pin=U4-20
Added Net: Name=5V
Added Pin To Net: NetName=12V Pin=C2-1
Added Pin To Net: NetName=12V Pin=C4-2
Added Pin To Net: NetName=12V Pin=C13-2
Added Pin To Net: NetName=12V Pin=D1-2
Added Pin To Net: NetName=12V Pin=D2-1
Added Pin To Net: NetName=12V Pin=D11-1
Added Pin To Net: NetName=12V Pin=D12-1
Added Pin To Net: NetName=12V Pin=D-1
Added Pin To Net: NetName=12V Pin=R3-1
Added Pin To Net: NetName=12V Pin=U2-2
Added Pin To Net: NetName=12V Pin=U2-7
Added Pin To Net: NetName=12V Pin=U2-12
Added Pin To Net: NetName=12V Pin=U3-2
Added Pin To Net: NetName=12V Pin=U3-7
Added Pin To Net: NetName=12V Pin=U3-12
Added Net: Name=12V
Added Pin To Net: NetName=AGND Pin=C1-2
Added Pin To Net: NetName=AGND Pin=C2-2
Added Pin To Net: NetName=AGND Pin=C2_470u-2
Added Pin To Net: NetName=AGND Pin=C3-2
Added Pin To Net: NetName=AGND Pin=C4-1
Added Pin To Net: NetName=AGND Pin=C11-2
Added Pin To Net: NetName=AGND Pin=C13-1
Added Pin To Net: NetName=AGND Pin=P?-2
Added Pin To Net: NetName=AGND Pin=R4-1
Added Pin To Net: NetName=AGND Pin=R5-2
Added Pin To Net: NetName=AGND Pin=R7-2
Added Pin To Net: NetName=AGND Pin=U1-2
Added Pin To Net: NetName=AGND Pin=U1-4
Added Net: Name=AGND
Added Pin To Net: NetName=DGND Pin=R8-1
Added Pin To Net: NetName=DGND Pin=R9-1
Added Pin To Net: NetName=DGND Pin=R22-1
Added Pin To Net: NetName=DGND Pin=R23-1
Added Pin To Net: NetName=DGND Pin=R35-2
Added Pin To Net: NetName=DGND Pin=U2-6
Added Pin To Net: NetName=DGND Pin=U3-6
Added Pin To Net: NetName=DGND Pin=U4-1
Added Pin To Net: NetName=DGND Pin=U4-10
Added Net: Name=DGND
Added Pin To Net: NetName=GND Pin=R5-1
Added Pin To Net: NetName=GND Pin=R6-1
Added Pin To Net: NetName=GND Pin=R35-1
Added Pin To Net: NetName=GND Pin=R36-1
Added Net: Name=GND
Added Pin To Net: NetName=NetC1_1 Pin=C1-1
Added Pin To Net: NetName=NetC1_1 Pin=U1-3
Added Net: Name=NetC1_1
Added Pin To Net: NetName=NetC5_1 Pin=C5-1
Added Pin To Net: NetName=NetC5_1 Pin=D12-2
Added Pin To Net: NetName=NetC5_1 Pin=U3-1
Added Net: Name=NetC5_1
Added Pin To Net: NetName=NetC5_2 Pin=C5-2
Added Pin To Net: NetName=NetC5_2 Pin=C12-2
Added Pin To Net: NetName=NetC5_2 Pin=P2-2
Added Pin To Net: NetName=NetC5_2 Pin=Q5-3
Added Pin To Net: NetName=NetC5_2 Pin=Q6-2
Added Pin To Net: NetName=NetC5_2 Pin=R25-2
Added Pin To Net: NetName=NetC5_2 Pin=U3-15
Added Net: Name=NetC5_2
Added Pin To Net: NetName=NetC6_1 Pin=C6-1
Added Pin To Net: NetName=NetC6_1 Pin=D-2
Added Pin To Net: NetName=NetC6_1 Pin=U3-9
Added Net: Name=NetC6_1
Added Pin To Net: NetName=NetC6_2 Pin=C6-2
Added Pin To Net: NetName=NetC6_2 Pin=C12-1
Added Pin To Net: NetName=NetC6_2 Pin=P2-1
Added Pin To Net: NetName=NetC6_2 Pin=Q7-3
Added Pin To Net: NetName=NetC6_2 Pin=Q8-2
Added Pin To Net: NetName=NetC6_2 Pin=R31-2
Added Pin To Net: NetName=NetC6_2 Pin=U3-11
Added Net: Name=NetC6_2
Added Pin To Net: NetName=NetC14_1 Pin=C14-1
Added Pin To Net: NetName=NetC14_1 Pin=D2-2
Added Pin To Net: NetName=NetC14_1 Pin=U2-1
Added Net: Name=NetC14_1
Added Pin To Net: NetName=NetC14_2 Pin=C14-2
Added Pin To Net: NetName=NetC14_2 Pin=C20-2
Added Pin To Net: NetName=NetC14_2 Pin=P1-2
Added Pin To Net: NetName=NetC14_2 Pin=Q1-3
Added Pin To Net: NetName=NetC14_2 Pin=Q2-2
Added Pin To Net: NetName=NetC14_2 Pin=R10-2
Added Pin To Net: NetName=NetC14_2 Pin=U2-15
Added Net: Name=NetC14_2
Added Pin To Net: NetName=NetC15_1 Pin=C15-1
Added Pin To Net: NetName=NetC15_1 Pin=D11-2
Added Pin To Net: NetName=NetC15_1 Pin=U2-9
Added Net: Name=NetC15_1
Added Pin To Net: NetName=NetC15_2 Pin=C15-2
Added Pin To Net: NetName=NetC15_2 Pin=C20-1
Added Pin To Net: NetName=NetC15_2 Pin=P1-1
Added Pin To Net: NetName=NetC15_2 Pin=Q3-3
Added Pin To Net: NetName=NetC15_2 Pin=Q4-2
Added Pin To Net: NetName=NetC15_2 Pin=R17-2
Added Pin To Net: NetName=NetC15_2 Pin=U2-11
Added Net: Name=NetC15_2
Added Pin To Net: NetName=NetD1_1 Pin=D1-1
Added Pin To Net: NetName=NetD1_1 Pin=L1_220uH-2
Added Pin To Net: NetName=NetD1_1 Pin=U1-1
Added Net: Name=NetD1_1
Added Pin To Net: NetName=NetL1_220uH_1 Pin=L1_220uH-1
Added Pin To Net: NetName=NetL1_220uH_1 Pin=R1-2
Added Pin To Net: NetName=NetL1_220uH_1 Pin=R2-1
Added Pin To Net: NetName=NetL1_220uH_1 Pin=U1-7
Added Net: Name=NetL1_220uH_1
Added Pin To Net: NetName=NetLED?_2 Pin=LED?-2
Added Pin To Net: NetName=NetLED?_2 Pin=R7-1
Added Net: Name=NetLED?_2
Added Pin To Net: NetName=NetQ1_1 Pin=Q1-1
Added Pin To Net: NetName=NetQ1_1 Pin=R10-1
Added Pin To Net: NetName=NetQ1_1 Pin=R11-2
Added Pin To Net: NetName=NetQ1_1 Pin=T5-1
Added Net: Name=NetQ1_1
Added Pin To Net: NetName=NetQ2_1 Pin=Q2-1
Added Pin To Net: NetName=NetQ2_1 Pin=R13-2
Added Pin To Net: NetName=NetQ2_1 Pin=R14-1
Added Pin To Net: NetName=NetQ2_1 Pin=T6-1
Added Net: Name=NetQ2_1
Added Pin To Net: NetName=NetQ3_1 Pin=Q3-1
Added Pin To Net: NetName=NetQ3_1 Pin=R16-2
Added Pin To Net: NetName=NetQ3_1 Pin=R17-1
Added Pin To Net: NetName=NetQ3_1 Pin=T7-1
Added Net: Name=NetQ3_1
Added Pin To Net: NetName=NetQ4_1 Pin=Q4-1
Added Pin To Net: NetName=NetQ4_1 Pin=R19-2
Added Pin To Net: NetName=NetQ4_1 Pin=R20-1
Added Pin To Net: NetName=NetQ4_1 Pin=T8-1
Added Net: Name=NetQ4_1
Added Pin To Net: NetName=NetQ5_1 Pin=Q5-1
Added Pin To Net: NetName=NetQ5_1 Pin=R24-2
Added Pin To Net: NetName=NetQ5_1 Pin=R25-1
Added Pin To Net: NetName=NetQ5_1 Pin=T2-1
Added Net: Name=NetQ5_1
Added Pin To Net: NetName=NetQ6_1 Pin=Q6-1
Added Pin To Net: NetName=NetQ6_1 Pin=R27-2
Added Pin To Net: NetName=NetQ6_1 Pin=R28-1
Added Pin To Net: NetName=NetQ6_1 Pin=T1-1
Added Net: Name=NetQ6_1
Added Pin To Net: NetName=NetQ7_1 Pin=Q7-1
Added Pin To Net: NetName=NetQ7_1 Pin=R30-2
Added Pin To Net: NetName=NetQ7_1 Pin=R31-1
Added Pin To Net: NetName=NetQ7_1 Pin=T3-1
Added Net: Name=NetQ7_1
Added Pin To Net: NetName=NetQ8_1 Pin=Q8-1
Added Pin To Net: NetName=NetQ8_1 Pin=R33-2
Added Pin To Net: NetName=NetQ8_1 Pin=R34-1
Added Pin To Net: NetName=NetQ8_1 Pin=T4-1
Added Net: Name=NetQ8_1
Added Pin To Net: NetName=NetR2_2 Pin=R2-2
Added Pin To Net: NetName=NetR2_2 Pin=U1-8
Added Net: Name=NetR2_2
Added Pin To Net: NetName=NetR3_2 Pin=R3-2
Added Pin To Net: NetName=NetR3_2 Pin=R4-2
Added Pin To Net: NetName=NetR3_2 Pin=U1-5
Added Net: Name=NetR3_2
Added Pin To Net: NetName=NetR8_2 Pin=R8-2
Added Pin To Net: NetName=NetR8_2 Pin=U2-5
Added Net: Name=NetR8_2
Added Pin To Net: NetName=NetR9_2 Pin=R9-2
Added Pin To Net: NetName=NetR9_2 Pin=U2-8
Added Net: Name=NetR9_2
Added Pin To Net: NetName=NetR11_1 Pin=R11-1
Added Pin To Net: NetName=NetR11_1 Pin=T5-2
Added Pin To Net: NetName=NetR11_1 Pin=U2-16
Added Net: Name=NetR11_1
Added Pin To Net: NetName=NetR13_1 Pin=R13-1
Added Pin To Net: NetName=NetR13_1 Pin=T6-2
Added Pin To Net: NetName=NetR13_1 Pin=U2-14
Added Net: Name=NetR13_1
Added Pin To Net: NetName=NetR16_1 Pin=R16-1
Added Pin To Net: NetName=NetR16_1 Pin=T7-2
Added Pin To Net: NetName=NetR16_1 Pin=U2-10
Added Net: Name=NetR16_1
Added Pin To Net: NetName=NetR19_1 Pin=R19-1
Added Pin To Net: NetName=NetR19_1 Pin=T8-2
Added Pin To Net: NetName=NetR19_1 Pin=U2-13
Added Net: Name=NetR19_1
Added Pin To Net: NetName=NetR22_2 Pin=R22-2
Added Pin To Net: NetName=NetR22_2 Pin=U3-5
Added Net: Name=NetR22_2
Added Pin To Net: NetName=NetR23_2 Pin=R23-2
Added Pin To Net: NetName=NetR23_2 Pin=U3-8
Added Net: Name=NetR23_2
Added Pin To Net: NetName=NetR24_1 Pin=R24-1
Added Pin To Net: NetName=NetR24_1 Pin=T2-2
Added Pin To Net: NetName=NetR24_1 Pin=U3-16
Added Net: Name=NetR24_1
Added Pin To Net: NetName=NetR27_1 Pin=R27-1
Added Pin To Net: NetName=NetR27_1 Pin=T1-2
Added Pin To Net: NetName=NetR27_1 Pin=U3-14
Added Net: Name=NetR27_1
Added Pin To Net: NetName=NetR30_1 Pin=R30-1
Added Pin To Net: NetName=NetR30_1 Pin=T3-2
Added Pin To Net: NetName=NetR30_1 Pin=U3-10
Added Net: Name=NetR30_1
Added Pin To Net: NetName=NetR33_1 Pin=R33-1
Added Pin To Net: NetName=NetR33_1 Pin=T4-2
Added Pin To Net: NetName=NetR33_1 Pin=U3-13
Added Net: Name=NetR33_1
Added Pin To Net: NetName=PGND Pin=Q2-3
Added Pin To Net: NetName=PGND Pin=Q4-3
Added Pin To Net: NetName=PGND Pin=Q6-3
Added Pin To Net: NetName=PGND Pin=Q8-3
Added Pin To Net: NetName=PGND Pin=R6-2
Added Pin To Net: NetName=PGND Pin=R14-2
Added Pin To Net: NetName=PGND Pin=R20-2
Added Pin To Net: NetName=PGND Pin=R28-2
Added Pin To Net: NetName=PGND Pin=R34-2
Added Pin To Net: NetName=PGND Pin=R36-2
Added Net: Name=PGND
Added Pin To Net: NetName=PWM1 Pin=P3-5
Added Pin To Net: NetName=PWM1 Pin=U4-2
Added Net: Name=PWM1
Added Pin To Net: NetName=PWM2 Pin=P3-4
Added Pin To Net: NetName=PWM2 Pin=U4-4
Added Net: Name=PWM2
Added Pin To Net: NetName=PWM3 Pin=P3-3
Added Pin To Net: NetName=PWM3 Pin=U4-6
Added Net: Name=PWM3
Added Pin To Net: NetName=PWM4 Pin=P3-2
Added Pin To Net: NetName=PWM4 Pin=U4-8
Added Net: Name=PWM4
Added Pin To Net: NetName=PWMOUT1 Pin=U2-3
Added Pin To Net: NetName=PWMOUT1 Pin=U4-18
Added Net: Name=PWMOUT1
Added Pin To Net: NetName=PWMOUT2 Pin=U2-4
Added Pin To Net: NetName=PWMOUT2 Pin=U4-16
Added Net: Name=PWMOUT2
Added Pin To Net: NetName=PWMOUT3 Pin=U3-3
Added Pin To Net: NetName=PWMOUT3 Pin=U4-14
Added Net: Name=PWMOUT3
Added Pin To Net: NetName=PWMOUT4 Pin=U3-4
Added Pin To Net: NetName=PWMOUT4 Pin=U4-12
Added Net: Name=PWMOUT4
Added Pin To Net: NetName=VCC Pin=C2_470u-1
Added Pin To Net: NetName=VCC Pin=C3-1
Added Pin To Net: NetName=VCC Pin=C11-1
Added Pin To Net: NetName=VCC Pin=LED?-1
Added Pin To Net: NetName=VCC Pin=P?-1
Added Pin To Net: NetName=VCC Pin=Q1-2
Added Pin To Net: NetName=VCC Pin=Q3-2
Added Pin To Net: NetName=VCC Pin=Q5-2
Added Pin To Net: NetName=VCC Pin=Q7-2
Added Pin To Net: NetName=VCC Pin=R1-1
Added Pin To Net: NetName=VCC Pin=U1-6
Added Net: Name=VCC
Added Class: Name=Sheet1
Added Room: Name=Sheet1
